19:22:13.196 INFO  manager.ApplicationManager - All tests run inFirefoxBroweser
19:22:13.388 INFO  manager.WDListener - url-->https://telranedu.web.app/home
19:22:13.936 INFO  manager.ApplicationManager - The link--->https://telranedu.web.app/home
19:22:13.943 INFO  manager.TestNGListener - Start test: Wed Mar 12 19:22:13 IST 2025
19:22:13.954 INFO  tests.TestBase - Name of method ---> loginSuccess
19:22:18.972 INFO  tests.TestBase - Before method finished logout
19:22:18.973 INFO  manager.TestNGListener - Start test: LoginTests.loginSuccess(java.lang.String,java.lang.String)[pri:0, instance:tests.LoginTests@4426bff1]
19:22:18.974 INFO  manager.WDListener - Before find element
19:22:18.986 INFO  manager.WDListener - After find element
19:22:19.230 INFO  manager.WDListener - Before find element
19:22:19.243 INFO  manager.WDListener - After find element
19:22:19.520 INFO  manager.WDListener - Before find element
19:22:19.527 INFO  manager.WDListener - After find element
19:22:19.762 INFO  tests.TestBase - Test data-->sonicboom@gmail.comPassword--->Snow123456!
19:22:19.762 INFO  manager.WDListener - Before find element
19:22:19.769 INFO  manager.WDListener - After find element
19:22:20.876 INFO  tests.TestBase - End
19:22:20.877 INFO  manager.TestNGListener - Start test: null
19:22:20.878 INFO  tests.TestBase - Name of method ---> loginSuccess
19:22:20.884 INFO  manager.WDListener - Before find element
19:22:20.889 INFO  manager.WDListener - After find element
19:22:21.169 INFO  tests.TestBase - Before method finished logout
19:22:21.170 INFO  manager.TestNGListener - Start test: LoginTests.loginSuccess(java.lang.String,java.lang.String)[pri:0, instance:tests.LoginTests@4426bff1]
19:22:21.170 INFO  manager.WDListener - Before find element
19:22:21.208 INFO  manager.WDListener - After find element
19:22:21.418 INFO  manager.WDListener - Before find element
19:22:21.425 INFO  manager.WDListener - After find element
19:22:21.659 INFO  manager.WDListener - Before find element
19:22:21.665 INFO  manager.WDListener - After find element
19:22:21.903 INFO  tests.TestBase - Test data-->sonicboom@gmail.comPassword--->Snow123456!
19:22:21.904 INFO  manager.WDListener - Before find element
19:22:21.911 INFO  manager.WDListener - After find element
19:22:22.186 INFO  tests.TestBase - End
19:22:22.187 INFO  manager.TestNGListener - Start test: null
19:22:22.187 INFO  tests.TestBase - Name of method ---> loginSuccess
19:22:22.193 INFO  manager.WDListener - Before find element
19:22:22.199 INFO  manager.WDListener - After find element
19:22:22.408 INFO  tests.TestBase - Before method finished logout
19:22:22.409 INFO  manager.TestNGListener - Start test: LoginTests.loginSuccess(java.lang.String,java.lang.String)[pri:0, instance:tests.LoginTests@4426bff1]
19:22:22.409 INFO  manager.WDListener - Before find element
19:22:22.416 INFO  manager.WDListener - After find element
19:22:22.626 INFO  manager.WDListener - Before find element
19:22:22.635 INFO  manager.WDListener - After find element
19:22:22.875 INFO  manager.WDListener - Before find element
19:22:22.884 INFO  manager.WDListener - After find element
19:22:23.116 INFO  tests.TestBase - Test data-->sonicboom@gmail.comPassword--->Snow123456!
19:22:23.116 INFO  manager.WDListener - Before find element
19:22:23.126 INFO  manager.WDListener - After find element
19:22:23.398 INFO  tests.TestBase - End
19:22:23.399 INFO  manager.TestNGListener - Start test: null
19:22:23.399 INFO  tests.TestBase - Name of method ---> loginSuccessModelDataProvider
19:22:23.405 INFO  manager.WDListener - Before find element
19:22:23.412 INFO  manager.WDListener - After find element
19:22:23.622 INFO  tests.TestBase - Before method finished logout
19:22:23.623 INFO  manager.TestNGListener - Start test: LoginTests.loginSuccessModelDataProvider(models.User)[pri:0, instance:tests.LoginTests@4426bff1]
19:22:23.623 INFO  tests.TestBase - Test data-->User{, email='sonicboom@gmail.com', password='Snow123456!'}
19:22:23.624 INFO  manager.WDListener - Before find element
19:22:23.630 INFO  manager.WDListener - After find element
19:22:23.842 INFO  manager.WDListener - Before find element
19:22:23.847 INFO  manager.WDListener - After find element
19:22:24.083 INFO  manager.WDListener - Before find element
19:22:24.089 INFO  manager.WDListener - After find element
19:22:24.318 INFO  manager.WDListener - Before find element
19:22:24.324 INFO  manager.WDListener - After find element
19:22:24.591 INFO  manager.TestNGListener - Start test: null
19:22:24.592 INFO  tests.TestBase - Name of method ---> loginSuccessModelDataProvider
19:22:24.599 INFO  manager.WDListener - Before find element
19:22:24.605 INFO  manager.WDListener - After find element
19:22:24.821 INFO  tests.TestBase - Before method finished logout
19:22:24.821 INFO  manager.TestNGListener - Start test: LoginTests.loginSuccessModelDataProvider(models.User)[pri:0, instance:tests.LoginTests@4426bff1]
19:22:24.821 INFO  tests.TestBase - Test data-->User{, email='sonicboom@gmail.com', password='Snow123456!'}
19:22:24.821 INFO  manager.WDListener - Before find element
19:22:24.828 INFO  manager.WDListener - After find element
19:22:25.039 INFO  manager.WDListener - Before find element
19:22:25.044 INFO  manager.WDListener - After find element
19:22:25.275 INFO  manager.WDListener - Before find element
19:22:25.281 INFO  manager.WDListener - After find element
19:22:25.509 INFO  manager.WDListener - Before find element
19:22:25.514 INFO  manager.WDListener - After find element
19:22:25.793 INFO  manager.TestNGListener - Start test: null
19:22:25.795 INFO  tests.TestBase - Name of method ---> loginSuccessModelDataProvider
19:22:25.806 INFO  manager.WDListener - Before find element
19:22:25.814 INFO  manager.WDListener - After find element
19:22:26.029 INFO  tests.TestBase - Before method finished logout
19:22:26.030 INFO  manager.TestNGListener - Start test: LoginTests.loginSuccessModelDataProvider(models.User)[pri:0, instance:tests.LoginTests@4426bff1]
19:22:26.030 INFO  tests.TestBase - Test data-->User{, email='sonicboom@gmail.com', password='Snow123456!'}
19:22:26.030 INFO  manager.WDListener - Before find element
19:22:26.036 INFO  manager.WDListener - After find element
19:22:26.253 INFO  manager.WDListener - Before find element
19:22:26.262 INFO  manager.WDListener - After find element
19:22:26.504 INFO  manager.WDListener - Before find element
19:22:26.509 INFO  manager.WDListener - After find element
19:22:26.738 INFO  manager.WDListener - Before find element
19:22:26.744 INFO  manager.WDListener - After find element
19:22:27.019 INFO  manager.TestNGListener - Start test: null
19:22:27.020 INFO  tests.TestBase - Name of method ---> loginSuccessModelDataproviderCSV
19:22:27.026 INFO  manager.WDListener - Before find element
19:22:27.030 INFO  manager.WDListener - After find element
19:22:27.239 INFO  tests.TestBase - Before method finished logout
19:22:27.240 INFO  manager.TestNGListener - Start test: LoginTests.loginSuccessModelDataproviderCSV(models.User)[pri:0, instance:tests.LoginTests@4426bff1]
19:22:30.245 INFO  tests.TestBase - Test data-->User{, email='sonicboom@gmail.com', password='Snow123456!'}
19:22:30.246 INFO  manager.WDListener - Before find element
19:22:30.257 INFO  manager.WDListener - After find element
19:22:30.472 INFO  manager.WDListener - Before find element
19:22:30.479 INFO  manager.WDListener - After find element
19:22:30.718 INFO  manager.WDListener - Before find element
19:22:30.722 INFO  manager.WDListener - After find element
19:22:30.948 INFO  manager.WDListener - Before find element
19:22:30.952 INFO  manager.WDListener - After find element
19:22:34.180 INFO  manager.TestNGListener - Start test: null
19:22:34.181 INFO  tests.TestBase - Name of method ---> loginSuccessModelDataproviderCSV
19:22:34.186 INFO  manager.WDListener - Before find element
19:22:34.191 INFO  manager.WDListener - After find element
19:22:34.407 INFO  tests.TestBase - Before method finished logout
19:22:34.408 INFO  manager.TestNGListener - Start test: LoginTests.loginSuccessModelDataproviderCSV(models.User)[pri:0, instance:tests.LoginTests@4426bff1]
19:22:37.410 INFO  tests.TestBase - Test data-->User{, email='sonicboom@gmail.com', password='Snow123456!'}
19:22:37.411 INFO  manager.WDListener - Before find element
19:22:37.416 INFO  manager.WDListener - After find element
19:22:37.625 INFO  manager.WDListener - Before find element
19:22:37.630 INFO  manager.WDListener - After find element
19:22:37.862 INFO  manager.WDListener - Before find element
19:22:37.867 INFO  manager.WDListener - After find element
19:22:38.110 INFO  manager.WDListener - Before find element
19:22:38.115 INFO  manager.WDListener - After find element
19:22:41.340 INFO  manager.TestNGListener - Start test: null
19:22:41.341 INFO  tests.TestBase - Name of method ---> loginSuccessModelDataproviderCSV
19:22:41.346 INFO  manager.WDListener - Before find element
19:22:41.352 INFO  manager.WDListener - After find element
19:22:41.573 INFO  tests.TestBase - Before method finished logout
19:22:41.574 INFO  manager.TestNGListener - Start test: LoginTests.loginSuccessModelDataproviderCSV(models.User)[pri:0, instance:tests.LoginTests@4426bff1]
19:22:44.575 INFO  tests.TestBase - Test data-->User{, email='sonicboom@gmail.com', password='Snow123456!'}
19:22:44.575 INFO  manager.WDListener - Before find element
19:22:44.590 INFO  manager.WDListener - After find element
19:22:44.818 INFO  manager.WDListener - Before find element
19:22:44.845 INFO  manager.WDListener - After find element
19:22:45.145 INFO  manager.WDListener - Before find element
19:22:45.150 INFO  manager.WDListener - After find element
19:22:45.385 INFO  manager.WDListener - Before find element
19:22:45.390 INFO  manager.WDListener - After find element
19:22:48.624 INFO  manager.TestNGListener - Start test: null
19:22:48.627 INFO  tests.TestBase - Name of method ---> loginUnregisteredUser
19:22:48.632 INFO  manager.WDListener - Before find element
19:22:48.637 INFO  manager.WDListener - After find element
19:22:48.869 INFO  tests.TestBase - Before method finished logout
19:22:48.871 INFO  manager.TestNGListener - Start test: LoginTests.loginUnregisteredUser()[pri:0, instance:tests.LoginTests@4426bff1]
19:22:48.871 INFO  tests.TestBase - Test data--> email:sonicboom@gmail.com & password:Snow123456!
19:22:48.872 INFO  manager.WDListener - Before find element
19:22:48.881 INFO  manager.WDListener - After find element
19:22:49.096 INFO  manager.WDListener - Before find element
19:22:49.103 INFO  manager.WDListener - After find element
19:22:49.386 INFO  manager.WDListener - Before find element
19:22:49.393 INFO  manager.WDListener - After find element
19:22:49.634 INFO  manager.WDListener - Before find element
19:22:49.638 INFO  manager.WDListener - After find element
19:22:49.864 INFO  manager.WDListener - Huston, we have a problem!!!
19:22:49.864 INFO  manager.WDListener - !!!!!!!!!!!!
19:22:49.864 INFO  manager.WDListener - Object target:org.openqa.selenium.remote.RemoteWebDriver$RemoteTargetLocator@b5c6a30
19:22:49.864 INFO  manager.WDListener - Method name: alert
19:22:49.865 INFO  manager.WDListener - InvocationTargetException: org.openqa.selenium.NoAlertPresentException: Build info: version: '4.16.1', revision: '9b4c83354e'
System info: os.name: 'Mac OS X', os.arch: 'aarch64', os.version: '13.2', java.version: '17.0.12'
Driver info: org.openqa.selenium.firefox.FirefoxDriver
Command: [7b6ff685-ea5b-4c37-a84d-a32c643ab3ba, getAlertText {}]
Capabilities {acceptInsecureCerts: true, browserName: firefox, browserVersion: 136.0, moz:accessibilityChecks: false, moz:buildID: 20250227124745, moz:geckodriverVersion: 0.36.0, moz:headless: false, moz:platformVersion: 22.3.0, moz:processID: 56284, moz:profile: /var/folders/pr/6xtyzzbd321..., moz:shutdownTimeout: 60000, moz:webdriverClick: true, moz:windowless: false, pageLoadStrategy: normal, platformName: mac, proxy: Proxy(), setWindowRect: true, strictFileInteractability: false, timeouts: {implicit: 0, pageLoad: 300000, script: 30000}, unhandledPromptBehavior: dismiss and notify, userAgent: Mozilla/5.0 (Macintosh; Int...}
Session ID: 7b6ff685-ea5b-4c37-a84d-a32c643ab3ba
19:22:49.865 INFO  manager.WDListener - Screen with error is --->src/test/screenshots/screen_1863.png
19:22:55.134 INFO  tests.TestBase - Assert check is alert Wrong email or password
19:22:55.135 INFO  manager.TestNGListener - Start test: null
19:22:55.135 INFO  tests.TestBase - Name of method ---> loginWrongEmail
19:23:00.144 INFO  tests.TestBase - Before method finished logout
19:23:00.145 INFO  manager.TestNGListener - Start test: LoginTests.loginWrongEmail()[pri:0, instance:tests.LoginTests@4426bff1]
19:23:00.145 INFO  tests.TestBase - Test data--> email:sonicboom@gmail.com & password:Snow123456!
19:23:00.145 INFO  manager.WDListener - Before find element
19:23:00.152 INFO  manager.WDListener - After find element
19:23:00.370 INFO  manager.WDListener - Before find element
19:23:00.379 INFO  manager.WDListener - After find element
19:23:00.622 INFO  manager.WDListener - Before find element
19:23:00.629 INFO  manager.WDListener - After find element
19:23:00.860 INFO  manager.WDListener - Before find element
19:23:00.865 INFO  manager.WDListener - After find element
19:23:01.081 INFO  manager.WDListener - Huston, we have a problem!!!
19:23:01.081 INFO  manager.WDListener - !!!!!!!!!!!!
19:23:01.082 INFO  manager.WDListener - Object target:org.openqa.selenium.remote.RemoteWebDriver$RemoteTargetLocator@45292ec1
19:23:01.082 INFO  manager.WDListener - Method name: alert
19:23:01.082 INFO  manager.WDListener - InvocationTargetException: org.openqa.selenium.NoAlertPresentException: Build info: version: '4.16.1', revision: '9b4c83354e'
System info: os.name: 'Mac OS X', os.arch: 'aarch64', os.version: '13.2', java.version: '17.0.12'
Driver info: org.openqa.selenium.firefox.FirefoxDriver
Command: [7b6ff685-ea5b-4c37-a84d-a32c643ab3ba, getAlertText {}]
Capabilities {acceptInsecureCerts: true, browserName: firefox, browserVersion: 136.0, moz:accessibilityChecks: false, moz:buildID: 20250227124745, moz:geckodriverVersion: 0.36.0, moz:headless: false, moz:platformVersion: 22.3.0, moz:processID: 56284, moz:profile: /var/folders/pr/6xtyzzbd321..., moz:shutdownTimeout: 60000, moz:webdriverClick: true, moz:windowless: false, pageLoadStrategy: normal, platformName: mac, proxy: Proxy(), setWindowRect: true, strictFileInteractability: false, timeouts: {implicit: 0, pageLoad: 300000, script: 30000}, unhandledPromptBehavior: dismiss and notify, userAgent: Mozilla/5.0 (Macintosh; Int...}
Session ID: 7b6ff685-ea5b-4c37-a84d-a32c643ab3ba
19:23:01.082 INFO  manager.WDListener - Screen with error is --->src/test/screenshots/screen_1914.png
19:23:05.622 INFO  tests.TestBase - Assert check is alert Wrong email or password
19:23:05.623 INFO  manager.TestNGListener - Start test: null
19:23:05.624 INFO  tests.TestBase - Name of method ---> loginWrongPassword
19:23:10.630 INFO  tests.TestBase - Before method finished logout
19:23:10.631 INFO  manager.TestNGListener - Start test: LoginTests.loginWrongPassword()[pri:0, instance:tests.LoginTests@4426bff1]
19:23:10.632 INFO  tests.TestBase - Test data--> email:sonicboom@gmail.com & password:Snow123456
19:23:10.632 INFO  manager.WDListener - Before find element
19:23:10.638 INFO  manager.WDListener - After find element
19:23:10.852 INFO  manager.WDListener - Before find element
19:23:10.861 INFO  manager.WDListener - After find element
19:23:11.092 INFO  manager.WDListener - Before find element
19:23:11.096 INFO  manager.WDListener - After find element
19:23:11.325 INFO  manager.WDListener - Before find element
19:23:11.329 INFO  manager.WDListener - After find element
19:23:11.542 INFO  manager.WDListener - Huston, we have a problem!!!
19:23:11.542 INFO  manager.WDListener - !!!!!!!!!!!!
19:23:11.542 INFO  manager.WDListener - Object target:org.openqa.selenium.remote.RemoteWebDriver$RemoteTargetLocator@353f472a
19:23:11.542 INFO  manager.WDListener - Method name: alert
19:23:11.542 INFO  manager.WDListener - InvocationTargetException: org.openqa.selenium.NoAlertPresentException: Build info: version: '4.16.1', revision: '9b4c83354e'
System info: os.name: 'Mac OS X', os.arch: 'aarch64', os.version: '13.2', java.version: '17.0.12'
Driver info: org.openqa.selenium.firefox.FirefoxDriver
Command: [7b6ff685-ea5b-4c37-a84d-a32c643ab3ba, getAlertText {}]
Capabilities {acceptInsecureCerts: true, browserName: firefox, browserVersion: 136.0, moz:accessibilityChecks: false, moz:buildID: 20250227124745, moz:geckodriverVersion: 0.36.0, moz:headless: false, moz:platformVersion: 22.3.0, moz:processID: 56284, moz:profile: /var/folders/pr/6xtyzzbd321..., moz:shutdownTimeout: 60000, moz:webdriverClick: true, moz:windowless: false, pageLoadStrategy: normal, platformName: mac, proxy: Proxy(), setWindowRect: true, strictFileInteractability: false, timeouts: {implicit: 0, pageLoad: 300000, script: 30000}, unhandledPromptBehavior: dismiss and notify, userAgent: Mozilla/5.0 (Macintosh; Int...}
Session ID: 7b6ff685-ea5b-4c37-a84d-a32c643ab3ba
19:23:11.542 INFO  manager.WDListener - Screen with error is --->src/test/screenshots/screen_1079.png
19:23:16.073 INFO  tests.TestBase - Assert check is alert Wrong email or password
19:23:16.073 INFO  manager.TestNGListener - Start test: null
19:23:16.075 INFO  manager.TestNGListener - End test: Nopackage
