18:30:34.288 INFO  manager.ApplicationManager - All tests run in Chrome Browser
18:30:34.332 INFO  manager.WDListener - url-->https://telranedu.web.app/home
18:30:34.986 INFO  manager.ApplicationManager - The link--->https://telranedu.web.app/home
18:30:34.996 INFO  manager.TestNGListener - Start test: Wed Mar 05 18:30:34 IST 2025
18:30:40.044 INFO  manager.WDListener - Before find element
18:30:40.072 INFO  manager.WDListener - After find element
18:30:40.114 INFO  manager.WDListener - Before find element
18:30:40.127 INFO  manager.WDListener - After find element
18:30:40.262 INFO  manager.WDListener - Before find element
18:30:40.273 INFO  manager.WDListener - After find element
18:30:40.344 INFO  manager.WDListener - Before find element
18:30:40.355 INFO  manager.WDListener - After find element
18:30:40.385 INFO  tests.TestBase - Name of method ---> addNewContactEmptyAddress
18:30:40.386 INFO  manager.TestNGListener - Start test: AddcontactTests.addNewContactEmptyAddress()[pri:0, instance:tests.AddcontactTests@73db4768]
18:30:41.388 INFO  manager.WDListener - Before find element
18:30:41.413 INFO  manager.WDListener - After find element
18:30:41.451 INFO  manager.WDListener - Before find element
18:30:41.463 INFO  manager.WDListener - After find element
18:30:41.540 INFO  manager.WDListener - Before find element
18:30:41.551 INFO  manager.WDListener - After find element
18:30:41.626 INFO  manager.WDListener - Before find element
18:30:41.637 INFO  manager.WDListener - After find element
18:30:41.712 INFO  manager.WDListener - Before find element
18:30:41.722 INFO  manager.WDListener - After find element
18:30:41.798 INFO  manager.WDListener - Before find element
18:30:41.809 INFO  manager.WDListener - After find element
18:30:41.868 INFO  manager.WDListener - Before find element
18:30:41.881 INFO  manager.WDListener - After find element
18:30:47.955 INFO  manager.WDListener - Before find element
18:30:47.971 INFO  manager.WDListener - After find element
18:30:48.026 INFO  manager.TestNGListener - Start test: null
18:30:48.028 INFO  tests.TestBase - Name of method ---> addNewContactEmptyLastName
18:30:48.029 INFO  manager.TestNGListener - Start test: AddcontactTests.addNewContactEmptyLastName()[pri:0, instance:tests.AddcontactTests@73db4768]
18:30:49.033 INFO  manager.WDListener - Before find element
18:30:49.044 INFO  manager.WDListener - After find element
18:30:49.074 INFO  manager.WDListener - Before find element
18:30:49.087 INFO  manager.WDListener - After find element
18:30:49.163 INFO  manager.WDListener - Before find element
18:30:49.171 INFO  manager.WDListener - After find element
18:30:49.240 INFO  manager.WDListener - Before find element
18:30:49.247 INFO  manager.WDListener - After find element
18:30:49.321 INFO  manager.WDListener - Before find element
18:30:49.329 INFO  manager.WDListener - After find element
18:30:49.404 INFO  manager.WDListener - Before find element
18:30:49.411 INFO  manager.WDListener - After find element
18:30:49.482 INFO  manager.WDListener - Before find element
18:30:49.489 INFO  manager.WDListener - After find element
18:30:55.567 INFO  manager.WDListener - Before find element
18:30:55.582 INFO  manager.WDListener - After find element
18:30:55.640 INFO  manager.TestNGListener - Start test: null
18:30:55.640 INFO  tests.TestBase - Name of method ---> addNewContactEmptyName
18:30:55.641 INFO  manager.TestNGListener - Start test: AddcontactTests.addNewContactEmptyName()[pri:0, instance:tests.AddcontactTests@73db4768]
18:30:56.644 INFO  manager.WDListener - Before find element
18:30:56.653 INFO  manager.WDListener - After find element
18:30:56.680 INFO  manager.WDListener - Before find element
18:30:56.691 INFO  manager.WDListener - After find element
18:30:56.776 INFO  manager.WDListener - Before find element
18:30:56.784 INFO  manager.WDListener - After find element
18:30:56.878 INFO  manager.WDListener - Before find element
18:30:56.889 INFO  manager.WDListener - After find element
18:30:56.992 INFO  manager.WDListener - Before find element
18:30:57.002 INFO  manager.WDListener - After find element
18:30:57.085 INFO  manager.WDListener - Before find element
18:30:57.092 INFO  manager.WDListener - After find element
18:30:57.186 INFO  manager.WDListener - Before find element
18:30:57.195 INFO  manager.WDListener - After find element
18:31:03.276 INFO  manager.WDListener - Before find element
18:31:03.285 INFO  manager.WDListener - After find element
18:31:03.346 INFO  manager.TestNGListener - Start test: null
18:31:03.347 INFO  tests.TestBase - Name of method ---> addNewContactEmptyNumber
18:31:03.347 INFO  manager.TestNGListener - Start test: AddcontactTests.addNewContactEmptyNumber()[pri:0, instance:tests.AddcontactTests@73db4768]
18:31:04.352 INFO  manager.WDListener - Before find element
18:31:04.373 INFO  manager.WDListener - After find element
18:31:04.417 INFO  manager.WDListener - Before find element
18:31:04.427 INFO  manager.WDListener - After find element
18:31:04.515 INFO  manager.WDListener - Before find element
18:31:04.523 INFO  manager.WDListener - After find element
18:31:04.609 INFO  manager.WDListener - Before find element
18:31:04.617 INFO  manager.WDListener - After find element
18:31:04.680 INFO  manager.WDListener - Before find element
18:31:04.686 INFO  manager.WDListener - After find element
18:31:04.767 INFO  manager.WDListener - Before find element
18:31:04.775 INFO  manager.WDListener - After find element
18:31:04.857 INFO  manager.WDListener - Before find element
18:31:04.865 INFO  manager.WDListener - After find element
18:31:10.954 INFO  manager.WDListener - Before find element
18:31:10.971 INFO  manager.WDListener - After find element
18:31:11.024 INFO  manager.WDListener - Huston, we have a problem!!!
18:31:11.024 INFO  manager.WDListener - !!!!!!!!!!!!
18:31:11.024 INFO  manager.WDListener - Object target:org.openqa.selenium.remote.RemoteWebDriver$RemoteTargetLocator@487cd177
18:31:11.024 INFO  manager.WDListener - Method name: alert
18:31:11.025 INFO  manager.WDListener - InvocationTargetException: org.openqa.selenium.NoAlertPresentException: no such alert
  (Session info: chrome=134.0.6998.45)
Build info: version: '4.16.1', revision: '9b4c83354e'
System info: os.name: 'Mac OS X', os.arch: 'aarch64', os.version: '13.2', java.version: '11.0.26'
Driver info: org.openqa.selenium.chrome.ChromeDriver
Command: [7b163e7cabbeac22a2ef55f36d7808b3, getAlertText {}]
Capabilities {acceptInsecureCerts: false, browserName: chrome, browserVersion: 134.0.6998.45, chrome: {chromedriverVersion: 134.0.6998.35 (ea6ef4c2ac15..., userDataDir: /var/folders/pr/6xtyzzbd321...}, fedcm:accounts: true, goog:chromeOptions: {debuggerAddress: localhost:53509}, networkConnectionEnabled: false, pageLoadStrategy: normal, platformName: mac, proxy: Proxy(), se:cdp: ws://localhost:53509/devtoo..., se:cdpVersion: 134.0.6998.45, setWindowRect: true, strictFileInteractability: false, timeouts: {implicit: 0, pageLoad: 300000, script: 30000}, unhandledPromptBehavior: dismiss and notify, webauthn:extension:credBlob: true, webauthn:extension:largeBlob: true, webauthn:extension:minPinLength: true, webauthn:extension:prf: true, webauthn:virtualAuthenticators: true}
Session ID: 7b163e7cabbeac22a2ef55f36d7808b3
18:31:11.025 INFO  manager.WDListener - Screen with error is --->src/test/screenshots/screen_1451.png
18:31:15.553 INFO  manager.TestNGListener - Start test: null
18:31:15.554 INFO  tests.TestBase - Name of method ---> addNewContactSuccessFull
18:31:15.555 INFO  manager.TestNGListener - Start test: AddcontactTests.addNewContactSuccessFull()[pri:0, instance:tests.AddcontactTests@73db4768]
18:31:16.559 INFO  manager.WDListener - Before find element
18:31:16.569 INFO  manager.WDListener - After find element
18:31:16.602 INFO  manager.WDListener - Before find element
18:31:16.610 INFO  manager.WDListener - After find element
18:31:16.695 INFO  manager.WDListener - Before find element
18:31:16.702 INFO  manager.WDListener - After find element
18:31:16.780 INFO  manager.WDListener - Before find element
18:31:16.786 INFO  manager.WDListener - After find element
18:31:16.856 INFO  manager.WDListener - Before find element
18:31:16.864 INFO  manager.WDListener - After find element
18:31:16.944 INFO  manager.WDListener - Before find element
18:31:16.951 INFO  manager.WDListener - After find element
18:31:17.029 INFO  manager.WDListener - Before find element
18:31:17.037 INFO  manager.WDListener - After find element
18:31:23.235 INFO  manager.WDListener - Before find element
18:31:23.246 INFO  manager.WDListener - After find element
18:31:24.345 INFO  manager.TestNGListener - Start test: null
18:31:24.345 INFO  tests.TestBase - Name of method ---> addNewContactSuccessPartly
18:31:24.345 INFO  manager.TestNGListener - Start test: AddcontactTests.addNewContactSuccessPartly()[pri:0, instance:tests.AddcontactTests@73db4768]
18:31:25.351 INFO  manager.WDListener - Before find element
18:31:25.367 INFO  manager.WDListener - After find element
18:31:25.411 INFO  manager.WDListener - Before find element
18:31:25.419 INFO  manager.WDListener - After find element
18:31:25.487 INFO  manager.WDListener - Before find element
18:31:25.494 INFO  manager.WDListener - After find element
18:31:25.560 INFO  manager.WDListener - Before find element
18:31:25.566 INFO  manager.WDListener - After find element
18:31:25.632 INFO  manager.WDListener - Before find element
18:31:25.641 INFO  manager.WDListener - After find element
18:31:25.710 INFO  manager.WDListener - Before find element
18:31:25.716 INFO  manager.WDListener - After find element
18:31:25.781 INFO  manager.WDListener - Before find element
18:31:25.787 INFO  manager.WDListener - After find element
18:31:31.845 INFO  manager.WDListener - Before find element
18:31:31.857 INFO  manager.WDListener - After find element
18:31:32.969 INFO  manager.TestNGListener - Start test: null
18:31:32.970 INFO  tests.TestBase - Name of method ---> addNewContactWrongEmail
18:31:32.970 INFO  manager.TestNGListener - Start test: AddcontactTests.addNewContactWrongEmail()[pri:0, instance:tests.AddcontactTests@73db4768]
18:31:33.975 INFO  manager.WDListener - Before find element
18:31:33.991 INFO  manager.WDListener - After find element
18:31:34.030 INFO  manager.WDListener - Before find element
18:31:34.039 INFO  manager.WDListener - After find element
18:31:34.110 INFO  manager.WDListener - Before find element
18:31:34.116 INFO  manager.WDListener - After find element
18:31:34.181 INFO  manager.WDListener - Before find element
18:31:34.187 INFO  manager.WDListener - After find element
18:31:34.254 INFO  manager.WDListener - Before find element
18:31:34.261 INFO  manager.WDListener - After find element
18:31:34.332 INFO  manager.WDListener - Before find element
18:31:34.338 INFO  manager.WDListener - After find element
18:31:34.406 INFO  manager.WDListener - Before find element
18:31:34.413 INFO  manager.WDListener - After find element
18:31:40.484 INFO  manager.WDListener - Before find element
18:31:40.501 INFO  manager.WDListener - After find element
18:31:40.540 INFO  manager.WDListener - Huston, we have a problem!!!
18:31:40.540 INFO  manager.WDListener - !!!!!!!!!!!!
18:31:40.540 INFO  manager.WDListener - Object target:org.openqa.selenium.remote.RemoteWebDriver$RemoteTargetLocator@677cb96e
18:31:40.540 INFO  manager.WDListener - Method name: alert
18:31:40.540 INFO  manager.WDListener - InvocationTargetException: org.openqa.selenium.NoAlertPresentException: no such alert
  (Session info: chrome=134.0.6998.45)
Build info: version: '4.16.1', revision: '9b4c83354e'
System info: os.name: 'Mac OS X', os.arch: 'aarch64', os.version: '13.2', java.version: '11.0.26'
Driver info: org.openqa.selenium.chrome.ChromeDriver
Command: [7b163e7cabbeac22a2ef55f36d7808b3, getAlertText {}]
Capabilities {acceptInsecureCerts: false, browserName: chrome, browserVersion: 134.0.6998.45, chrome: {chromedriverVersion: 134.0.6998.35 (ea6ef4c2ac15..., userDataDir: /var/folders/pr/6xtyzzbd321...}, fedcm:accounts: true, goog:chromeOptions: {debuggerAddress: localhost:53509}, networkConnectionEnabled: false, pageLoadStrategy: normal, platformName: mac, proxy: Proxy(), se:cdp: ws://localhost:53509/devtoo..., se:cdpVersion: 134.0.6998.45, setWindowRect: true, strictFileInteractability: false, timeouts: {implicit: 0, pageLoad: 300000, script: 30000}, unhandledPromptBehavior: dismiss and notify, webauthn:extension:credBlob: true, webauthn:extension:largeBlob: true, webauthn:extension:minPinLength: true, webauthn:extension:prf: true, webauthn:virtualAuthenticators: true}
Session ID: 7b163e7cabbeac22a2ef55f36d7808b3
18:31:40.540 INFO  manager.WDListener - Screen with error is --->src/test/screenshots/screen_1284.png
18:31:45.064 INFO  manager.TestNGListener - Start test: null
18:31:45.066 INFO  tests.TestBase - Name of method ---> addNewContactWrongNumber
18:31:45.067 INFO  manager.TestNGListener - Start test: AddcontactTests.addNewContactWrongNumber()[pri:0, instance:tests.AddcontactTests@73db4768]
18:31:46.073 INFO  manager.WDListener - Before find element
18:31:46.083 INFO  manager.WDListener - After find element
18:31:46.109 INFO  manager.WDListener - Before find element
18:31:46.116 INFO  manager.WDListener - After find element
18:31:46.196 INFO  manager.WDListener - Before find element
18:31:46.203 INFO  manager.WDListener - After find element
18:31:46.275 INFO  manager.WDListener - Before find element
18:31:46.282 INFO  manager.WDListener - After find element
18:31:46.357 INFO  manager.WDListener - Before find element
18:31:46.363 INFO  manager.WDListener - After find element
18:31:46.438 INFO  manager.WDListener - Before find element
18:31:46.445 INFO  manager.WDListener - After find element
18:31:46.518 INFO  manager.WDListener - Before find element
18:31:46.525 INFO  manager.WDListener - After find element
18:31:52.600 INFO  manager.WDListener - Before find element
18:31:52.617 INFO  manager.WDListener - After find element
18:31:52.657 INFO  manager.WDListener - Huston, we have a problem!!!
18:31:52.657 INFO  manager.WDListener - !!!!!!!!!!!!
18:31:52.657 INFO  manager.WDListener - Object target:org.openqa.selenium.remote.RemoteWebDriver$RemoteTargetLocator@762405bf
18:31:52.657 INFO  manager.WDListener - Method name: alert
18:31:52.657 INFO  manager.WDListener - InvocationTargetException: org.openqa.selenium.NoAlertPresentException: no such alert
  (Session info: chrome=134.0.6998.45)
Build info: version: '4.16.1', revision: '9b4c83354e'
System info: os.name: 'Mac OS X', os.arch: 'aarch64', os.version: '13.2', java.version: '11.0.26'
Driver info: org.openqa.selenium.chrome.ChromeDriver
Command: [7b163e7cabbeac22a2ef55f36d7808b3, getAlertText {}]
Capabilities {acceptInsecureCerts: false, browserName: chrome, browserVersion: 134.0.6998.45, chrome: {chromedriverVersion: 134.0.6998.35 (ea6ef4c2ac15..., userDataDir: /var/folders/pr/6xtyzzbd321...}, fedcm:accounts: true, goog:chromeOptions: {debuggerAddress: localhost:53509}, networkConnectionEnabled: false, pageLoadStrategy: normal, platformName: mac, proxy: Proxy(), se:cdp: ws://localhost:53509/devtoo..., se:cdpVersion: 134.0.6998.45, setWindowRect: true, strictFileInteractability: false, timeouts: {implicit: 0, pageLoad: 300000, script: 30000}, unhandledPromptBehavior: dismiss and notify, webauthn:extension:credBlob: true, webauthn:extension:largeBlob: true, webauthn:extension:minPinLength: true, webauthn:extension:prf: true, webauthn:virtualAuthenticators: true}
Session ID: 7b163e7cabbeac22a2ef55f36d7808b3
18:31:52.657 INFO  manager.WDListener - Screen with error is --->src/test/screenshots/screen_1825.png
18:31:57.178 INFO  manager.TestNGListener - Start test: null
18:31:57.180 INFO  tests.TestBase - Name of method ---> loginSuccess
18:31:57.200 INFO  manager.WDListener - Before find element
18:31:57.214 INFO  manager.WDListener - After find element
18:31:57.250 INFO  tests.TestBase - Before method finished logout
18:31:57.250 INFO  manager.TestNGListener - Start test: LoginTests.loginSuccess()[pri:0, instance:tests.LoginTests@78a287ed]
18:31:57.250 INFO  manager.WDListener - Before find element
18:31:57.262 INFO  manager.WDListener - After find element
18:31:57.291 INFO  manager.WDListener - Before find element
18:31:57.302 INFO  manager.WDListener - After find element
18:31:57.408 INFO  manager.WDListener - Before find element
18:31:57.420 INFO  manager.WDListener - After find element
18:31:57.507 INFO  tests.TestBase - Test data--> email:sonicboom@gmail.com & password:Snow123456!
18:31:57.507 INFO  manager.WDListener - Before find element
18:31:57.518 INFO  manager.WDListener - After find element
18:31:57.836 INFO  tests.TestBase - End
18:31:57.837 INFO  manager.TestNGListener - Start test: null
18:31:57.837 INFO  tests.TestBase - Name of method ---> loginSuccess1
18:31:57.844 INFO  manager.WDListener - Before find element
18:31:57.851 INFO  manager.WDListener - After find element
18:31:57.875 INFO  tests.TestBase - Before method finished logout
18:31:57.875 INFO  manager.TestNGListener - Start test: LoginTests.loginSuccess1()[pri:0, instance:tests.LoginTests@78a287ed]
18:31:57.875 INFO  manager.WDListener - Before find element
18:31:57.882 INFO  manager.WDListener - After find element
18:31:57.905 INFO  manager.WDListener - Before find element
18:31:57.911 INFO  manager.WDListener - After find element
18:31:58.001 INFO  manager.WDListener - Before find element
18:31:58.008 INFO  manager.WDListener - After find element
18:31:58.089 INFO  manager.WDListener - Before find element
18:31:58.098 INFO  manager.WDListener - After find element
18:31:58.417 INFO  manager.TestNGListener - Start test: null
18:31:58.418 INFO  tests.TestBase - Name of method ---> loginUnregisteredUser
18:31:58.428 INFO  manager.WDListener - Before find element
18:31:58.437 INFO  manager.WDListener - After find element
18:31:58.464 INFO  tests.TestBase - Before method finished logout
18:31:58.465 INFO  manager.TestNGListener - Start test: LoginTests.loginUnregisteredUser()[pri:0, instance:tests.LoginTests@78a287ed]
18:31:58.465 INFO  tests.TestBase - Test data--> email:sonicboom@gmail.com & password:Snow123456!
18:31:58.465 INFO  manager.WDListener - Before find element
18:31:58.474 INFO  manager.WDListener - After find element
18:31:58.499 INFO  manager.WDListener - Before find element
18:31:58.506 INFO  manager.WDListener - After find element
18:31:58.586 INFO  manager.WDListener - Before find element
18:31:58.596 INFO  manager.WDListener - After find element
18:31:58.672 INFO  manager.WDListener - Before find element
18:31:58.678 INFO  manager.WDListener - After find element
18:31:58.703 INFO  manager.WDListener - Huston, we have a problem!!!
18:31:58.703 INFO  manager.WDListener - !!!!!!!!!!!!
18:31:58.703 INFO  manager.WDListener - Object target:org.openqa.selenium.remote.RemoteWebDriver$RemoteTargetLocator@67a0ff25
18:31:58.703 INFO  manager.WDListener - Method name: alert
18:31:58.703 INFO  manager.WDListener - InvocationTargetException: org.openqa.selenium.NoAlertPresentException: no such alert
  (Session info: chrome=134.0.6998.45)
Build info: version: '4.16.1', revision: '9b4c83354e'
System info: os.name: 'Mac OS X', os.arch: 'aarch64', os.version: '13.2', java.version: '11.0.26'
Driver info: org.openqa.selenium.chrome.ChromeDriver
Command: [7b163e7cabbeac22a2ef55f36d7808b3, getAlertText {}]
Capabilities {acceptInsecureCerts: false, browserName: chrome, browserVersion: 134.0.6998.45, chrome: {chromedriverVersion: 134.0.6998.35 (ea6ef4c2ac15..., userDataDir: /var/folders/pr/6xtyzzbd321...}, fedcm:accounts: true, goog:chromeOptions: {debuggerAddress: localhost:53509}, networkConnectionEnabled: false, pageLoadStrategy: normal, platformName: mac, proxy: Proxy(), se:cdp: ws://localhost:53509/devtoo..., se:cdpVersion: 134.0.6998.45, setWindowRect: true, strictFileInteractability: false, timeouts: {implicit: 0, pageLoad: 300000, script: 30000}, unhandledPromptBehavior: dismiss and notify, webauthn:extension:credBlob: true, webauthn:extension:largeBlob: true, webauthn:extension:minPinLength: true, webauthn:extension:prf: true, webauthn:virtualAuthenticators: true}
Session ID: 7b163e7cabbeac22a2ef55f36d7808b3
18:31:58.703 INFO  manager.WDListener - Screen with error is --->src/test/screenshots/screen_1510.png
18:32:03.229 INFO  tests.TestBase - Assert check is alert Wrong email or password
18:32:03.230 INFO  manager.TestNGListener - Start test: null
18:32:03.231 INFO  tests.TestBase - Name of method ---> loginWrongEmail
18:32:08.265 INFO  tests.TestBase - Before method finished logout
18:32:08.266 INFO  manager.TestNGListener - Start test: LoginTests.loginWrongEmail()[pri:0, instance:tests.LoginTests@78a287ed]
18:32:08.267 INFO  tests.TestBase - Test data--> email:sonicboom@gmail.com & password:Snow123456!
18:32:08.267 INFO  manager.WDListener - Before find element
18:32:08.280 INFO  manager.WDListener - After find element
18:32:08.310 INFO  manager.WDListener - Before find element
18:32:08.318 INFO  manager.WDListener - After find element
18:32:08.409 INFO  manager.WDListener - Before find element
18:32:08.416 INFO  manager.WDListener - After find element
18:32:08.498 INFO  manager.WDListener - Before find element
18:32:08.505 INFO  manager.WDListener - After find element
18:32:08.532 INFO  manager.WDListener - Huston, we have a problem!!!
18:32:08.532 INFO  manager.WDListener - !!!!!!!!!!!!
18:32:08.532 INFO  manager.WDListener - Object target:org.openqa.selenium.remote.RemoteWebDriver$RemoteTargetLocator@1dca62c2
18:32:08.532 INFO  manager.WDListener - Method name: alert
18:32:08.532 INFO  manager.WDListener - InvocationTargetException: org.openqa.selenium.NoAlertPresentException: no such alert
  (Session info: chrome=134.0.6998.45)
Build info: version: '4.16.1', revision: '9b4c83354e'
System info: os.name: 'Mac OS X', os.arch: 'aarch64', os.version: '13.2', java.version: '11.0.26'
Driver info: org.openqa.selenium.chrome.ChromeDriver
Command: [7b163e7cabbeac22a2ef55f36d7808b3, getAlertText {}]
Capabilities {acceptInsecureCerts: false, browserName: chrome, browserVersion: 134.0.6998.45, chrome: {chromedriverVersion: 134.0.6998.35 (ea6ef4c2ac15..., userDataDir: /var/folders/pr/6xtyzzbd321...}, fedcm:accounts: true, goog:chromeOptions: {debuggerAddress: localhost:53509}, networkConnectionEnabled: false, pageLoadStrategy: normal, platformName: mac, proxy: Proxy(), se:cdp: ws://localhost:53509/devtoo..., se:cdpVersion: 134.0.6998.45, setWindowRect: true, strictFileInteractability: false, timeouts: {implicit: 0, pageLoad: 300000, script: 30000}, unhandledPromptBehavior: dismiss and notify, webauthn:extension:credBlob: true, webauthn:extension:largeBlob: true, webauthn:extension:minPinLength: true, webauthn:extension:prf: true, webauthn:virtualAuthenticators: true}
Session ID: 7b163e7cabbeac22a2ef55f36d7808b3
18:32:08.532 INFO  manager.WDListener - Screen with error is --->src/test/screenshots/screen_1625.png
18:32:09.042 INFO  manager.WDListener - Huston, we have a problem!!!
18:32:09.042 INFO  manager.WDListener - !!!!!!!!!!!!
18:32:09.042 INFO  manager.WDListener - Object target:org.openqa.selenium.remote.RemoteWebDriver$RemoteTargetLocator@11ad095c
18:32:09.042 INFO  manager.WDListener - Method name: alert
18:32:09.043 INFO  manager.WDListener - InvocationTargetException: org.openqa.selenium.NoAlertPresentException: no such alert
  (Session info: chrome=134.0.6998.45)
Build info: version: '4.16.1', revision: '9b4c83354e'
System info: os.name: 'Mac OS X', os.arch: 'aarch64', os.version: '13.2', java.version: '11.0.26'
Driver info: org.openqa.selenium.chrome.ChromeDriver
Command: [7b163e7cabbeac22a2ef55f36d7808b3, getAlertText {}]
Capabilities {acceptInsecureCerts: false, browserName: chrome, browserVersion: 134.0.6998.45, chrome: {chromedriverVersion: 134.0.6998.35 (ea6ef4c2ac15..., userDataDir: /var/folders/pr/6xtyzzbd321...}, fedcm:accounts: true, goog:chromeOptions: {debuggerAddress: localhost:53509}, networkConnectionEnabled: false, pageLoadStrategy: normal, platformName: mac, proxy: Proxy(), se:cdp: ws://localhost:53509/devtoo..., se:cdpVersion: 134.0.6998.45, setWindowRect: true, strictFileInteractability: false, timeouts: {implicit: 0, pageLoad: 300000, script: 30000}, unhandledPromptBehavior: dismiss and notify, webauthn:extension:credBlob: true, webauthn:extension:largeBlob: true, webauthn:extension:minPinLength: true, webauthn:extension:prf: true, webauthn:virtualAuthenticators: true}
Session ID: 7b163e7cabbeac22a2ef55f36d7808b3
18:32:09.043 INFO  manager.WDListener - Screen with error is --->src/test/screenshots/screen_1998.png
18:32:13.558 INFO  tests.TestBase - Assert check is alert Wrong email or password
18:32:13.560 INFO  manager.TestNGListener - Start test: null
18:32:13.561 INFO  tests.TestBase - Name of method ---> loginWrongPassword
18:32:18.568 INFO  tests.TestBase - Before method finished logout
18:32:18.568 INFO  manager.TestNGListener - Start test: LoginTests.loginWrongPassword()[pri:0, instance:tests.LoginTests@78a287ed]
18:32:18.568 INFO  tests.TestBase - Test data--> email:sonicboom@gmail.com & password:Snow123456
18:32:18.569 INFO  manager.WDListener - Before find element
18:32:18.583 INFO  manager.WDListener - After find element
18:32:18.622 INFO  manager.WDListener - Before find element
18:32:18.633 INFO  manager.WDListener - After find element
18:32:18.713 INFO  manager.WDListener - Before find element
18:32:18.721 INFO  manager.WDListener - After find element
18:32:18.807 INFO  manager.WDListener - Before find element
18:32:18.814 INFO  manager.WDListener - After find element
18:32:18.841 INFO  manager.WDListener - Huston, we have a problem!!!
18:32:18.841 INFO  manager.WDListener - !!!!!!!!!!!!
18:32:18.841 INFO  manager.WDListener - Object target:org.openqa.selenium.remote.RemoteWebDriver$RemoteTargetLocator@710afd47
18:32:18.841 INFO  manager.WDListener - Method name: alert
18:32:18.841 INFO  manager.WDListener - InvocationTargetException: org.openqa.selenium.NoAlertPresentException: no such alert
  (Session info: chrome=134.0.6998.45)
Build info: version: '4.16.1', revision: '9b4c83354e'
System info: os.name: 'Mac OS X', os.arch: 'aarch64', os.version: '13.2', java.version: '11.0.26'
Driver info: org.openqa.selenium.chrome.ChromeDriver
Command: [7b163e7cabbeac22a2ef55f36d7808b3, getAlertText {}]
Capabilities {acceptInsecureCerts: false, browserName: chrome, browserVersion: 134.0.6998.45, chrome: {chromedriverVersion: 134.0.6998.35 (ea6ef4c2ac15..., userDataDir: /var/folders/pr/6xtyzzbd321...}, fedcm:accounts: true, goog:chromeOptions: {debuggerAddress: localhost:53509}, networkConnectionEnabled: false, pageLoadStrategy: normal, platformName: mac, proxy: Proxy(), se:cdp: ws://localhost:53509/devtoo..., se:cdpVersion: 134.0.6998.45, setWindowRect: true, strictFileInteractability: false, timeouts: {implicit: 0, pageLoad: 300000, script: 30000}, unhandledPromptBehavior: dismiss and notify, webauthn:extension:credBlob: true, webauthn:extension:largeBlob: true, webauthn:extension:minPinLength: true, webauthn:extension:prf: true, webauthn:virtualAuthenticators: true}
Session ID: 7b163e7cabbeac22a2ef55f36d7808b3
18:32:18.841 INFO  manager.WDListener - Screen with error is --->src/test/screenshots/screen_1459.png
18:32:23.364 INFO  tests.TestBase - Assert check is alert Wrong email or password
18:32:23.365 INFO  manager.TestNGListener - Start test: null
18:32:23.367 INFO  tests.TestBase - Name of method ---> registrationEmptyEmail
18:32:28.406 INFO  manager.TestNGListener - Start test: RegistrationTest.registrationEmptyEmail()[pri:0, instance:tests.RegistrationTest@4a335fa8]
18:32:28.406 INFO  manager.WDListener - Before find element
18:32:28.419 INFO  manager.WDListener - After find element
18:32:28.453 INFO  manager.WDListener - Before find element
18:32:28.463 INFO  manager.WDListener - After find element
18:32:28.534 INFO  manager.WDListener - Before find element
18:32:28.542 INFO  manager.WDListener - After find element
18:32:28.624 INFO  manager.WDListener - Before find element
18:32:28.638 INFO  manager.WDListener - After find element
18:32:40.686 INFO  manager.TestNGListener - Start test: null
18:32:40.688 INFO  tests.TestBase - Name of method ---> registrationEmptyPassword
18:32:45.698 INFO  manager.TestNGListener - Start test: RegistrationTest.registrationEmptyPassword()[pri:0, instance:tests.RegistrationTest@4a335fa8]
18:32:45.699 INFO  manager.WDListener - Before find element
18:32:45.712 INFO  manager.WDListener - After find element
18:32:45.750 INFO  manager.WDListener - Before find element
18:32:45.760 INFO  manager.WDListener - After find element
18:32:45.842 INFO  manager.WDListener - Before find element
18:32:45.848 INFO  manager.WDListener - After find element
18:32:45.919 INFO  manager.WDListener - Before find element
18:32:45.925 INFO  manager.WDListener - After find element
18:32:45.948 INFO  manager.WDListener - Huston, we have a problem!!!
18:32:45.948 INFO  manager.WDListener - !!!!!!!!!!!!
18:32:45.948 INFO  manager.WDListener - Object target:org.openqa.selenium.remote.RemoteWebDriver$RemoteTargetLocator@7b3c0ecb
18:32:45.948 INFO  manager.WDListener - Method name: alert
18:32:45.948 INFO  manager.WDListener - InvocationTargetException: org.openqa.selenium.NoAlertPresentException: no such alert
  (Session info: chrome=134.0.6998.45)
Build info: version: '4.16.1', revision: '9b4c83354e'
System info: os.name: 'Mac OS X', os.arch: 'aarch64', os.version: '13.2', java.version: '11.0.26'
Driver info: org.openqa.selenium.chrome.ChromeDriver
Command: [7b163e7cabbeac22a2ef55f36d7808b3, getAlertText {}]
Capabilities {acceptInsecureCerts: false, browserName: chrome, browserVersion: 134.0.6998.45, chrome: {chromedriverVersion: 134.0.6998.35 (ea6ef4c2ac15..., userDataDir: /var/folders/pr/6xtyzzbd321...}, fedcm:accounts: true, goog:chromeOptions: {debuggerAddress: localhost:53509}, networkConnectionEnabled: false, pageLoadStrategy: normal, platformName: mac, proxy: Proxy(), se:cdp: ws://localhost:53509/devtoo..., se:cdpVersion: 134.0.6998.45, setWindowRect: true, strictFileInteractability: false, timeouts: {implicit: 0, pageLoad: 300000, script: 30000}, unhandledPromptBehavior: dismiss and notify, webauthn:extension:credBlob: true, webauthn:extension:largeBlob: true, webauthn:extension:minPinLength: true, webauthn:extension:prf: true, webauthn:virtualAuthenticators: true}
Session ID: 7b163e7cabbeac22a2ef55f36d7808b3
18:32:45.948 INFO  manager.WDListener - Screen with error is --->src/test/screenshots/screen_1673.png
18:32:50.474 INFO  manager.TestNGListener - Start test: null
18:32:50.475 INFO  tests.TestBase - Name of method ---> registrationExistUser
18:32:55.530 INFO  manager.TestNGListener - Start test: RegistrationTest.registrationExistUser()[pri:0, instance:tests.RegistrationTest@4a335fa8]
18:32:55.531 INFO  manager.WDListener - Before find element
18:32:55.544 INFO  manager.WDListener - After find element
18:32:55.578 INFO  manager.WDListener - Before find element
18:32:55.587 INFO  manager.WDListener - After find element
18:32:55.673 INFO  manager.WDListener - Before find element
18:32:55.681 INFO  manager.WDListener - After find element
18:32:55.756 INFO  manager.WDListener - Before find element
18:32:55.761 INFO  manager.WDListener - After find element
18:32:55.784 INFO  manager.WDListener - Huston, we have a problem!!!
18:32:55.785 INFO  manager.WDListener - !!!!!!!!!!!!
18:32:55.785 INFO  manager.WDListener - Object target:org.openqa.selenium.remote.RemoteWebDriver$RemoteTargetLocator@6cde0c69
18:32:55.785 INFO  manager.WDListener - Method name: alert
18:32:55.785 INFO  manager.WDListener - InvocationTargetException: org.openqa.selenium.NoAlertPresentException: no such alert
  (Session info: chrome=134.0.6998.45)
Build info: version: '4.16.1', revision: '9b4c83354e'
System info: os.name: 'Mac OS X', os.arch: 'aarch64', os.version: '13.2', java.version: '11.0.26'
Driver info: org.openqa.selenium.chrome.ChromeDriver
Command: [7b163e7cabbeac22a2ef55f36d7808b3, getAlertText {}]
Capabilities {acceptInsecureCerts: false, browserName: chrome, browserVersion: 134.0.6998.45, chrome: {chromedriverVersion: 134.0.6998.35 (ea6ef4c2ac15..., userDataDir: /var/folders/pr/6xtyzzbd321...}, fedcm:accounts: true, goog:chromeOptions: {debuggerAddress: localhost:53509}, networkConnectionEnabled: false, pageLoadStrategy: normal, platformName: mac, proxy: Proxy(), se:cdp: ws://localhost:53509/devtoo..., se:cdpVersion: 134.0.6998.45, setWindowRect: true, strictFileInteractability: false, timeouts: {implicit: 0, pageLoad: 300000, script: 30000}, unhandledPromptBehavior: dismiss and notify, webauthn:extension:credBlob: true, webauthn:extension:largeBlob: true, webauthn:extension:minPinLength: true, webauthn:extension:prf: true, webauthn:virtualAuthenticators: true}
Session ID: 7b163e7cabbeac22a2ef55f36d7808b3
18:32:55.785 INFO  manager.WDListener - Screen with error is --->src/test/screenshots/screen_1078.png
18:33:00.315 INFO  manager.TestNGListener - Start test: null
18:33:00.316 INFO  tests.TestBase - Name of method ---> registrationSuccess
18:33:05.368 INFO  manager.TestNGListener - Start test: RegistrationTest.registrationSuccess()[pri:0, instance:tests.RegistrationTest@4a335fa8]
18:33:05.369 INFO  manager.WDListener - Before find element
18:33:05.382 INFO  manager.WDListener - After find element
18:33:05.418 INFO  manager.WDListener - Before find element
18:33:05.427 INFO  manager.WDListener - After find element
18:33:05.531 INFO  manager.WDListener - Before find element
18:33:05.539 INFO  manager.WDListener - After find element
18:33:05.624 INFO  manager.WDListener - Before find element
18:33:05.632 INFO  manager.WDListener - After find element
18:33:06.009 INFO  manager.WDListener - Before find element
18:33:06.196 INFO  manager.WDListener - After find element
18:33:06.209 INFO  manager.TestNGListener - Start test: null
18:33:06.210 INFO  tests.TestBase - Name of method ---> registrationWrongEmail
18:33:06.220 INFO  manager.WDListener - Before find element
18:33:06.229 INFO  manager.WDListener - After find element
18:33:06.255 INFO  manager.TestNGListener - Start test: RegistrationTest.registrationWrongEmail()[pri:0, instance:tests.RegistrationTest@4a335fa8]
18:33:06.256 INFO  manager.WDListener - Before find element
18:33:06.262 INFO  manager.WDListener - After find element
18:33:06.282 INFO  manager.WDListener - Before find element
18:33:06.288 INFO  manager.WDListener - After find element
18:33:06.369 INFO  manager.WDListener - Before find element
18:33:06.375 INFO  manager.WDListener - After find element
18:33:06.453 INFO  manager.WDListener - Before find element
18:33:06.462 INFO  manager.WDListener - After find element
18:33:11.513 INFO  manager.TestNGListener - Start test: null
18:33:11.514 INFO  tests.TestBase - Name of method ---> registrationWrongPassword
18:33:16.559 INFO  manager.TestNGListener - Start test: RegistrationTest.registrationWrongPassword()[pri:0, instance:tests.RegistrationTest@4a335fa8]
18:33:16.560 INFO  manager.WDListener - Before find element
18:33:16.572 INFO  manager.WDListener - After find element
18:33:16.608 INFO  manager.WDListener - Before find element
18:33:16.622 INFO  manager.WDListener - After find element
18:33:16.717 INFO  manager.WDListener - Before find element
18:33:16.724 INFO  manager.WDListener - After find element
18:33:16.797 INFO  manager.WDListener - Before find element
18:33:16.807 INFO  manager.WDListener - After find element
18:33:16.834 INFO  manager.WDListener - Huston, we have a problem!!!
18:33:16.834 INFO  manager.WDListener - !!!!!!!!!!!!
18:33:16.834 INFO  manager.WDListener - Object target:org.openqa.selenium.remote.RemoteWebDriver$RemoteTargetLocator@683fe7b5
18:33:16.834 INFO  manager.WDListener - Method name: alert
18:33:16.834 INFO  manager.WDListener - InvocationTargetException: org.openqa.selenium.NoAlertPresentException: no such alert
  (Session info: chrome=134.0.6998.45)
Build info: version: '4.16.1', revision: '9b4c83354e'
System info: os.name: 'Mac OS X', os.arch: 'aarch64', os.version: '13.2', java.version: '11.0.26'
Driver info: org.openqa.selenium.chrome.ChromeDriver
Command: [7b163e7cabbeac22a2ef55f36d7808b3, getAlertText {}]
Capabilities {acceptInsecureCerts: false, browserName: chrome, browserVersion: 134.0.6998.45, chrome: {chromedriverVersion: 134.0.6998.35 (ea6ef4c2ac15..., userDataDir: /var/folders/pr/6xtyzzbd321...}, fedcm:accounts: true, goog:chromeOptions: {debuggerAddress: localhost:53509}, networkConnectionEnabled: false, pageLoadStrategy: normal, platformName: mac, proxy: Proxy(), se:cdp: ws://localhost:53509/devtoo..., se:cdpVersion: 134.0.6998.45, setWindowRect: true, strictFileInteractability: false, timeouts: {implicit: 0, pageLoad: 300000, script: 30000}, unhandledPromptBehavior: dismiss and notify, webauthn:extension:credBlob: true, webauthn:extension:largeBlob: true, webauthn:extension:minPinLength: true, webauthn:extension:prf: true, webauthn:virtualAuthenticators: true}
Session ID: 7b163e7cabbeac22a2ef55f36d7808b3
18:33:16.834 INFO  manager.WDListener - Screen with error is --->src/test/screenshots/screen_1140.png
18:33:21.361 INFO  manager.TestNGListener - Start test: null
18:33:21.363 INFO  tests.TestBase - Name of method ---> removeAllContacts
18:33:26.390 INFO  manager.WDListener - Before find element
18:33:26.403 INFO  manager.WDListener - After find element
18:33:26.438 INFO  manager.WDListener - Before find element
18:33:26.447 INFO  manager.WDListener - After find element
18:33:26.543 INFO  manager.WDListener - Before find element
18:33:26.552 INFO  manager.WDListener - After find element
18:33:26.643 INFO  manager.WDListener - Before find element
18:33:26.650 INFO  manager.WDListener - After find element
18:33:27.210 INFO  manager.TestNGListener - Start test: RemoveContactTests.removeAllContacts()[pri:0, instance:tests.RemoveContactTests@3829ac1]
18:33:27.245 INFO  manager.HelperBase - Number of Contacts before remove---> 4
18:33:27.245 INFO  manager.WDListener - Before find element
18:33:27.355 INFO  manager.WDListener - After find element
18:33:27.380 INFO  manager.WDListener - Before find element
18:33:27.394 INFO  manager.WDListener - After find element
18:33:28.430 INFO  manager.HelperBase - Number of Contacts after remove---> 4
18:33:28.454 INFO  manager.HelperBase - Number of Contacts before remove---> 3
18:33:28.454 INFO  manager.WDListener - Before find element
18:33:28.461 INFO  manager.WDListener - After find element
18:33:28.488 INFO  manager.WDListener - Before find element
18:33:28.495 INFO  manager.WDListener - After find element
18:33:29.539 INFO  manager.HelperBase - Number of Contacts after remove---> 3
18:33:29.571 INFO  manager.HelperBase - Number of Contacts before remove---> 2
18:33:29.571 INFO  manager.WDListener - Before find element
18:33:29.579 INFO  manager.WDListener - After find element
18:33:29.606 INFO  manager.WDListener - Before find element
18:33:29.612 INFO  manager.WDListener - After find element
18:33:30.655 INFO  manager.HelperBase - Number of Contacts after remove---> 2
18:33:30.676 INFO  manager.HelperBase - Number of Contacts before remove---> 1
18:33:30.676 INFO  manager.WDListener - Before find element
18:33:30.684 INFO  manager.WDListener - After find element
18:33:30.711 INFO  manager.WDListener - Before find element
18:33:30.717 INFO  manager.WDListener - After find element
18:33:36.784 INFO  manager.HelperBase - Number of Contacts after remove---> 1
18:33:41.843 INFO  manager.WDListener - Before find element
18:33:41.858 INFO  manager.WDListener - After find element
18:33:41.867 INFO  manager.TestNGListener - Start test: null
18:33:41.867 INFO  tests.TestBase - Name of method ---> removeFirstContact
18:33:47.921 INFO  manager.WDListener - Before find element
18:33:47.933 INFO  manager.WDListener - After find element
18:33:47.973 INFO  manager.WDListener - Before find element
18:33:47.982 INFO  manager.WDListener - After find element
18:33:48.053 INFO  manager.WDListener - Before find element
18:33:48.060 INFO  manager.WDListener - After find element
18:33:48.127 INFO  manager.WDListener - Before find element
18:33:48.135 INFO  manager.WDListener - After find element
18:33:48.214 INFO  manager.WDListener - Before find element
18:33:48.222 INFO  manager.WDListener - After find element
18:33:48.290 INFO  manager.WDListener - Before find element
18:33:48.297 INFO  manager.WDListener - After find element
18:33:48.369 INFO  manager.WDListener - Before find element
18:33:48.378 INFO  manager.WDListener - After find element
18:33:54.446 INFO  manager.WDListener - Before find element
18:33:54.467 INFO  manager.WDListener - After find element
18:33:55.510 INFO  manager.WDListener - Before find element
18:33:55.525 INFO  manager.WDListener - After find element
18:33:55.572 INFO  manager.WDListener - Before find element
18:33:55.579 INFO  manager.WDListener - After find element
18:33:55.645 INFO  manager.WDListener - Before find element
18:33:55.650 INFO  manager.WDListener - After find element
18:33:55.713 INFO  manager.WDListener - Before find element
18:33:55.719 INFO  manager.WDListener - After find element
18:33:55.787 INFO  manager.WDListener - Before find element
18:33:55.793 INFO  manager.WDListener - After find element
18:33:55.858 INFO  manager.WDListener - Before find element
18:33:55.866 INFO  manager.WDListener - After find element
18:33:55.927 INFO  manager.WDListener - Before find element
18:33:55.933 INFO  manager.WDListener - After find element
18:34:02.015 INFO  manager.WDListener - Before find element
18:34:02.029 INFO  manager.WDListener - After find element
18:34:03.070 INFO  manager.WDListener - Before find element
18:34:03.085 INFO  manager.WDListener - After find element
18:34:03.123 INFO  manager.WDListener - Before find element
18:34:03.130 INFO  manager.WDListener - After find element
18:34:03.197 INFO  manager.WDListener - Before find element
18:34:03.203 INFO  manager.WDListener - After find element
18:34:03.265 INFO  manager.WDListener - Before find element
18:34:03.271 INFO  manager.WDListener - After find element
18:34:03.339 INFO  manager.WDListener - Before find element
18:34:03.346 INFO  manager.WDListener - After find element
18:34:03.415 INFO  manager.WDListener - Before find element
18:34:03.421 INFO  manager.WDListener - After find element
18:34:03.485 INFO  manager.WDListener - Before find element
18:34:03.491 INFO  manager.WDListener - After find element
18:34:09.560 INFO  manager.WDListener - Before find element
18:34:09.576 INFO  manager.WDListener - After find element
18:34:09.610 INFO  manager.TestNGListener - Start test: RemoveContactTests.removeFirstContact()[pri:0, instance:tests.RemoveContactTests@3829ac1]
18:34:10.044 INFO  manager.HelperBase - Number of Contacts before remove---> 3
18:34:10.045 INFO  manager.WDListener - Before find element
18:34:10.054 INFO  manager.WDListener - After find element
18:34:10.087 INFO  manager.WDListener - Before find element
18:34:10.094 INFO  manager.WDListener - After find element
18:34:11.138 INFO  manager.HelperBase - Number of Contacts after remove---> 3
18:34:11.138 INFO  manager.TestNGListener - Start test: null
18:34:11.139 INFO  manager.TestNGListener - End test: Gradle test
