20:41:34.892 INFO  manager.ApplicationManager - All tests run in Chrome Browser
20:41:34.914 INFO  manager.WDListener - url-->https://telranedu.web.app/home
20:41:36.035 INFO  manager.ApplicationManager - The link--->https://telranedu.web.app/home
20:41:36.047 INFO  manager.TestNGListener - Start test: Sun Mar 09 20:41:36 IST 2025
20:41:36.073 INFO  tests.TestBase - Name of method ---> loginSuccess
20:41:41.116 INFO  tests.TestBase - Before method finished logout
20:41:41.118 INFO  manager.TestNGListener - Start test: LoginTests.loginSuccess(java.lang.String,java.lang.String)[pri:0, instance:tests.LoginTests@13330ac6]
20:41:41.118 INFO  manager.WDListener - Before find element
20:41:41.141 INFO  manager.WDListener - After find element
20:41:41.182 INFO  manager.WDListener - Before find element
20:41:41.195 INFO  manager.WDListener - After find element
20:41:41.321 INFO  manager.WDListener - Before find element
20:41:41.333 INFO  manager.WDListener - After find element
20:41:41.400 INFO  tests.TestBase - Test data-->sonicboom@gmail.comPassword--->Snow123456!
20:41:41.401 INFO  manager.WDListener - Before find element
20:41:41.411 INFO  manager.WDListener - After find element
20:41:42.410 INFO  tests.TestBase - End
20:41:42.411 INFO  manager.TestNGListener - Start test: null
20:41:42.412 INFO  tests.TestBase - Name of method ---> loginSuccess
20:41:42.425 INFO  manager.WDListener - Before find element
20:41:42.438 INFO  manager.WDListener - After find element
20:41:42.470 INFO  tests.TestBase - Before method finished logout
20:41:42.471 INFO  manager.TestNGListener - Start test: LoginTests.loginSuccess(java.lang.String,java.lang.String)[pri:0, instance:tests.LoginTests@13330ac6]
20:41:42.471 INFO  manager.WDListener - Before find element
20:41:42.480 INFO  manager.WDListener - After find element
20:41:42.505 INFO  manager.WDListener - Before find element
20:41:42.512 INFO  manager.WDListener - After find element
20:41:42.596 INFO  manager.WDListener - Before find element
20:41:42.605 INFO  manager.WDListener - After find element
20:41:42.689 INFO  tests.TestBase - Test data-->sonicboom@gmail.comPassword--->Snow123456!
20:41:42.689 INFO  manager.WDListener - Before find element
20:41:42.698 INFO  manager.WDListener - After find element
20:41:43.014 INFO  tests.TestBase - End
20:41:43.015 INFO  manager.TestNGListener - Start test: null
20:41:43.015 INFO  tests.TestBase - Name of method ---> loginSuccess
20:41:43.029 INFO  manager.WDListener - Before find element
20:41:43.041 INFO  manager.WDListener - After find element
20:41:43.071 INFO  tests.TestBase - Before method finished logout
20:41:43.071 INFO  manager.TestNGListener - Start test: LoginTests.loginSuccess(java.lang.String,java.lang.String)[pri:0, instance:tests.LoginTests@13330ac6]
20:41:43.072 INFO  manager.WDListener - Before find element
20:41:43.080 INFO  manager.WDListener - After find element
20:41:43.102 INFO  manager.WDListener - Before find element
20:41:43.108 INFO  manager.WDListener - After find element
20:41:43.193 INFO  manager.WDListener - Before find element
20:41:43.201 INFO  manager.WDListener - After find element
20:41:43.277 INFO  tests.TestBase - Test data-->sonicboom@gmail.comPassword--->Snow123456!
20:41:43.278 INFO  manager.WDListener - Before find element
20:41:43.284 INFO  manager.WDListener - After find element
20:41:43.612 INFO  tests.TestBase - End
20:41:43.613 INFO  manager.TestNGListener - Start test: null
20:41:43.614 INFO  tests.TestBase - Name of method ---> loginSuccessModelDataProvider
20:41:43.627 INFO  manager.WDListener - Before find element
20:41:43.639 INFO  manager.WDListener - After find element
20:41:43.670 INFO  tests.TestBase - Before method finished logout
20:41:43.671 INFO  manager.TestNGListener - Start test: LoginTests.loginSuccessModelDataProvider(models.User)[pri:0, instance:tests.LoginTests@13330ac6]
20:41:43.671 INFO  tests.TestBase - Test data-->User{, email='sonicboom@gmail.com', password='Snow123456!'}
20:41:43.671 INFO  manager.WDListener - Before find element
20:41:43.679 INFO  manager.WDListener - After find element
20:41:43.700 INFO  manager.WDListener - Before find element
20:41:43.707 INFO  manager.WDListener - After find element
20:41:43.787 INFO  manager.WDListener - Before find element
20:41:43.794 INFO  manager.WDListener - After find element
20:41:43.885 INFO  manager.WDListener - Before find element
20:41:43.892 INFO  manager.WDListener - After find element
20:41:44.213 INFO  manager.TestNGListener - Start test: null
20:41:44.214 INFO  tests.TestBase - Name of method ---> loginSuccessModelDataProvider
20:41:44.226 INFO  manager.WDListener - Before find element
20:41:44.237 INFO  manager.WDListener - After find element
20:41:44.271 INFO  tests.TestBase - Before method finished logout
20:41:44.272 INFO  manager.TestNGListener - Start test: LoginTests.loginSuccessModelDataProvider(models.User)[pri:0, instance:tests.LoginTests@13330ac6]
20:41:44.272 INFO  tests.TestBase - Test data-->User{, email='sonicboom@gmail.com', password='Snow123456!'}
20:41:44.272 INFO  manager.WDListener - Before find element
20:41:44.279 INFO  manager.WDListener - After find element
20:41:44.301 INFO  manager.WDListener - Before find element
20:41:44.307 INFO  manager.WDListener - After find element
20:41:44.388 INFO  manager.WDListener - Before find element
20:41:44.395 INFO  manager.WDListener - After find element
20:41:44.476 INFO  manager.WDListener - Before find element
20:41:44.486 INFO  manager.WDListener - After find element
20:41:44.799 INFO  manager.TestNGListener - Start test: null
20:41:44.800 INFO  tests.TestBase - Name of method ---> loginSuccessModelDataProvider
20:41:44.807 INFO  manager.WDListener - Before find element
20:41:44.815 INFO  manager.WDListener - After find element
20:41:44.853 INFO  tests.TestBase - Before method finished logout
20:41:44.853 INFO  manager.TestNGListener - Start test: LoginTests.loginSuccessModelDataProvider(models.User)[pri:0, instance:tests.LoginTests@13330ac6]
20:41:44.853 INFO  tests.TestBase - Test data-->User{, email='sonicboom@gmail.com', password='Snow123456!'}
20:41:44.853 INFO  manager.WDListener - Before find element
20:41:44.860 INFO  manager.WDListener - After find element
20:41:44.885 INFO  manager.WDListener - Before find element
20:41:44.891 INFO  manager.WDListener - After find element
20:41:44.977 INFO  manager.WDListener - Before find element
20:41:44.985 INFO  manager.WDListener - After find element
20:41:45.072 INFO  manager.WDListener - Before find element
20:41:45.083 INFO  manager.WDListener - After find element
20:41:45.402 INFO  manager.TestNGListener - Start test: null
20:41:45.405 INFO  tests.TestBase - Name of method ---> loginSuccessModelDataproviderCSV
20:41:45.416 INFO  manager.WDListener - Before find element
20:41:45.426 INFO  manager.WDListener - After find element
20:41:45.455 INFO  tests.TestBase - Before method finished logout
20:41:45.455 INFO  manager.TestNGListener - Start test: LoginTests.loginSuccessModelDataproviderCSV(models.User)[pri:0, instance:tests.LoginTests@13330ac6]
20:41:48.461 INFO  tests.TestBase - Test data-->User{, email='sonicboom@gmail.com', password='Snow123456!'}
20:41:48.462 INFO  manager.WDListener - Before find element
20:41:48.478 INFO  manager.WDListener - After find element
20:41:48.516 INFO  manager.WDListener - Before find element
20:41:48.528 INFO  manager.WDListener - After find element
20:41:48.621 INFO  manager.WDListener - Before find element
20:41:48.627 INFO  manager.WDListener - After find element
20:41:48.711 INFO  manager.WDListener - Before find element
20:41:48.719 INFO  manager.WDListener - After find element
20:41:51.759 INFO  manager.TestNGListener - Start test: null
20:41:51.760 INFO  tests.TestBase - Name of method ---> loginSuccessModelDataproviderCSV
20:41:51.773 INFO  manager.WDListener - Before find element
20:41:51.783 INFO  manager.WDListener - After find element
20:41:51.815 INFO  tests.TestBase - Before method finished logout
20:41:51.815 INFO  manager.TestNGListener - Start test: LoginTests.loginSuccessModelDataproviderCSV(models.User)[pri:0, instance:tests.LoginTests@13330ac6]
20:41:54.815 INFO  tests.TestBase - Test data-->User{, email='sonicboom@gmail.com', password='Snow123456!'}
20:41:54.817 INFO  manager.WDListener - Before find element
20:41:54.832 INFO  manager.WDListener - After find element
20:41:54.870 INFO  manager.WDListener - Before find element
20:41:54.878 INFO  manager.WDListener - After find element
20:41:54.968 INFO  manager.WDListener - Before find element
20:41:54.976 INFO  manager.WDListener - After find element
20:41:55.073 INFO  manager.WDListener - Before find element
20:41:55.083 INFO  manager.WDListener - After find element
20:41:58.127 INFO  manager.TestNGListener - Start test: null
20:41:58.128 INFO  tests.TestBase - Name of method ---> loginSuccessModelDataproviderCSV
20:41:58.140 INFO  manager.WDListener - Before find element
20:41:58.150 INFO  manager.WDListener - After find element
20:41:58.181 INFO  tests.TestBase - Before method finished logout
20:41:58.181 INFO  manager.TestNGListener - Start test: LoginTests.loginSuccessModelDataproviderCSV(models.User)[pri:0, instance:tests.LoginTests@13330ac6]
20:42:01.187 INFO  tests.TestBase - Test data-->User{, email='sonicboom@gmail.com', password='Snow123456!'}
20:42:01.187 INFO  manager.WDListener - Before find element
20:42:01.201 INFO  manager.WDListener - After find element
20:42:01.240 INFO  manager.WDListener - Before find element
20:42:01.249 INFO  manager.WDListener - After find element
20:42:01.342 INFO  manager.WDListener - Before find element
20:42:01.350 INFO  manager.WDListener - After find element
20:42:01.430 INFO  manager.WDListener - Before find element
20:42:01.440 INFO  manager.WDListener - After find element
20:42:04.481 INFO  manager.TestNGListener - Start test: null
20:42:04.483 INFO  tests.TestBase - Name of method ---> loginUnregisteredUser
20:42:04.496 INFO  manager.WDListener - Before find element
20:42:04.506 INFO  manager.WDListener - After find element
20:42:04.536 INFO  tests.TestBase - Before method finished logout
20:42:04.536 INFO  manager.TestNGListener - Start test: LoginTests.loginUnregisteredUser()[pri:0, instance:tests.LoginTests@13330ac6]
20:42:04.537 INFO  tests.TestBase - Test data--> email:sonicboom@gmail.com & password:Snow123456!
20:42:04.537 INFO  manager.WDListener - Before find element
20:42:04.544 INFO  manager.WDListener - After find element
20:42:04.565 INFO  manager.WDListener - Before find element
20:42:04.571 INFO  manager.WDListener - After find element
20:42:04.665 INFO  manager.WDListener - Before find element
20:42:04.673 INFO  manager.WDListener - After find element
20:42:04.765 INFO  manager.WDListener - Before find element
20:42:04.776 INFO  manager.WDListener - After find element
20:42:04.815 INFO  manager.WDListener - Huston, we have a problem!!!
20:42:04.815 INFO  manager.WDListener - !!!!!!!!!!!!
20:42:04.815 INFO  manager.WDListener - Object target:org.openqa.selenium.remote.RemoteWebDriver$RemoteTargetLocator@75d366c2
20:42:04.815 INFO  manager.WDListener - Method name: alert
20:42:04.816 INFO  manager.WDListener - InvocationTargetException: org.openqa.selenium.NoAlertPresentException: no such alert
  (Session info: chrome=134.0.6998.45)
Build info: version: '4.16.1', revision: '9b4c83354e'
System info: os.name: 'Mac OS X', os.arch: 'aarch64', os.version: '13.2', java.version: '17.0.12'
Driver info: org.openqa.selenium.chrome.ChromeDriver
Command: [60108923df9086487d04150105a04daf, getAlertText {}]
Capabilities {acceptInsecureCerts: false, browserName: chrome, browserVersion: 134.0.6998.45, chrome: {chromedriverVersion: 134.0.6998.35 (ea6ef4c2ac15..., userDataDir: /var/folders/pr/6xtyzzbd321...}, fedcm:accounts: true, goog:chromeOptions: {debuggerAddress: localhost:56753}, networkConnectionEnabled: false, pageLoadStrategy: normal, platformName: mac, proxy: Proxy(), se:cdp: ws://localhost:56753/devtoo..., se:cdpVersion: 134.0.6998.45, setWindowRect: true, strictFileInteractability: false, timeouts: {implicit: 0, pageLoad: 300000, script: 30000}, unhandledPromptBehavior: dismiss and notify, webauthn:extension:credBlob: true, webauthn:extension:largeBlob: true, webauthn:extension:minPinLength: true, webauthn:extension:prf: true, webauthn:virtualAuthenticators: true}
Session ID: 60108923df9086487d04150105a04daf
20:42:04.816 INFO  manager.WDListener - Screen with error is --->src/test/screenshots/screen_1703.png
20:42:09.346 INFO  tests.TestBase - Assert check is alert Wrong email or password
20:42:09.348 INFO  manager.TestNGListener - Start test: null
20:42:09.351 INFO  tests.TestBase - Name of method ---> loginWrongEmail
20:42:14.363 INFO  tests.TestBase - Before method finished logout
20:42:14.363 INFO  manager.TestNGListener - Start test: LoginTests.loginWrongEmail()[pri:0, instance:tests.LoginTests@13330ac6]
20:42:14.364 INFO  tests.TestBase - Test data--> email:sonicboom@gmail.com & password:Snow123456!
20:42:14.364 INFO  manager.WDListener - Before find element
20:42:14.376 INFO  manager.WDListener - After find element
20:42:14.412 INFO  manager.WDListener - Before find element
20:42:14.421 INFO  manager.WDListener - After find element
20:42:14.506 INFO  manager.WDListener - Before find element
20:42:14.514 INFO  manager.WDListener - After find element
20:42:14.588 INFO  manager.WDListener - Before find element
20:42:14.594 INFO  manager.WDListener - After find element
20:42:14.619 INFO  manager.WDListener - Huston, we have a problem!!!
20:42:14.620 INFO  manager.WDListener - !!!!!!!!!!!!
20:42:14.620 INFO  manager.WDListener - Object target:org.openqa.selenium.remote.RemoteWebDriver$RemoteTargetLocator@73ca34e7
20:42:14.620 INFO  manager.WDListener - Method name: alert
20:42:14.620 INFO  manager.WDListener - InvocationTargetException: org.openqa.selenium.NoAlertPresentException: no such alert
  (Session info: chrome=134.0.6998.45)
Build info: version: '4.16.1', revision: '9b4c83354e'
System info: os.name: 'Mac OS X', os.arch: 'aarch64', os.version: '13.2', java.version: '17.0.12'
Driver info: org.openqa.selenium.chrome.ChromeDriver
Command: [60108923df9086487d04150105a04daf, getAlertText {}]
Capabilities {acceptInsecureCerts: false, browserName: chrome, browserVersion: 134.0.6998.45, chrome: {chromedriverVersion: 134.0.6998.35 (ea6ef4c2ac15..., userDataDir: /var/folders/pr/6xtyzzbd321...}, fedcm:accounts: true, goog:chromeOptions: {debuggerAddress: localhost:56753}, networkConnectionEnabled: false, pageLoadStrategy: normal, platformName: mac, proxy: Proxy(), se:cdp: ws://localhost:56753/devtoo..., se:cdpVersion: 134.0.6998.45, setWindowRect: true, strictFileInteractability: false, timeouts: {implicit: 0, pageLoad: 300000, script: 30000}, unhandledPromptBehavior: dismiss and notify, webauthn:extension:credBlob: true, webauthn:extension:largeBlob: true, webauthn:extension:minPinLength: true, webauthn:extension:prf: true, webauthn:virtualAuthenticators: true}
Session ID: 60108923df9086487d04150105a04daf
20:42:14.620 INFO  manager.WDListener - Screen with error is --->src/test/screenshots/screen_1463.png
20:42:19.147 INFO  tests.TestBase - Assert check is alert Wrong email or password
20:42:19.148 INFO  manager.TestNGListener - Start test: null
20:42:19.149 INFO  tests.TestBase - Name of method ---> loginWrongPassword
20:42:24.206 INFO  tests.TestBase - Before method finished logout
20:42:24.206 INFO  manager.TestNGListener - Start test: LoginTests.loginWrongPassword()[pri:0, instance:tests.LoginTests@13330ac6]
20:42:24.207 INFO  tests.TestBase - Test data--> email:sonicboom@gmail.com & password:Snow123456
20:42:24.207 INFO  manager.WDListener - Before find element
20:42:24.220 INFO  manager.WDListener - After find element
20:42:24.258 INFO  manager.WDListener - Before find element
20:42:24.266 INFO  manager.WDListener - After find element
20:42:24.348 INFO  manager.WDListener - Before find element
20:42:24.359 INFO  manager.WDListener - After find element
20:42:24.437 INFO  manager.WDListener - Before find element
20:42:24.445 INFO  manager.WDListener - After find element
20:42:24.470 INFO  manager.WDListener - Huston, we have a problem!!!
20:42:24.470 INFO  manager.WDListener - !!!!!!!!!!!!
20:42:24.470 INFO  manager.WDListener - Object target:org.openqa.selenium.remote.RemoteWebDriver$RemoteTargetLocator@6e8fdd19
20:42:24.470 INFO  manager.WDListener - Method name: alert
20:42:24.470 INFO  manager.WDListener - InvocationTargetException: org.openqa.selenium.NoAlertPresentException: no such alert
  (Session info: chrome=134.0.6998.45)
Build info: version: '4.16.1', revision: '9b4c83354e'
System info: os.name: 'Mac OS X', os.arch: 'aarch64', os.version: '13.2', java.version: '17.0.12'
Driver info: org.openqa.selenium.chrome.ChromeDriver
Command: [60108923df9086487d04150105a04daf, getAlertText {}]
Capabilities {acceptInsecureCerts: false, browserName: chrome, browserVersion: 134.0.6998.45, chrome: {chromedriverVersion: 134.0.6998.35 (ea6ef4c2ac15..., userDataDir: /var/folders/pr/6xtyzzbd321...}, fedcm:accounts: true, goog:chromeOptions: {debuggerAddress: localhost:56753}, networkConnectionEnabled: false, pageLoadStrategy: normal, platformName: mac, proxy: Proxy(), se:cdp: ws://localhost:56753/devtoo..., se:cdpVersion: 134.0.6998.45, setWindowRect: true, strictFileInteractability: false, timeouts: {implicit: 0, pageLoad: 300000, script: 30000}, unhandledPromptBehavior: dismiss and notify, webauthn:extension:credBlob: true, webauthn:extension:largeBlob: true, webauthn:extension:minPinLength: true, webauthn:extension:prf: true, webauthn:virtualAuthenticators: true}
Session ID: 60108923df9086487d04150105a04daf
20:42:24.470 INFO  manager.WDListener - Screen with error is --->src/test/screenshots/screen_1577.png
20:42:29.003 INFO  tests.TestBase - Assert check is alert Wrong email or password
20:42:29.004 INFO  manager.TestNGListener - Start test: null
20:42:29.008 INFO  tests.TestBase - Name of method ---> registrationEmptyEmail
20:42:34.075 INFO  manager.TestNGListener - Start test: RegistrationTest.registrationEmptyEmail()[pri:0, instance:tests.RegistrationTest@19e4fcac]
20:42:34.075 INFO  manager.WDListener - Before find element
20:42:34.091 INFO  manager.WDListener - After find element
20:42:34.125 INFO  manager.WDListener - Before find element
20:42:34.132 INFO  manager.WDListener - After find element
20:42:34.208 INFO  manager.WDListener - Before find element
20:42:34.214 INFO  manager.WDListener - After find element
20:42:34.301 INFO  manager.WDListener - Before find element
20:42:34.311 INFO  manager.WDListener - After find element
20:42:46.359 INFO  manager.TestNGListener - Start test: null
20:42:46.362 INFO  tests.TestBase - Name of method ---> registrationEmptyPassword
20:42:51.393 INFO  manager.TestNGListener - Start test: RegistrationTest.registrationEmptyPassword()[pri:0, instance:tests.RegistrationTest@19e4fcac]
20:42:51.394 INFO  manager.WDListener - Before find element
20:42:51.403 INFO  manager.WDListener - After find element
20:42:51.437 INFO  manager.WDListener - Before find element
20:42:51.445 INFO  manager.WDListener - After find element
20:42:51.522 INFO  manager.WDListener - Before find element
20:42:51.528 INFO  manager.WDListener - After find element
20:42:51.597 INFO  manager.WDListener - Before find element
20:42:51.602 INFO  manager.WDListener - After find element
20:42:51.624 INFO  manager.WDListener - Huston, we have a problem!!!
20:42:51.624 INFO  manager.WDListener - !!!!!!!!!!!!
20:42:51.624 INFO  manager.WDListener - Object target:org.openqa.selenium.remote.RemoteWebDriver$RemoteTargetLocator@1e40fbb3
20:42:51.624 INFO  manager.WDListener - Method name: alert
20:42:51.624 INFO  manager.WDListener - InvocationTargetException: org.openqa.selenium.NoAlertPresentException: no such alert
  (Session info: chrome=134.0.6998.45)
Build info: version: '4.16.1', revision: '9b4c83354e'
System info: os.name: 'Mac OS X', os.arch: 'aarch64', os.version: '13.2', java.version: '17.0.12'
Driver info: org.openqa.selenium.chrome.ChromeDriver
Command: [60108923df9086487d04150105a04daf, getAlertText {}]
Capabilities {acceptInsecureCerts: false, browserName: chrome, browserVersion: 134.0.6998.45, chrome: {chromedriverVersion: 134.0.6998.35 (ea6ef4c2ac15..., userDataDir: /var/folders/pr/6xtyzzbd321...}, fedcm:accounts: true, goog:chromeOptions: {debuggerAddress: localhost:56753}, networkConnectionEnabled: false, pageLoadStrategy: normal, platformName: mac, proxy: Proxy(), se:cdp: ws://localhost:56753/devtoo..., se:cdpVersion: 134.0.6998.45, setWindowRect: true, strictFileInteractability: false, timeouts: {implicit: 0, pageLoad: 300000, script: 30000}, unhandledPromptBehavior: dismiss and notify, webauthn:extension:credBlob: true, webauthn:extension:largeBlob: true, webauthn:extension:minPinLength: true, webauthn:extension:prf: true, webauthn:virtualAuthenticators: true}
Session ID: 60108923df9086487d04150105a04daf
20:42:51.624 INFO  manager.WDListener - Screen with error is --->src/test/screenshots/screen_1044.png
20:42:52.139 INFO  manager.WDListener - Huston, we have a problem!!!
20:42:52.139 INFO  manager.WDListener - !!!!!!!!!!!!
20:42:52.139 INFO  manager.WDListener - Object target:org.openqa.selenium.remote.RemoteWebDriver$RemoteTargetLocator@1a2ac487
20:42:52.140 INFO  manager.WDListener - Method name: alert
20:42:52.140 INFO  manager.WDListener - InvocationTargetException: org.openqa.selenium.NoAlertPresentException: no such alert
  (Session info: chrome=134.0.6998.45)
Build info: version: '4.16.1', revision: '9b4c83354e'
System info: os.name: 'Mac OS X', os.arch: 'aarch64', os.version: '13.2', java.version: '17.0.12'
Driver info: org.openqa.selenium.chrome.ChromeDriver
Command: [60108923df9086487d04150105a04daf, getAlertText {}]
Capabilities {acceptInsecureCerts: false, browserName: chrome, browserVersion: 134.0.6998.45, chrome: {chromedriverVersion: 134.0.6998.35 (ea6ef4c2ac15..., userDataDir: /var/folders/pr/6xtyzzbd321...}, fedcm:accounts: true, goog:chromeOptions: {debuggerAddress: localhost:56753}, networkConnectionEnabled: false, pageLoadStrategy: normal, platformName: mac, proxy: Proxy(), se:cdp: ws://localhost:56753/devtoo..., se:cdpVersion: 134.0.6998.45, setWindowRect: true, strictFileInteractability: false, timeouts: {implicit: 0, pageLoad: 300000, script: 30000}, unhandledPromptBehavior: dismiss and notify, webauthn:extension:credBlob: true, webauthn:extension:largeBlob: true, webauthn:extension:minPinLength: true, webauthn:extension:prf: true, webauthn:virtualAuthenticators: true}
Session ID: 60108923df9086487d04150105a04daf
20:42:52.140 INFO  manager.WDListener - Screen with error is --->src/test/screenshots/screen_1384.png
20:42:56.675 INFO  manager.TestNGListener - Start test: null
20:42:56.676 INFO  tests.TestBase - Name of method ---> registrationExistUser
20:43:01.718 INFO  manager.TestNGListener - Start test: RegistrationTest.registrationExistUser()[pri:0, instance:tests.RegistrationTest@19e4fcac]
20:43:01.719 INFO  manager.WDListener - Before find element
20:43:01.732 INFO  manager.WDListener - After find element
20:43:01.769 INFO  manager.WDListener - Before find element
20:43:01.777 INFO  manager.WDListener - After find element
20:43:01.864 INFO  manager.WDListener - Before find element
20:43:01.870 INFO  manager.WDListener - After find element
20:43:01.956 INFO  manager.WDListener - Before find element
20:43:01.962 INFO  manager.WDListener - After find element
20:43:01.987 INFO  manager.WDListener - Huston, we have a problem!!!
20:43:01.987 INFO  manager.WDListener - !!!!!!!!!!!!
20:43:01.987 INFO  manager.WDListener - Object target:org.openqa.selenium.remote.RemoteWebDriver$RemoteTargetLocator@4f664bee
20:43:01.987 INFO  manager.WDListener - Method name: alert
20:43:01.987 INFO  manager.WDListener - InvocationTargetException: org.openqa.selenium.NoAlertPresentException: no such alert
  (Session info: chrome=134.0.6998.45)
Build info: version: '4.16.1', revision: '9b4c83354e'
System info: os.name: 'Mac OS X', os.arch: 'aarch64', os.version: '13.2', java.version: '17.0.12'
Driver info: org.openqa.selenium.chrome.ChromeDriver
Command: [60108923df9086487d04150105a04daf, getAlertText {}]
Capabilities {acceptInsecureCerts: false, browserName: chrome, browserVersion: 134.0.6998.45, chrome: {chromedriverVersion: 134.0.6998.35 (ea6ef4c2ac15..., userDataDir: /var/folders/pr/6xtyzzbd321...}, fedcm:accounts: true, goog:chromeOptions: {debuggerAddress: localhost:56753}, networkConnectionEnabled: false, pageLoadStrategy: normal, platformName: mac, proxy: Proxy(), se:cdp: ws://localhost:56753/devtoo..., se:cdpVersion: 134.0.6998.45, setWindowRect: true, strictFileInteractability: false, timeouts: {implicit: 0, pageLoad: 300000, script: 30000}, unhandledPromptBehavior: dismiss and notify, webauthn:extension:credBlob: true, webauthn:extension:largeBlob: true, webauthn:extension:minPinLength: true, webauthn:extension:prf: true, webauthn:virtualAuthenticators: true}
Session ID: 60108923df9086487d04150105a04daf
20:43:01.987 INFO  manager.WDListener - Screen with error is --->src/test/screenshots/screen_1222.png
20:43:06.521 INFO  manager.TestNGListener - Start test: null
20:43:06.523 INFO  tests.TestBase - Name of method ---> registrationSuccess
20:43:11.535 INFO  manager.TestNGListener - Start test: RegistrationTest.registrationSuccess()[pri:0, instance:tests.RegistrationTest@19e4fcac]
20:43:11.536 INFO  manager.WDListener - Before find element
20:43:11.548 INFO  manager.WDListener - After find element
20:43:11.582 INFO  manager.WDListener - Before find element
20:43:11.591 INFO  manager.WDListener - After find element
20:43:11.681 INFO  manager.WDListener - Before find element
20:43:11.687 INFO  manager.WDListener - After find element
20:43:11.756 INFO  manager.WDListener - Before find element
20:43:11.761 INFO  manager.WDListener - After find element
20:43:12.144 INFO  manager.WDListener - Before find element
20:43:12.344 INFO  manager.WDListener - After find element
20:43:12.361 INFO  manager.TestNGListener - Start test: null
20:43:12.362 INFO  tests.TestBase - Name of method ---> registrationWrongEmail
20:43:12.371 INFO  manager.WDListener - Before find element
20:43:12.382 INFO  manager.WDListener - After find element
20:43:12.412 INFO  manager.TestNGListener - Start test: RegistrationTest.registrationWrongEmail()[pri:0, instance:tests.RegistrationTest@19e4fcac]
20:43:12.412 INFO  manager.WDListener - Before find element
20:43:12.419 INFO  manager.WDListener - After find element
20:43:12.441 INFO  manager.WDListener - Before find element
20:43:12.447 INFO  manager.WDListener - After find element
20:43:12.532 INFO  manager.WDListener - Before find element
20:43:12.539 INFO  manager.WDListener - After find element
20:43:12.618 INFO  manager.WDListener - Before find element
20:43:12.626 INFO  manager.WDListener - After find element
20:43:17.680 INFO  manager.TestNGListener - Start test: null
20:43:17.683 INFO  tests.TestBase - Name of method ---> registrationWrongPassword
20:43:22.711 INFO  manager.TestNGListener - Start test: RegistrationTest.registrationWrongPassword()[pri:0, instance:tests.RegistrationTest@19e4fcac]
20:43:22.711 INFO  manager.WDListener - Before find element
20:43:22.724 INFO  manager.WDListener - After find element
20:43:22.766 INFO  manager.WDListener - Before find element
20:43:22.773 INFO  manager.WDListener - After find element
20:43:22.867 INFO  manager.WDListener - Before find element
20:43:22.873 INFO  manager.WDListener - After find element
20:43:22.945 INFO  manager.WDListener - Before find element
20:43:22.957 INFO  manager.WDListener - After find element
20:43:22.982 INFO  manager.WDListener - Huston, we have a problem!!!
20:43:22.982 INFO  manager.WDListener - !!!!!!!!!!!!
20:43:22.982 INFO  manager.WDListener - Object target:org.openqa.selenium.remote.RemoteWebDriver$RemoteTargetLocator@4df7d9ee
20:43:22.982 INFO  manager.WDListener - Method name: alert
20:43:22.982 INFO  manager.WDListener - InvocationTargetException: org.openqa.selenium.NoAlertPresentException: no such alert
  (Session info: chrome=134.0.6998.45)
Build info: version: '4.16.1', revision: '9b4c83354e'
System info: os.name: 'Mac OS X', os.arch: 'aarch64', os.version: '13.2', java.version: '17.0.12'
Driver info: org.openqa.selenium.chrome.ChromeDriver
Command: [60108923df9086487d04150105a04daf, getAlertText {}]
Capabilities {acceptInsecureCerts: false, browserName: chrome, browserVersion: 134.0.6998.45, chrome: {chromedriverVersion: 134.0.6998.35 (ea6ef4c2ac15..., userDataDir: /var/folders/pr/6xtyzzbd321...}, fedcm:accounts: true, goog:chromeOptions: {debuggerAddress: localhost:56753}, networkConnectionEnabled: false, pageLoadStrategy: normal, platformName: mac, proxy: Proxy(), se:cdp: ws://localhost:56753/devtoo..., se:cdpVersion: 134.0.6998.45, setWindowRect: true, strictFileInteractability: false, timeouts: {implicit: 0, pageLoad: 300000, script: 30000}, unhandledPromptBehavior: dismiss and notify, webauthn:extension:credBlob: true, webauthn:extension:largeBlob: true, webauthn:extension:minPinLength: true, webauthn:extension:prf: true, webauthn:virtualAuthenticators: true}
Session ID: 60108923df9086487d04150105a04daf
20:43:22.982 INFO  manager.WDListener - Screen with error is --->src/test/screenshots/screen_1774.png
20:43:27.514 INFO  manager.TestNGListener - Start test: null
20:43:27.515 INFO  manager.TestNGListener - End test: Nopackage
