20:17:35.965 INFO  manager.ApplicationManager - All tests run in Chrome Browser
20:17:35.988 INFO  manager.WDListener - url-->https://telranedu.web.app/home
20:17:36.926 INFO  manager.ApplicationManager - The link--->https://telranedu.web.app/home
20:17:36.938 INFO  manager.TestNGListener - Start test: Sun Mar 09 20:17:36 IST 2025
20:17:41.961 INFO  manager.WDListener - Before find element
20:17:41.986 INFO  manager.WDListener - After find element
20:17:42.030 INFO  manager.WDListener - Before find element
20:17:42.043 INFO  manager.WDListener - After find element
20:17:42.183 INFO  manager.WDListener - Before find element
20:17:42.196 INFO  manager.WDListener - After find element
20:17:42.279 INFO  manager.WDListener - Before find element
20:17:42.292 INFO  manager.WDListener - After find element
20:17:42.326 INFO  tests.TestBase - Name of method ---> addNewContactEmptyAddress
20:17:42.326 INFO  manager.TestNGListener - Start test: AddcontactTests.addNewContactEmptyAddress()[pri:0, instance:tests.AddcontactTests@58326051]
20:17:43.331 INFO  manager.WDListener - Before find element
20:17:43.538 INFO  manager.WDListener - After find element
20:17:43.579 INFO  manager.WDListener - Before find element
20:17:43.591 INFO  manager.WDListener - After find element
20:17:43.661 INFO  manager.WDListener - Before find element
20:17:43.671 INFO  manager.WDListener - After find element
20:17:43.738 INFO  manager.WDListener - Before find element
20:17:43.748 INFO  manager.WDListener - After find element
20:17:43.817 INFO  manager.WDListener - Before find element
20:17:43.826 INFO  manager.WDListener - After find element
20:17:43.898 INFO  manager.WDListener - Before find element
20:17:43.907 INFO  manager.WDListener - After find element
20:17:43.962 INFO  manager.WDListener - Before find element
20:17:43.972 INFO  manager.WDListener - After find element
20:17:50.046 INFO  manager.WDListener - Before find element
20:17:50.069 INFO  manager.WDListener - After find element
20:17:50.132 INFO  manager.TestNGListener - Start test: null
20:17:50.133 INFO  tests.TestBase - Name of method ---> addNewContactEmptyLastName
20:17:50.133 INFO  manager.TestNGListener - Start test: AddcontactTests.addNewContactEmptyLastName()[pri:0, instance:tests.AddcontactTests@58326051]
20:17:51.139 INFO  manager.WDListener - Before find element
20:17:51.157 INFO  manager.WDListener - After find element
20:17:51.198 INFO  manager.WDListener - Before find element
20:17:51.208 INFO  manager.WDListener - After find element
20:17:51.284 INFO  manager.WDListener - Before find element
20:17:51.291 INFO  manager.WDListener - After find element
20:17:51.354 INFO  manager.WDListener - Before find element
20:17:51.361 INFO  manager.WDListener - After find element
20:17:51.434 INFO  manager.WDListener - Before find element
20:17:51.440 INFO  manager.WDListener - After find element
20:17:51.515 INFO  manager.WDListener - Before find element
20:17:51.522 INFO  manager.WDListener - After find element
20:17:51.585 INFO  manager.WDListener - Before find element
20:17:51.592 INFO  manager.WDListener - After find element
20:17:57.667 INFO  manager.WDListener - Before find element
20:17:57.684 INFO  manager.WDListener - After find element
20:17:57.736 INFO  manager.TestNGListener - Start test: null
20:17:57.737 INFO  tests.TestBase - Name of method ---> addNewContactEmptyName
20:17:57.737 INFO  manager.TestNGListener - Start test: AddcontactTests.addNewContactEmptyName()[pri:0, instance:tests.AddcontactTests@58326051]
20:17:58.742 INFO  manager.WDListener - Before find element
20:17:58.761 INFO  manager.WDListener - After find element
20:17:58.798 INFO  manager.WDListener - Before find element
20:17:58.807 INFO  manager.WDListener - After find element
20:17:58.873 INFO  manager.WDListener - Before find element
20:17:58.879 INFO  manager.WDListener - After find element
20:17:58.943 INFO  manager.WDListener - Before find element
20:17:58.949 INFO  manager.WDListener - After find element
20:17:59.024 INFO  manager.WDListener - Before find element
20:17:59.031 INFO  manager.WDListener - After find element
20:17:59.107 INFO  manager.WDListener - Before find element
20:17:59.113 INFO  manager.WDListener - After find element
20:17:59.183 INFO  manager.WDListener - Before find element
20:17:59.189 INFO  manager.WDListener - After find element
20:18:05.263 INFO  manager.WDListener - Before find element
20:18:05.281 INFO  manager.WDListener - After find element
20:18:05.332 INFO  manager.TestNGListener - Start test: null
20:18:05.333 INFO  tests.TestBase - Name of method ---> addNewContactEmptyNumber
20:18:05.333 INFO  manager.TestNGListener - Start test: AddcontactTests.addNewContactEmptyNumber()[pri:0, instance:tests.AddcontactTests@58326051]
20:18:06.336 INFO  manager.WDListener - Before find element
20:18:06.352 INFO  manager.WDListener - After find element
20:18:06.393 INFO  manager.WDListener - Before find element
20:18:06.401 INFO  manager.WDListener - After find element
20:18:06.468 INFO  manager.WDListener - Before find element
20:18:06.475 INFO  manager.WDListener - After find element
20:18:06.549 INFO  manager.WDListener - Before find element
20:18:06.555 INFO  manager.WDListener - After find element
20:18:06.614 INFO  manager.WDListener - Before find element
20:18:06.620 INFO  manager.WDListener - After find element
20:18:06.698 INFO  manager.WDListener - Before find element
20:18:06.704 INFO  manager.WDListener - After find element
20:18:06.776 INFO  manager.WDListener - Before find element
20:18:06.782 INFO  manager.WDListener - After find element
20:18:12.856 INFO  manager.WDListener - Before find element
20:18:12.873 INFO  manager.WDListener - After find element
20:18:12.921 INFO  manager.WDListener - Huston, we have a problem!!!
20:18:12.921 INFO  manager.WDListener - !!!!!!!!!!!!
20:18:12.921 INFO  manager.WDListener - Object target:org.openqa.selenium.remote.RemoteWebDriver$RemoteTargetLocator@76ff68c5
20:18:12.921 INFO  manager.WDListener - Method name: alert
20:18:12.921 INFO  manager.WDListener - InvocationTargetException: org.openqa.selenium.NoAlertPresentException: no such alert
  (Session info: chrome=134.0.6998.45)
Build info: version: '4.16.1', revision: '9b4c83354e'
System info: os.name: 'Mac OS X', os.arch: 'aarch64', os.version: '13.2', java.version: '17.0.12'
Driver info: org.openqa.selenium.chrome.ChromeDriver
Command: [6f63d6094757ad016b077432f44f25d2, getAlertText {}]
Capabilities {acceptInsecureCerts: false, browserName: chrome, browserVersion: 134.0.6998.45, chrome: {chromedriverVersion: 134.0.6998.35 (ea6ef4c2ac15..., userDataDir: /var/folders/pr/6xtyzzbd321...}, fedcm:accounts: true, goog:chromeOptions: {debuggerAddress: localhost:56611}, networkConnectionEnabled: false, pageLoadStrategy: normal, platformName: mac, proxy: Proxy(), se:cdp: ws://localhost:56611/devtoo..., se:cdpVersion: 134.0.6998.45, setWindowRect: true, strictFileInteractability: false, timeouts: {implicit: 0, pageLoad: 300000, script: 30000}, unhandledPromptBehavior: dismiss and notify, webauthn:extension:credBlob: true, webauthn:extension:largeBlob: true, webauthn:extension:minPinLength: true, webauthn:extension:prf: true, webauthn:virtualAuthenticators: true}
Session ID: 6f63d6094757ad016b077432f44f25d2
20:18:12.922 INFO  manager.WDListener - Screen with error is --->src/test/screenshots/screen_1596.png
20:18:17.449 INFO  manager.TestNGListener - Start test: null
20:18:17.457 INFO  tests.TestBase - Name of method ---> addNewContactSuccessFull
20:18:17.457 INFO  manager.TestNGListener - Start test: AddcontactTests.addNewContactSuccessFull(models.Contacts)[pri:0, instance:tests.AddcontactTests@58326051]
20:18:18.469 INFO  manager.WDListener - Before find element
20:18:18.486 INFO  manager.WDListener - After find element
20:18:18.526 INFO  manager.WDListener - Before find element
20:18:18.536 INFO  manager.WDListener - After find element
20:18:18.611 INFO  manager.WDListener - Before find element
20:18:18.617 INFO  manager.WDListener - After find element
20:18:18.687 INFO  manager.WDListener - Before find element
20:18:18.693 INFO  manager.WDListener - After find element
20:18:18.757 INFO  manager.WDListener - Before find element
20:18:18.764 INFO  manager.WDListener - After find element
20:18:18.838 INFO  manager.WDListener - Before find element
20:18:18.844 INFO  manager.WDListener - After find element
20:18:18.914 INFO  manager.WDListener - Before find element
20:18:18.922 INFO  manager.WDListener - After find element
20:18:25.110 INFO  manager.WDListener - Before find element
20:18:25.129 INFO  manager.WDListener - After find element
20:18:26.262 INFO  manager.TestNGListener - Start test: null
20:18:26.263 INFO  tests.TestBase - Name of method ---> addNewContactSuccessFull
20:18:26.263 INFO  manager.TestNGListener - Start test: AddcontactTests.addNewContactSuccessFull(models.Contacts)[pri:0, instance:tests.AddcontactTests@58326051]
20:18:27.263 INFO  manager.WDListener - Before find element
20:18:27.271 INFO  manager.WDListener - After find element
20:18:27.303 INFO  manager.WDListener - Before find element
20:18:27.310 INFO  manager.WDListener - After find element
20:18:27.377 INFO  manager.WDListener - Before find element
20:18:27.383 INFO  manager.WDListener - After find element
20:18:27.455 INFO  manager.WDListener - Before find element
20:18:27.462 INFO  manager.WDListener - After find element
20:18:27.530 INFO  manager.WDListener - Before find element
20:18:27.536 INFO  manager.WDListener - After find element
20:18:27.603 INFO  manager.WDListener - Before find element
20:18:27.610 INFO  manager.WDListener - After find element
20:18:27.674 INFO  manager.WDListener - Before find element
20:18:27.680 INFO  manager.WDListener - After find element
20:18:33.836 INFO  manager.WDListener - Before find element
20:18:33.852 INFO  manager.WDListener - After find element
20:18:35.015 INFO  manager.TestNGListener - Start test: null
20:18:35.017 INFO  tests.TestBase - Name of method ---> addNewContactSuccessFullCSV
20:18:35.017 INFO  manager.TestNGListener - Start test: AddcontactTests.addNewContactSuccessFullCSV(models.Contacts)[pri:0, instance:tests.AddcontactTests@58326051]
20:18:36.022 INFO  manager.WDListener - Before find element
20:18:36.033 INFO  manager.WDListener - After find element
20:18:36.065 INFO  manager.WDListener - Before find element
20:18:36.071 INFO  manager.WDListener - After find element
20:18:36.138 INFO  manager.WDListener - Before find element
20:18:36.145 INFO  manager.WDListener - After find element
20:18:36.209 INFO  manager.WDListener - Before find element
20:18:36.215 INFO  manager.WDListener - After find element
20:18:36.284 INFO  manager.WDListener - Before find element
20:18:36.290 INFO  manager.WDListener - After find element
20:18:36.358 INFO  manager.WDListener - Before find element
20:18:36.364 INFO  manager.WDListener - After find element
20:18:36.429 INFO  manager.WDListener - Before find element
20:18:36.436 INFO  manager.WDListener - After find element
20:18:42.591 INFO  manager.WDListener - Before find element
20:18:42.606 INFO  manager.WDListener - After find element
20:18:43.748 INFO  manager.TestNGListener - Start test: null
20:18:43.749 INFO  tests.TestBase - Name of method ---> addNewContactSuccessFullCSV
20:18:43.749 INFO  manager.TestNGListener - Start test: AddcontactTests.addNewContactSuccessFullCSV(models.Contacts)[pri:0, instance:tests.AddcontactTests@58326051]
20:18:44.754 INFO  manager.WDListener - Before find element
20:18:44.769 INFO  manager.WDListener - After find element
20:18:44.817 INFO  manager.WDListener - Before find element
20:18:44.825 INFO  manager.WDListener - After find element
20:18:44.891 INFO  manager.WDListener - Before find element
20:18:44.897 INFO  manager.WDListener - After find element
20:18:44.962 INFO  manager.WDListener - Before find element
20:18:44.967 INFO  manager.WDListener - After find element
20:18:45.034 INFO  manager.WDListener - Before find element
20:18:45.040 INFO  manager.WDListener - After find element
20:18:45.110 INFO  manager.WDListener - Before find element
20:18:45.116 INFO  manager.WDListener - After find element
20:18:45.179 INFO  manager.WDListener - Before find element
20:18:45.185 INFO  manager.WDListener - After find element
20:18:51.355 INFO  manager.WDListener - Before find element
20:18:51.371 INFO  manager.WDListener - After find element
20:18:52.544 INFO  manager.TestNGListener - Start test: null
20:18:52.545 INFO  tests.TestBase - Name of method ---> addNewContactSuccessFullCSV
20:18:52.545 INFO  manager.TestNGListener - Start test: AddcontactTests.addNewContactSuccessFullCSV(models.Contacts)[pri:0, instance:tests.AddcontactTests@58326051]
20:18:53.550 INFO  manager.WDListener - Before find element
20:18:53.566 INFO  manager.WDListener - After find element
20:18:53.607 INFO  manager.WDListener - Before find element
20:18:53.614 INFO  manager.WDListener - After find element
20:18:53.683 INFO  manager.WDListener - Before find element
20:18:53.689 INFO  manager.WDListener - After find element
20:18:53.753 INFO  manager.WDListener - Before find element
20:18:53.759 INFO  manager.WDListener - After find element
20:18:53.829 INFO  manager.WDListener - Before find element
20:18:53.835 INFO  manager.WDListener - After find element
20:18:53.908 INFO  manager.WDListener - Before find element
20:18:53.913 INFO  manager.WDListener - After find element
20:18:53.982 INFO  manager.WDListener - Before find element
20:18:53.988 INFO  manager.WDListener - After find element
20:19:00.156 INFO  manager.WDListener - Before find element
20:19:00.170 INFO  manager.WDListener - After find element
20:19:01.354 INFO  manager.TestNGListener - Start test: null
20:19:01.354 INFO  tests.TestBase - Name of method ---> addNewContactSuccessPartly
20:19:01.355 INFO  manager.TestNGListener - Start test: AddcontactTests.addNewContactSuccessPartly()[pri:0, instance:tests.AddcontactTests@58326051]
20:19:02.360 INFO  manager.WDListener - Before find element
20:19:02.375 INFO  manager.WDListener - After find element
20:19:02.415 INFO  manager.WDListener - Before find element
20:19:02.426 INFO  manager.WDListener - After find element
20:19:02.492 INFO  manager.WDListener - Before find element
20:19:02.497 INFO  manager.WDListener - After find element
20:19:02.565 INFO  manager.WDListener - Before find element
20:19:02.570 INFO  manager.WDListener - After find element
20:19:02.635 INFO  manager.WDListener - Before find element
20:19:02.640 INFO  manager.WDListener - After find element
20:19:02.705 INFO  manager.WDListener - Before find element
20:19:02.711 INFO  manager.WDListener - After find element
20:19:02.778 INFO  manager.WDListener - Before find element
20:19:02.783 INFO  manager.WDListener - After find element
20:19:08.842 INFO  manager.WDListener - Before find element
20:19:08.859 INFO  manager.WDListener - After find element
20:19:10.038 INFO  manager.TestNGListener - Start test: null
20:19:10.039 INFO  tests.TestBase - Name of method ---> addNewContactWrongEmail
20:19:10.039 INFO  manager.TestNGListener - Start test: AddcontactTests.addNewContactWrongEmail()[pri:0, instance:tests.AddcontactTests@58326051]
20:19:11.045 INFO  manager.WDListener - Before find element
20:19:11.059 INFO  manager.WDListener - After find element
20:19:11.098 INFO  manager.WDListener - Before find element
20:19:11.106 INFO  manager.WDListener - After find element
20:19:11.175 INFO  manager.WDListener - Before find element
20:19:11.180 INFO  manager.WDListener - After find element
20:19:11.243 INFO  manager.WDListener - Before find element
20:19:11.248 INFO  manager.WDListener - After find element
20:19:11.314 INFO  manager.WDListener - Before find element
20:19:11.319 INFO  manager.WDListener - After find element
20:19:11.383 INFO  manager.WDListener - Before find element
20:19:11.388 INFO  manager.WDListener - After find element
20:19:11.451 INFO  manager.WDListener - Before find element
20:19:11.456 INFO  manager.WDListener - After find element
20:19:17.522 INFO  manager.WDListener - Before find element
20:19:17.535 INFO  manager.WDListener - After find element
20:19:17.561 INFO  manager.WDListener - Huston, we have a problem!!!
20:19:17.562 INFO  manager.WDListener - !!!!!!!!!!!!
20:19:17.562 INFO  manager.WDListener - Object target:org.openqa.selenium.remote.RemoteWebDriver$RemoteTargetLocator@6c2883b1
20:19:17.562 INFO  manager.WDListener - Method name: alert
20:19:17.562 INFO  manager.WDListener - InvocationTargetException: org.openqa.selenium.NoAlertPresentException: no such alert
  (Session info: chrome=134.0.6998.45)
Build info: version: '4.16.1', revision: '9b4c83354e'
System info: os.name: 'Mac OS X', os.arch: 'aarch64', os.version: '13.2', java.version: '17.0.12'
Driver info: org.openqa.selenium.chrome.ChromeDriver
Command: [6f63d6094757ad016b077432f44f25d2, getAlertText {}]
Capabilities {acceptInsecureCerts: false, browserName: chrome, browserVersion: 134.0.6998.45, chrome: {chromedriverVersion: 134.0.6998.35 (ea6ef4c2ac15..., userDataDir: /var/folders/pr/6xtyzzbd321...}, fedcm:accounts: true, goog:chromeOptions: {debuggerAddress: localhost:56611}, networkConnectionEnabled: false, pageLoadStrategy: normal, platformName: mac, proxy: Proxy(), se:cdp: ws://localhost:56611/devtoo..., se:cdpVersion: 134.0.6998.45, setWindowRect: true, strictFileInteractability: false, timeouts: {implicit: 0, pageLoad: 300000, script: 30000}, unhandledPromptBehavior: dismiss and notify, webauthn:extension:credBlob: true, webauthn:extension:largeBlob: true, webauthn:extension:minPinLength: true, webauthn:extension:prf: true, webauthn:virtualAuthenticators: true}
Session ID: 6f63d6094757ad016b077432f44f25d2
20:19:17.562 INFO  manager.WDListener - Screen with error is --->src/test/screenshots/screen_1583.png
20:19:22.085 INFO  manager.TestNGListener - Start test: null
20:19:22.087 INFO  tests.TestBase - Name of method ---> addNewContactWrongNumber
20:19:22.088 INFO  manager.TestNGListener - Start test: AddcontactTests.addNewContactWrongNumber(models.Contacts)[pri:0, instance:tests.AddcontactTests@58326051]
20:19:23.093 INFO  manager.WDListener - Before find element
20:19:23.108 INFO  manager.WDListener - After find element
20:19:23.153 INFO  manager.WDListener - Before find element
20:19:23.160 INFO  manager.WDListener - After find element
20:19:23.247 INFO  manager.WDListener - Before find element
20:19:23.253 INFO  manager.WDListener - After find element
20:19:23.339 INFO  manager.WDListener - Before find element
20:19:23.345 INFO  manager.WDListener - After find element
20:19:23.426 INFO  manager.WDListener - Before find element
20:19:23.432 INFO  manager.WDListener - After find element
20:19:23.523 INFO  manager.WDListener - Before find element
20:19:23.530 INFO  manager.WDListener - After find element
20:19:23.616 INFO  manager.WDListener - Before find element
20:19:23.622 INFO  manager.WDListener - After find element
20:19:29.689 INFO  manager.WDListener - Before find element
20:19:29.705 INFO  manager.WDListener - After find element
20:19:29.744 INFO  manager.WDListener - Huston, we have a problem!!!
20:19:29.745 INFO  manager.WDListener - !!!!!!!!!!!!
20:19:29.745 INFO  manager.WDListener - Object target:org.openqa.selenium.remote.RemoteWebDriver$RemoteTargetLocator@6814262d
20:19:29.745 INFO  manager.WDListener - Method name: alert
20:19:29.745 INFO  manager.WDListener - InvocationTargetException: org.openqa.selenium.NoAlertPresentException: no such alert
  (Session info: chrome=134.0.6998.45)
Build info: version: '4.16.1', revision: '9b4c83354e'
System info: os.name: 'Mac OS X', os.arch: 'aarch64', os.version: '13.2', java.version: '17.0.12'
Driver info: org.openqa.selenium.chrome.ChromeDriver
Command: [6f63d6094757ad016b077432f44f25d2, getAlertText {}]
Capabilities {acceptInsecureCerts: false, browserName: chrome, browserVersion: 134.0.6998.45, chrome: {chromedriverVersion: 134.0.6998.35 (ea6ef4c2ac15..., userDataDir: /var/folders/pr/6xtyzzbd321...}, fedcm:accounts: true, goog:chromeOptions: {debuggerAddress: localhost:56611}, networkConnectionEnabled: false, pageLoadStrategy: normal, platformName: mac, proxy: Proxy(), se:cdp: ws://localhost:56611/devtoo..., se:cdpVersion: 134.0.6998.45, setWindowRect: true, strictFileInteractability: false, timeouts: {implicit: 0, pageLoad: 300000, script: 30000}, unhandledPromptBehavior: dismiss and notify, webauthn:extension:credBlob: true, webauthn:extension:largeBlob: true, webauthn:extension:minPinLength: true, webauthn:extension:prf: true, webauthn:virtualAuthenticators: true}
Session ID: 6f63d6094757ad016b077432f44f25d2
20:19:29.745 INFO  manager.WDListener - Screen with error is --->src/test/screenshots/screen_1601.png
20:19:34.264 INFO  manager.TestNGListener - Start test: null
20:19:34.265 INFO  tests.TestBase - Name of method ---> addNewContactWrongNumber
20:19:34.265 INFO  manager.TestNGListener - Start test: AddcontactTests.addNewContactWrongNumber(models.Contacts)[pri:0, instance:tests.AddcontactTests@58326051]
20:19:35.269 INFO  manager.WDListener - Before find element
20:19:35.283 INFO  manager.WDListener - After find element
20:19:35.328 INFO  manager.WDListener - Before find element
20:19:35.336 INFO  manager.WDListener - After find element
20:19:35.415 INFO  manager.WDListener - Before find element
20:19:35.421 INFO  manager.WDListener - After find element
20:19:35.498 INFO  manager.WDListener - Before find element
20:19:35.504 INFO  manager.WDListener - After find element
20:19:35.573 INFO  manager.WDListener - Before find element
20:19:35.578 INFO  manager.WDListener - After find element
20:19:35.651 INFO  manager.WDListener - Before find element
20:19:35.657 INFO  manager.WDListener - After find element
20:19:35.726 INFO  manager.WDListener - Before find element
20:19:35.731 INFO  manager.WDListener - After find element
20:19:41.786 INFO  manager.WDListener - Before find element
20:19:41.796 INFO  manager.WDListener - After find element
20:19:41.825 INFO  manager.WDListener - Huston, we have a problem!!!
20:19:41.825 INFO  manager.WDListener - !!!!!!!!!!!!
20:19:41.825 INFO  manager.WDListener - Object target:org.openqa.selenium.remote.RemoteWebDriver$RemoteTargetLocator@5534e6f1
20:19:41.825 INFO  manager.WDListener - Method name: alert
20:19:41.825 INFO  manager.WDListener - InvocationTargetException: org.openqa.selenium.NoAlertPresentException: no such alert
  (Session info: chrome=134.0.6998.45)
Build info: version: '4.16.1', revision: '9b4c83354e'
System info: os.name: 'Mac OS X', os.arch: 'aarch64', os.version: '13.2', java.version: '17.0.12'
Driver info: org.openqa.selenium.chrome.ChromeDriver
Command: [6f63d6094757ad016b077432f44f25d2, getAlertText {}]
Capabilities {acceptInsecureCerts: false, browserName: chrome, browserVersion: 134.0.6998.45, chrome: {chromedriverVersion: 134.0.6998.35 (ea6ef4c2ac15..., userDataDir: /var/folders/pr/6xtyzzbd321...}, fedcm:accounts: true, goog:chromeOptions: {debuggerAddress: localhost:56611}, networkConnectionEnabled: false, pageLoadStrategy: normal, platformName: mac, proxy: Proxy(), se:cdp: ws://localhost:56611/devtoo..., se:cdpVersion: 134.0.6998.45, setWindowRect: true, strictFileInteractability: false, timeouts: {implicit: 0, pageLoad: 300000, script: 30000}, unhandledPromptBehavior: dismiss and notify, webauthn:extension:credBlob: true, webauthn:extension:largeBlob: true, webauthn:extension:minPinLength: true, webauthn:extension:prf: true, webauthn:virtualAuthenticators: true}
Session ID: 6f63d6094757ad016b077432f44f25d2
20:19:41.825 INFO  manager.WDListener - Screen with error is --->src/test/screenshots/screen_1105.png
20:19:46.342 INFO  manager.TestNGListener - Start test: null
20:19:46.345 INFO  tests.TestBase - Name of method ---> addNewContactWrongNumber
20:19:46.346 INFO  manager.TestNGListener - Start test: AddcontactTests.addNewContactWrongNumber(models.Contacts)[pri:0, instance:tests.AddcontactTests@58326051]
20:19:47.351 INFO  manager.WDListener - Before find element
20:19:47.367 INFO  manager.WDListener - After find element
20:19:47.409 INFO  manager.WDListener - Before find element
20:19:47.417 INFO  manager.WDListener - After find element
20:19:47.490 INFO  manager.WDListener - Before find element
20:19:47.495 INFO  manager.WDListener - After find element
20:19:47.564 INFO  manager.WDListener - Before find element
20:19:47.569 INFO  manager.WDListener - After find element
20:19:47.640 INFO  manager.WDListener - Before find element
20:19:47.645 INFO  manager.WDListener - After find element
20:19:47.717 INFO  manager.WDListener - Before find element
20:19:47.723 INFO  manager.WDListener - After find element
20:19:47.792 INFO  manager.WDListener - Before find element
20:19:47.797 INFO  manager.WDListener - After find element
20:19:53.852 INFO  manager.WDListener - Before find element
20:19:53.867 INFO  manager.WDListener - After find element
20:19:53.906 INFO  manager.WDListener - Huston, we have a problem!!!
20:19:53.906 INFO  manager.WDListener - !!!!!!!!!!!!
20:19:53.906 INFO  manager.WDListener - Object target:org.openqa.selenium.remote.RemoteWebDriver$RemoteTargetLocator@74b7497b
20:19:53.906 INFO  manager.WDListener - Method name: alert
20:19:53.906 INFO  manager.WDListener - InvocationTargetException: org.openqa.selenium.NoAlertPresentException: no such alert
  (Session info: chrome=134.0.6998.45)
Build info: version: '4.16.1', revision: '9b4c83354e'
System info: os.name: 'Mac OS X', os.arch: 'aarch64', os.version: '13.2', java.version: '17.0.12'
Driver info: org.openqa.selenium.chrome.ChromeDriver
Command: [6f63d6094757ad016b077432f44f25d2, getAlertText {}]
Capabilities {acceptInsecureCerts: false, browserName: chrome, browserVersion: 134.0.6998.45, chrome: {chromedriverVersion: 134.0.6998.35 (ea6ef4c2ac15..., userDataDir: /var/folders/pr/6xtyzzbd321...}, fedcm:accounts: true, goog:chromeOptions: {debuggerAddress: localhost:56611}, networkConnectionEnabled: false, pageLoadStrategy: normal, platformName: mac, proxy: Proxy(), se:cdp: ws://localhost:56611/devtoo..., se:cdpVersion: 134.0.6998.45, setWindowRect: true, strictFileInteractability: false, timeouts: {implicit: 0, pageLoad: 300000, script: 30000}, unhandledPromptBehavior: dismiss and notify, webauthn:extension:credBlob: true, webauthn:extension:largeBlob: true, webauthn:extension:minPinLength: true, webauthn:extension:prf: true, webauthn:virtualAuthenticators: true}
Session ID: 6f63d6094757ad016b077432f44f25d2
20:19:53.907 INFO  manager.WDListener - Screen with error is --->src/test/screenshots/screen_1110.png
20:19:58.436 INFO  manager.TestNGListener - Start test: null
20:19:58.439 INFO  tests.TestBase - Name of method ---> loginSuccess
20:19:58.456 INFO  manager.WDListener - Before find element
20:19:58.471 INFO  manager.WDListener - After find element
20:19:58.515 INFO  tests.TestBase - Before method finished logout
20:19:58.515 INFO  manager.TestNGListener - Start test: LoginTests.loginSuccess(java.lang.String,java.lang.String)[pri:0, instance:tests.LoginTests@484094a5]
20:19:58.515 INFO  manager.WDListener - Before find element
20:19:58.523 INFO  manager.WDListener - After find element
20:19:58.548 INFO  manager.WDListener - Before find element
20:19:58.556 INFO  manager.WDListener - After find element
20:19:58.658 INFO  manager.WDListener - Before find element
20:19:58.666 INFO  manager.WDListener - After find element
20:19:58.747 INFO  tests.TestBase - Test data-->sonicboom@gmail.comPassword--->Snow123456!
20:19:58.748 INFO  manager.WDListener - Before find element
20:19:58.756 INFO  manager.WDListener - After find element
20:19:59.074 INFO  tests.TestBase - End
20:19:59.075 INFO  manager.TestNGListener - Start test: null
20:19:59.076 INFO  tests.TestBase - Name of method ---> loginSuccess
20:19:59.086 INFO  manager.WDListener - Before find element
20:19:59.095 INFO  manager.WDListener - After find element
20:19:59.126 INFO  tests.TestBase - Before method finished logout
20:19:59.126 INFO  manager.TestNGListener - Start test: LoginTests.loginSuccess(java.lang.String,java.lang.String)[pri:0, instance:tests.LoginTests@484094a5]
20:19:59.127 INFO  manager.WDListener - Before find element
20:19:59.133 INFO  manager.WDListener - After find element
20:19:59.154 INFO  manager.WDListener - Before find element
20:19:59.159 INFO  manager.WDListener - After find element
20:19:59.247 INFO  manager.WDListener - Before find element
20:19:59.255 INFO  manager.WDListener - After find element
20:19:59.329 INFO  tests.TestBase - Test data-->sonicboom@gmail.comPassword--->Snow123456!
20:19:59.329 INFO  manager.WDListener - Before find element
20:19:59.335 INFO  manager.WDListener - After find element
20:19:59.659 INFO  tests.TestBase - End
20:19:59.660 INFO  manager.TestNGListener - Start test: null
20:19:59.660 INFO  tests.TestBase - Name of method ---> loginSuccess
20:19:59.675 INFO  manager.WDListener - Before find element
20:19:59.684 INFO  manager.WDListener - After find element
20:19:59.715 INFO  tests.TestBase - Before method finished logout
20:19:59.715 INFO  manager.TestNGListener - Start test: LoginTests.loginSuccess(java.lang.String,java.lang.String)[pri:0, instance:tests.LoginTests@484094a5]
20:19:59.716 INFO  manager.WDListener - Before find element
20:19:59.724 INFO  manager.WDListener - After find element
20:19:59.746 INFO  manager.WDListener - Before find element
20:19:59.751 INFO  manager.WDListener - After find element
20:19:59.829 INFO  manager.WDListener - Before find element
20:19:59.836 INFO  manager.WDListener - After find element
20:19:59.910 INFO  tests.TestBase - Test data-->sonicboom@gmail.comPassword--->Snow123456!
20:19:59.911 INFO  manager.WDListener - Before find element
20:19:59.918 INFO  manager.WDListener - After find element
20:20:00.239 INFO  tests.TestBase - End
20:20:00.239 INFO  manager.TestNGListener - Start test: null
20:20:00.240 INFO  tests.TestBase - Name of method ---> loginSuccessModelDataProvider
20:20:00.250 INFO  manager.WDListener - Before find element
20:20:00.259 INFO  manager.WDListener - After find element
20:20:00.291 INFO  tests.TestBase - Before method finished logout
20:20:00.291 INFO  manager.TestNGListener - Start test: LoginTests.loginSuccessModelDataProvider(models.User)[pri:0, instance:tests.LoginTests@484094a5]
20:20:00.292 INFO  tests.TestBase - Test data-->User{, email='sonicboom@gmail.com', password='Snow123456!'}
20:20:00.292 INFO  manager.WDListener - Before find element
20:20:00.299 INFO  manager.WDListener - After find element
20:20:00.320 INFO  manager.WDListener - Before find element
20:20:00.326 INFO  manager.WDListener - After find element
20:20:00.408 INFO  manager.WDListener - Before find element
20:20:00.415 INFO  manager.WDListener - After find element
20:20:00.494 INFO  manager.WDListener - Before find element
20:20:00.499 INFO  manager.WDListener - After find element
20:20:00.825 INFO  manager.TestNGListener - Start test: null
20:20:00.826 INFO  tests.TestBase - Name of method ---> loginSuccessModelDataProvider
20:20:00.836 INFO  manager.WDListener - Before find element
20:20:00.845 INFO  manager.WDListener - After find element
20:20:00.877 INFO  tests.TestBase - Before method finished logout
20:20:00.877 INFO  manager.TestNGListener - Start test: LoginTests.loginSuccessModelDataProvider(models.User)[pri:0, instance:tests.LoginTests@484094a5]
20:20:00.877 INFO  tests.TestBase - Test data-->User{, email='sonicboom@gmail.com', password='Snow123456!'}
20:20:00.877 INFO  manager.WDListener - Before find element
20:20:00.883 INFO  manager.WDListener - After find element
20:20:00.905 INFO  manager.WDListener - Before find element
20:20:00.911 INFO  manager.WDListener - After find element
20:20:00.994 INFO  manager.WDListener - Before find element
20:20:01.000 INFO  manager.WDListener - After find element
20:20:01.072 INFO  manager.WDListener - Before find element
20:20:01.077 INFO  manager.WDListener - After find element
20:20:01.393 INFO  manager.TestNGListener - Start test: null
20:20:01.394 INFO  tests.TestBase - Name of method ---> loginSuccessModelDataProvider
20:20:01.405 INFO  manager.WDListener - Before find element
20:20:01.414 INFO  manager.WDListener - After find element
20:20:01.448 INFO  tests.TestBase - Before method finished logout
20:20:01.448 INFO  manager.TestNGListener - Start test: LoginTests.loginSuccessModelDataProvider(models.User)[pri:0, instance:tests.LoginTests@484094a5]
20:20:01.448 INFO  tests.TestBase - Test data-->User{, email='sonicboom@gmail.com', password='Snow123456!'}
20:20:01.448 INFO  manager.WDListener - Before find element
20:20:01.455 INFO  manager.WDListener - After find element
20:20:01.476 INFO  manager.WDListener - Before find element
20:20:01.481 INFO  manager.WDListener - After find element
20:20:01.569 INFO  manager.WDListener - Before find element
20:20:01.574 INFO  manager.WDListener - After find element
20:20:01.647 INFO  manager.WDListener - Before find element
20:20:01.655 INFO  manager.WDListener - After find element
20:20:01.982 INFO  manager.TestNGListener - Start test: null
20:20:01.984 INFO  tests.TestBase - Name of method ---> loginSuccessModelDataproviderCSV
20:20:01.994 INFO  manager.WDListener - Before find element
20:20:02.002 INFO  manager.WDListener - After find element
20:20:02.033 INFO  tests.TestBase - Before method finished logout
20:20:02.034 INFO  manager.TestNGListener - Start test: LoginTests.loginSuccessModelDataproviderCSV(models.User)[pri:0, instance:tests.LoginTests@484094a5]
20:20:05.039 INFO  tests.TestBase - Test data-->User{, email='sonicboom@gmail.com', password='Snow123456!'}
20:20:05.039 INFO  manager.WDListener - Before find element
20:20:05.053 INFO  manager.WDListener - After find element
20:20:05.091 INFO  manager.WDListener - Before find element
20:20:05.098 INFO  manager.WDListener - After find element
20:20:05.187 INFO  manager.WDListener - Before find element
20:20:05.194 INFO  manager.WDListener - After find element
20:20:05.276 INFO  manager.WDListener - Before find element
20:20:05.283 INFO  manager.WDListener - After find element
20:20:08.323 INFO  manager.TestNGListener - Start test: null
20:20:08.325 INFO  tests.TestBase - Name of method ---> loginSuccessModelDataproviderCSV
20:20:08.336 INFO  manager.WDListener - Before find element
20:20:08.345 INFO  manager.WDListener - After find element
20:20:08.378 INFO  tests.TestBase - Before method finished logout
20:20:08.378 INFO  manager.TestNGListener - Start test: LoginTests.loginSuccessModelDataproviderCSV(models.User)[pri:0, instance:tests.LoginTests@484094a5]
20:20:11.384 INFO  tests.TestBase - Test data-->User{, email='sonicboom@gmail.com', password='Snow123456!'}
20:20:11.384 INFO  manager.WDListener - Before find element
20:20:11.399 INFO  manager.WDListener - After find element
20:20:11.436 INFO  manager.WDListener - Before find element
20:20:11.443 INFO  manager.WDListener - After find element
20:20:11.529 INFO  manager.WDListener - Before find element
20:20:11.536 INFO  manager.WDListener - After find element
20:20:11.616 INFO  manager.WDListener - Before find element
20:20:11.625 INFO  manager.WDListener - After find element
20:20:14.669 INFO  manager.TestNGListener - Start test: null
20:20:14.670 INFO  tests.TestBase - Name of method ---> loginSuccessModelDataproviderCSV
20:20:14.680 INFO  manager.WDListener - Before find element
20:20:14.689 INFO  manager.WDListener - After find element
20:20:14.723 INFO  tests.TestBase - Before method finished logout
20:20:14.723 INFO  manager.TestNGListener - Start test: LoginTests.loginSuccessModelDataproviderCSV(models.User)[pri:0, instance:tests.LoginTests@484094a5]
20:20:17.729 INFO  tests.TestBase - Test data-->User{, email='sonicboom@gmail.com', password='Snow123456!'}
20:20:17.729 INFO  manager.WDListener - Before find element
20:20:17.743 INFO  manager.WDListener - After find element
20:20:17.780 INFO  manager.WDListener - Before find element
20:20:17.788 INFO  manager.WDListener - After find element
20:20:17.880 INFO  manager.WDListener - Before find element
20:20:17.887 INFO  manager.WDListener - After find element
20:20:17.961 INFO  manager.WDListener - Before find element
20:20:17.967 INFO  manager.WDListener - After find element
20:20:21.006 INFO  manager.TestNGListener - Start test: null
20:20:21.007 INFO  tests.TestBase - Name of method ---> loginUnregisteredUser
20:20:21.018 INFO  manager.WDListener - Before find element
20:20:21.026 INFO  manager.WDListener - After find element
20:20:21.063 INFO  tests.TestBase - Before method finished logout
20:20:21.063 INFO  manager.TestNGListener - Start test: LoginTests.loginUnregisteredUser()[pri:0, instance:tests.LoginTests@484094a5]
20:20:21.063 INFO  tests.TestBase - Test data--> email:sonicboom@gmail.com & password:Snow123456!
20:20:21.063 INFO  manager.WDListener - Before find element
20:20:21.069 INFO  manager.WDListener - After find element
20:20:21.092 INFO  manager.WDListener - Before find element
20:20:21.097 INFO  manager.WDListener - After find element
20:20:21.175 INFO  manager.WDListener - Before find element
20:20:21.180 INFO  manager.WDListener - After find element
20:20:21.254 INFO  manager.WDListener - Before find element
20:20:21.264 INFO  manager.WDListener - After find element
20:20:21.288 INFO  manager.WDListener - Huston, we have a problem!!!
20:20:21.288 INFO  manager.WDListener - !!!!!!!!!!!!
20:20:21.288 INFO  manager.WDListener - Object target:org.openqa.selenium.remote.RemoteWebDriver$RemoteTargetLocator@5020e5ab
20:20:21.288 INFO  manager.WDListener - Method name: alert
20:20:21.288 INFO  manager.WDListener - InvocationTargetException: org.openqa.selenium.NoAlertPresentException: no such alert
  (Session info: chrome=134.0.6998.45)
Build info: version: '4.16.1', revision: '9b4c83354e'
System info: os.name: 'Mac OS X', os.arch: 'aarch64', os.version: '13.2', java.version: '17.0.12'
Driver info: org.openqa.selenium.chrome.ChromeDriver
Command: [6f63d6094757ad016b077432f44f25d2, getAlertText {}]
Capabilities {acceptInsecureCerts: false, browserName: chrome, browserVersion: 134.0.6998.45, chrome: {chromedriverVersion: 134.0.6998.35 (ea6ef4c2ac15..., userDataDir: /var/folders/pr/6xtyzzbd321...}, fedcm:accounts: true, goog:chromeOptions: {debuggerAddress: localhost:56611}, networkConnectionEnabled: false, pageLoadStrategy: normal, platformName: mac, proxy: Proxy(), se:cdp: ws://localhost:56611/devtoo..., se:cdpVersion: 134.0.6998.45, setWindowRect: true, strictFileInteractability: false, timeouts: {implicit: 0, pageLoad: 300000, script: 30000}, unhandledPromptBehavior: dismiss and notify, webauthn:extension:credBlob: true, webauthn:extension:largeBlob: true, webauthn:extension:minPinLength: true, webauthn:extension:prf: true, webauthn:virtualAuthenticators: true}
Session ID: 6f63d6094757ad016b077432f44f25d2
20:20:21.288 INFO  manager.WDListener - Screen with error is --->src/test/screenshots/screen_1545.png
20:20:25.815 INFO  tests.TestBase - Assert check is alert Wrong email or password
20:20:25.816 INFO  manager.TestNGListener - Start test: null
20:20:25.817 INFO  tests.TestBase - Name of method ---> loginWrongEmail
20:20:30.869 INFO  tests.TestBase - Before method finished logout
20:20:30.870 INFO  manager.TestNGListener - Start test: LoginTests.loginWrongEmail()[pri:0, instance:tests.LoginTests@484094a5]
20:20:30.870 INFO  tests.TestBase - Test data--> email:sonicboom@gmail.com & password:Snow123456!
20:20:30.870 INFO  manager.WDListener - Before find element
20:20:30.881 INFO  manager.WDListener - After find element
20:20:30.916 INFO  manager.WDListener - Before find element
20:20:30.926 INFO  manager.WDListener - After find element
20:20:31.007 INFO  manager.WDListener - Before find element
20:20:31.014 INFO  manager.WDListener - After find element
20:20:31.091 INFO  manager.WDListener - Before find element
20:20:31.099 INFO  manager.WDListener - After find element
20:20:31.123 INFO  manager.WDListener - Huston, we have a problem!!!
20:20:31.123 INFO  manager.WDListener - !!!!!!!!!!!!
20:20:31.123 INFO  manager.WDListener - Object target:org.openqa.selenium.remote.RemoteWebDriver$RemoteTargetLocator@9a37591
20:20:31.123 INFO  manager.WDListener - Method name: alert
20:20:31.123 INFO  manager.WDListener - InvocationTargetException: org.openqa.selenium.NoAlertPresentException: no such alert
  (Session info: chrome=134.0.6998.45)
Build info: version: '4.16.1', revision: '9b4c83354e'
System info: os.name: 'Mac OS X', os.arch: 'aarch64', os.version: '13.2', java.version: '17.0.12'
Driver info: org.openqa.selenium.chrome.ChromeDriver
Command: [6f63d6094757ad016b077432f44f25d2, getAlertText {}]
Capabilities {acceptInsecureCerts: false, browserName: chrome, browserVersion: 134.0.6998.45, chrome: {chromedriverVersion: 134.0.6998.35 (ea6ef4c2ac15..., userDataDir: /var/folders/pr/6xtyzzbd321...}, fedcm:accounts: true, goog:chromeOptions: {debuggerAddress: localhost:56611}, networkConnectionEnabled: false, pageLoadStrategy: normal, platformName: mac, proxy: Proxy(), se:cdp: ws://localhost:56611/devtoo..., se:cdpVersion: 134.0.6998.45, setWindowRect: true, strictFileInteractability: false, timeouts: {implicit: 0, pageLoad: 300000, script: 30000}, unhandledPromptBehavior: dismiss and notify, webauthn:extension:credBlob: true, webauthn:extension:largeBlob: true, webauthn:extension:minPinLength: true, webauthn:extension:prf: true, webauthn:virtualAuthenticators: true}
Session ID: 6f63d6094757ad016b077432f44f25d2
20:20:31.123 INFO  manager.WDListener - Screen with error is --->src/test/screenshots/screen_1402.png
20:20:35.648 INFO  tests.TestBase - Assert check is alert Wrong email or password
20:20:35.649 INFO  manager.TestNGListener - Start test: null
20:20:35.650 INFO  tests.TestBase - Name of method ---> loginWrongPassword
20:20:40.688 INFO  tests.TestBase - Before method finished logout
20:20:40.689 INFO  manager.TestNGListener - Start test: LoginTests.loginWrongPassword()[pri:0, instance:tests.LoginTests@484094a5]
20:20:40.689 INFO  tests.TestBase - Test data--> email:sonicboom@gmail.com & password:Snow123456
20:20:40.689 INFO  manager.WDListener - Before find element
20:20:40.700 INFO  manager.WDListener - After find element
20:20:40.737 INFO  manager.WDListener - Before find element
20:20:40.744 INFO  manager.WDListener - After find element
20:20:40.830 INFO  manager.WDListener - Before find element
20:20:40.835 INFO  manager.WDListener - After find element
20:20:40.908 INFO  manager.WDListener - Before find element
20:20:40.915 INFO  manager.WDListener - After find element
20:20:40.941 INFO  manager.WDListener - Huston, we have a problem!!!
20:20:40.941 INFO  manager.WDListener - !!!!!!!!!!!!
20:20:40.941 INFO  manager.WDListener - Object target:org.openqa.selenium.remote.RemoteWebDriver$RemoteTargetLocator@3aa63b53
20:20:40.941 INFO  manager.WDListener - Method name: alert
20:20:40.941 INFO  manager.WDListener - InvocationTargetException: org.openqa.selenium.NoAlertPresentException: no such alert
  (Session info: chrome=134.0.6998.45)
Build info: version: '4.16.1', revision: '9b4c83354e'
System info: os.name: 'Mac OS X', os.arch: 'aarch64', os.version: '13.2', java.version: '17.0.12'
Driver info: org.openqa.selenium.chrome.ChromeDriver
Command: [6f63d6094757ad016b077432f44f25d2, getAlertText {}]
Capabilities {acceptInsecureCerts: false, browserName: chrome, browserVersion: 134.0.6998.45, chrome: {chromedriverVersion: 134.0.6998.35 (ea6ef4c2ac15..., userDataDir: /var/folders/pr/6xtyzzbd321...}, fedcm:accounts: true, goog:chromeOptions: {debuggerAddress: localhost:56611}, networkConnectionEnabled: false, pageLoadStrategy: normal, platformName: mac, proxy: Proxy(), se:cdp: ws://localhost:56611/devtoo..., se:cdpVersion: 134.0.6998.45, setWindowRect: true, strictFileInteractability: false, timeouts: {implicit: 0, pageLoad: 300000, script: 30000}, unhandledPromptBehavior: dismiss and notify, webauthn:extension:credBlob: true, webauthn:extension:largeBlob: true, webauthn:extension:minPinLength: true, webauthn:extension:prf: true, webauthn:virtualAuthenticators: true}
Session ID: 6f63d6094757ad016b077432f44f25d2
20:20:40.941 INFO  manager.WDListener - Screen with error is --->src/test/screenshots/screen_1430.png
20:20:45.473 INFO  tests.TestBase - Assert check is alert Wrong email or password
20:20:45.474 INFO  manager.TestNGListener - Start test: null
20:20:45.475 INFO  tests.TestBase - Name of method ---> registrationEmptyEmail
20:20:50.493 INFO  manager.TestNGListener - Start test: RegistrationTest.registrationEmptyEmail()[pri:0, instance:tests.RegistrationTest@7f0d96f2]
20:20:50.493 INFO  manager.WDListener - Before find element
20:20:50.504 INFO  manager.WDListener - After find element
20:20:50.541 INFO  manager.WDListener - Before find element
20:20:50.550 INFO  manager.WDListener - After find element
20:20:50.619 INFO  manager.WDListener - Before find element
20:20:50.624 INFO  manager.WDListener - After find element
20:20:50.705 INFO  manager.WDListener - Before find element
20:20:50.713 INFO  manager.WDListener - After find element
20:21:02.762 INFO  manager.TestNGListener - Start test: null
20:21:02.764 INFO  tests.TestBase - Name of method ---> registrationEmptyPassword
20:21:07.806 INFO  manager.TestNGListener - Start test: RegistrationTest.registrationEmptyPassword()[pri:0, instance:tests.RegistrationTest@7f0d96f2]
20:21:07.807 INFO  manager.WDListener - Before find element
20:21:07.818 INFO  manager.WDListener - After find element
20:21:07.861 INFO  manager.WDListener - Before find element
20:21:07.868 INFO  manager.WDListener - After find element
20:21:07.954 INFO  manager.WDListener - Before find element
20:21:07.959 INFO  manager.WDListener - After find element
20:21:08.025 INFO  manager.WDListener - Before find element
20:21:08.030 INFO  manager.WDListener - After find element
20:21:08.052 INFO  manager.WDListener - Huston, we have a problem!!!
20:21:08.052 INFO  manager.WDListener - !!!!!!!!!!!!
20:21:08.052 INFO  manager.WDListener - Object target:org.openqa.selenium.remote.RemoteWebDriver$RemoteTargetLocator@412440c1
20:21:08.052 INFO  manager.WDListener - Method name: alert
20:21:08.052 INFO  manager.WDListener - InvocationTargetException: org.openqa.selenium.NoAlertPresentException: no such alert
  (Session info: chrome=134.0.6998.45)
Build info: version: '4.16.1', revision: '9b4c83354e'
System info: os.name: 'Mac OS X', os.arch: 'aarch64', os.version: '13.2', java.version: '17.0.12'
Driver info: org.openqa.selenium.chrome.ChromeDriver
Command: [6f63d6094757ad016b077432f44f25d2, getAlertText {}]
Capabilities {acceptInsecureCerts: false, browserName: chrome, browserVersion: 134.0.6998.45, chrome: {chromedriverVersion: 134.0.6998.35 (ea6ef4c2ac15..., userDataDir: /var/folders/pr/6xtyzzbd321...}, fedcm:accounts: true, goog:chromeOptions: {debuggerAddress: localhost:56611}, networkConnectionEnabled: false, pageLoadStrategy: normal, platformName: mac, proxy: Proxy(), se:cdp: ws://localhost:56611/devtoo..., se:cdpVersion: 134.0.6998.45, setWindowRect: true, strictFileInteractability: false, timeouts: {implicit: 0, pageLoad: 300000, script: 30000}, unhandledPromptBehavior: dismiss and notify, webauthn:extension:credBlob: true, webauthn:extension:largeBlob: true, webauthn:extension:minPinLength: true, webauthn:extension:prf: true, webauthn:virtualAuthenticators: true}
Session ID: 6f63d6094757ad016b077432f44f25d2
20:21:08.052 INFO  manager.WDListener - Screen with error is --->src/test/screenshots/screen_1931.png
20:21:12.586 INFO  manager.TestNGListener - Start test: null
20:21:12.587 INFO  tests.TestBase - Name of method ---> registrationExistUser
20:21:17.628 INFO  manager.TestNGListener - Start test: RegistrationTest.registrationExistUser()[pri:0, instance:tests.RegistrationTest@7f0d96f2]
20:21:17.628 INFO  manager.WDListener - Before find element
20:21:17.640 INFO  manager.WDListener - After find element
20:21:17.675 INFO  manager.WDListener - Before find element
20:21:17.683 INFO  manager.WDListener - After find element
20:21:17.767 INFO  manager.WDListener - Before find element
20:21:17.774 INFO  manager.WDListener - After find element
20:21:17.849 INFO  manager.WDListener - Before find element
20:21:17.856 INFO  manager.WDListener - After find element
20:21:17.878 INFO  manager.WDListener - Huston, we have a problem!!!
20:21:17.878 INFO  manager.WDListener - !!!!!!!!!!!!
20:21:17.878 INFO  manager.WDListener - Object target:org.openqa.selenium.remote.RemoteWebDriver$RemoteTargetLocator@5c0d3715
20:21:17.878 INFO  manager.WDListener - Method name: alert
20:21:17.878 INFO  manager.WDListener - InvocationTargetException: org.openqa.selenium.NoAlertPresentException: no such alert
  (Session info: chrome=134.0.6998.45)
Build info: version: '4.16.1', revision: '9b4c83354e'
System info: os.name: 'Mac OS X', os.arch: 'aarch64', os.version: '13.2', java.version: '17.0.12'
Driver info: org.openqa.selenium.chrome.ChromeDriver
Command: [6f63d6094757ad016b077432f44f25d2, getAlertText {}]
Capabilities {acceptInsecureCerts: false, browserName: chrome, browserVersion: 134.0.6998.45, chrome: {chromedriverVersion: 134.0.6998.35 (ea6ef4c2ac15..., userDataDir: /var/folders/pr/6xtyzzbd321...}, fedcm:accounts: true, goog:chromeOptions: {debuggerAddress: localhost:56611}, networkConnectionEnabled: false, pageLoadStrategy: normal, platformName: mac, proxy: Proxy(), se:cdp: ws://localhost:56611/devtoo..., se:cdpVersion: 134.0.6998.45, setWindowRect: true, strictFileInteractability: false, timeouts: {implicit: 0, pageLoad: 300000, script: 30000}, unhandledPromptBehavior: dismiss and notify, webauthn:extension:credBlob: true, webauthn:extension:largeBlob: true, webauthn:extension:minPinLength: true, webauthn:extension:prf: true, webauthn:virtualAuthenticators: true}
Session ID: 6f63d6094757ad016b077432f44f25d2
20:21:17.878 INFO  manager.WDListener - Screen with error is --->src/test/screenshots/screen_1804.png
20:21:22.407 INFO  manager.TestNGListener - Start test: null
20:21:22.408 INFO  tests.TestBase - Name of method ---> registrationSuccess
20:21:27.441 INFO  manager.TestNGListener - Start test: RegistrationTest.registrationSuccess()[pri:0, instance:tests.RegistrationTest@7f0d96f2]
20:21:27.442 INFO  manager.WDListener - Before find element
20:21:27.453 INFO  manager.WDListener - After find element
20:21:27.487 INFO  manager.WDListener - Before find element
20:21:27.495 INFO  manager.WDListener - After find element
20:21:27.586 INFO  manager.WDListener - Before find element
20:21:27.593 INFO  manager.WDListener - After find element
20:21:27.668 INFO  manager.WDListener - Before find element
20:21:27.674 INFO  manager.WDListener - After find element
20:21:27.998 INFO  manager.WDListener - Before find element
20:21:28.197 INFO  manager.WDListener - After find element
20:21:28.212 INFO  manager.TestNGListener - Start test: null
20:21:28.213 INFO  tests.TestBase - Name of method ---> registrationWrongEmail
20:21:28.221 INFO  manager.WDListener - Before find element
20:21:28.228 INFO  manager.WDListener - After find element
20:21:28.256 INFO  manager.TestNGListener - Start test: RegistrationTest.registrationWrongEmail()[pri:0, instance:tests.RegistrationTest@7f0d96f2]
20:21:28.256 INFO  manager.WDListener - Before find element
20:21:28.261 INFO  manager.WDListener - After find element
20:21:28.281 INFO  manager.WDListener - Before find element
20:21:28.286 INFO  manager.WDListener - After find element
20:21:28.368 INFO  manager.WDListener - Before find element
20:21:28.374 INFO  manager.WDListener - After find element
20:21:28.449 INFO  manager.WDListener - Before find element
20:21:28.455 INFO  manager.WDListener - After find element
20:21:33.506 INFO  manager.TestNGListener - Start test: null
20:21:33.507 INFO  tests.TestBase - Name of method ---> registrationWrongPassword
20:21:38.566 INFO  manager.TestNGListener - Start test: RegistrationTest.registrationWrongPassword()[pri:0, instance:tests.RegistrationTest@7f0d96f2]
20:21:38.566 INFO  manager.WDListener - Before find element
20:21:38.577 INFO  manager.WDListener - After find element
20:21:38.614 INFO  manager.WDListener - Before find element
20:21:38.622 INFO  manager.WDListener - After find element
20:21:38.713 INFO  manager.WDListener - Before find element
20:21:38.719 INFO  manager.WDListener - After find element
20:21:38.790 INFO  manager.WDListener - Before find element
20:21:38.800 INFO  manager.WDListener - After find element
20:21:38.823 INFO  manager.WDListener - Huston, we have a problem!!!
20:21:38.824 INFO  manager.WDListener - !!!!!!!!!!!!
20:21:38.824 INFO  manager.WDListener - Object target:org.openqa.selenium.remote.RemoteWebDriver$RemoteTargetLocator@f245168
20:21:38.824 INFO  manager.WDListener - Method name: alert
20:21:38.824 INFO  manager.WDListener - InvocationTargetException: org.openqa.selenium.NoAlertPresentException: no such alert
  (Session info: chrome=134.0.6998.45)
Build info: version: '4.16.1', revision: '9b4c83354e'
System info: os.name: 'Mac OS X', os.arch: 'aarch64', os.version: '13.2', java.version: '17.0.12'
Driver info: org.openqa.selenium.chrome.ChromeDriver
Command: [6f63d6094757ad016b077432f44f25d2, getAlertText {}]
Capabilities {acceptInsecureCerts: false, browserName: chrome, browserVersion: 134.0.6998.45, chrome: {chromedriverVersion: 134.0.6998.35 (ea6ef4c2ac15..., userDataDir: /var/folders/pr/6xtyzzbd321...}, fedcm:accounts: true, goog:chromeOptions: {debuggerAddress: localhost:56611}, networkConnectionEnabled: false, pageLoadStrategy: normal, platformName: mac, proxy: Proxy(), se:cdp: ws://localhost:56611/devtoo..., se:cdpVersion: 134.0.6998.45, setWindowRect: true, strictFileInteractability: false, timeouts: {implicit: 0, pageLoad: 300000, script: 30000}, unhandledPromptBehavior: dismiss and notify, webauthn:extension:credBlob: true, webauthn:extension:largeBlob: true, webauthn:extension:minPinLength: true, webauthn:extension:prf: true, webauthn:virtualAuthenticators: true}
Session ID: 6f63d6094757ad016b077432f44f25d2
20:21:38.824 INFO  manager.WDListener - Screen with error is --->src/test/screenshots/screen_1681.png
20:21:43.353 INFO  manager.TestNGListener - Start test: null
20:21:43.356 INFO  tests.TestBase - Name of method ---> removeAllContacts
20:21:48.409 INFO  manager.WDListener - Before find element
20:21:48.423 INFO  manager.WDListener - After find element
20:21:48.459 INFO  manager.WDListener - Before find element
20:21:48.467 INFO  manager.WDListener - After find element
20:21:48.560 INFO  manager.WDListener - Before find element
20:21:48.565 INFO  manager.WDListener - After find element
20:21:48.648 INFO  manager.WDListener - Before find element
20:21:48.654 INFO  manager.WDListener - After find element
20:21:49.184 INFO  manager.TestNGListener - Start test: RemoveContactTests.removeAllContacts()[pri:0, instance:tests.RemoveContactTests@76a2ddf3]
20:21:49.231 INFO  manager.HelperBase - Number of Contacts before remove---> 15
20:21:49.231 INFO  manager.WDListener - Before find element
20:21:49.239 INFO  manager.WDListener - After find element
20:21:49.264 INFO  manager.WDListener - Before find element
20:21:49.271 INFO  manager.WDListener - After find element
20:21:50.342 INFO  manager.HelperBase - Number of Contacts after remove---> 15
20:21:50.400 INFO  manager.HelperBase - Number of Contacts before remove---> 14
20:21:50.400 INFO  manager.WDListener - Before find element
20:21:50.405 INFO  manager.WDListener - After find element
20:21:50.427 INFO  manager.WDListener - Before find element
20:21:50.432 INFO  manager.WDListener - After find element
20:21:51.494 INFO  manager.HelperBase - Number of Contacts after remove---> 14
20:21:51.537 INFO  manager.HelperBase - Number of Contacts before remove---> 13
20:21:51.537 INFO  manager.WDListener - Before find element
20:21:51.543 INFO  manager.WDListener - After find element
20:21:51.564 INFO  manager.WDListener - Before find element
20:21:51.569 INFO  manager.WDListener - After find element
20:21:52.628 INFO  manager.HelperBase - Number of Contacts after remove---> 13
20:21:52.669 INFO  manager.HelperBase - Number of Contacts before remove---> 12
20:21:52.669 INFO  manager.WDListener - Before find element
20:21:52.675 INFO  manager.WDListener - After find element
20:21:52.698 INFO  manager.WDListener - Before find element
20:21:52.703 INFO  manager.WDListener - After find element
20:21:53.768 INFO  manager.HelperBase - Number of Contacts after remove---> 12
20:21:53.806 INFO  manager.HelperBase - Number of Contacts before remove---> 11
20:21:53.806 INFO  manager.WDListener - Before find element
20:21:53.812 INFO  manager.WDListener - After find element
20:21:53.834 INFO  manager.WDListener - Before find element
20:21:53.839 INFO  manager.WDListener - After find element
20:21:54.893 INFO  manager.HelperBase - Number of Contacts after remove---> 11
20:21:54.931 INFO  manager.HelperBase - Number of Contacts before remove---> 10
20:21:54.932 INFO  manager.WDListener - Before find element
20:21:54.937 INFO  manager.WDListener - After find element
20:21:54.960 INFO  manager.WDListener - Before find element
20:21:54.964 INFO  manager.WDListener - After find element
20:21:56.018 INFO  manager.HelperBase - Number of Contacts after remove---> 10
20:21:56.058 INFO  manager.HelperBase - Number of Contacts before remove---> 9
20:21:56.058 INFO  manager.WDListener - Before find element
20:21:56.063 INFO  manager.WDListener - After find element
20:21:56.087 INFO  manager.WDListener - Before find element
20:21:56.092 INFO  manager.WDListener - After find element
20:21:57.145 INFO  manager.HelperBase - Number of Contacts after remove---> 9
20:21:57.179 INFO  manager.HelperBase - Number of Contacts before remove---> 8
20:21:57.179 INFO  manager.WDListener - Before find element
20:21:57.185 INFO  manager.WDListener - After find element
20:21:57.208 INFO  manager.WDListener - Before find element
20:21:57.213 INFO  manager.WDListener - After find element
20:21:58.263 INFO  manager.HelperBase - Number of Contacts after remove---> 8
20:21:58.296 INFO  manager.HelperBase - Number of Contacts before remove---> 7
20:21:58.296 INFO  manager.WDListener - Before find element
20:21:58.302 INFO  manager.WDListener - After find element
20:21:58.326 INFO  manager.WDListener - Before find element
20:21:58.331 INFO  manager.WDListener - After find element
20:21:59.380 INFO  manager.HelperBase - Number of Contacts after remove---> 7
20:21:59.411 INFO  manager.HelperBase - Number of Contacts before remove---> 6
20:21:59.411 INFO  manager.WDListener - Before find element
20:21:59.418 INFO  manager.WDListener - After find element
20:21:59.443 INFO  manager.WDListener - Before find element
20:21:59.450 INFO  manager.WDListener - After find element
20:22:00.496 INFO  manager.HelperBase - Number of Contacts after remove---> 6
20:22:00.530 INFO  manager.HelperBase - Number of Contacts before remove---> 5
20:22:00.530 INFO  manager.WDListener - Before find element
20:22:00.536 INFO  manager.WDListener - After find element
20:22:00.561 INFO  manager.WDListener - Before find element
20:22:00.566 INFO  manager.WDListener - After find element
20:22:01.613 INFO  manager.HelperBase - Number of Contacts after remove---> 5
20:22:01.639 INFO  manager.HelperBase - Number of Contacts before remove---> 4
20:22:01.639 INFO  manager.WDListener - Before find element
20:22:01.646 INFO  manager.WDListener - After find element
20:22:01.672 INFO  manager.WDListener - Before find element
20:22:01.677 INFO  manager.WDListener - After find element
20:22:02.725 INFO  manager.HelperBase - Number of Contacts after remove---> 4
20:22:02.750 INFO  manager.HelperBase - Number of Contacts before remove---> 3
20:22:02.750 INFO  manager.WDListener - Before find element
20:22:02.757 INFO  manager.WDListener - After find element
20:22:02.790 INFO  manager.WDListener - Before find element
20:22:02.796 INFO  manager.WDListener - After find element
20:22:03.837 INFO  manager.HelperBase - Number of Contacts after remove---> 3
20:22:03.858 INFO  manager.HelperBase - Number of Contacts before remove---> 2
20:22:03.858 INFO  manager.WDListener - Before find element
20:22:03.866 INFO  manager.WDListener - After find element
20:22:03.893 INFO  manager.WDListener - Before find element
20:22:03.898 INFO  manager.WDListener - After find element
20:22:04.939 INFO  manager.HelperBase - Number of Contacts after remove---> 2
20:22:04.957 INFO  manager.HelperBase - Number of Contacts before remove---> 1
20:22:04.957 INFO  manager.WDListener - Before find element
20:22:04.965 INFO  manager.WDListener - After find element
20:22:04.993 INFO  manager.WDListener - Before find element
20:22:04.999 INFO  manager.WDListener - After find element
20:22:11.085 INFO  manager.HelperBase - Number of Contacts after remove---> 1
20:22:16.114 INFO  manager.WDListener - Before find element
20:22:16.127 INFO  manager.WDListener - After find element
20:22:16.135 INFO  manager.TestNGListener - Start test: null
20:22:16.136 INFO  tests.TestBase - Name of method ---> removeFirstContact
20:22:22.183 INFO  manager.WDListener - Before find element
20:22:22.204 INFO  manager.WDListener - After find element
20:22:22.247 INFO  manager.WDListener - Before find element
20:22:22.261 INFO  manager.WDListener - After find element
20:22:22.325 INFO  manager.WDListener - Before find element
20:22:22.331 INFO  manager.WDListener - After find element
20:22:22.394 INFO  manager.WDListener - Before find element
20:22:22.401 INFO  manager.WDListener - After find element
20:22:22.465 INFO  manager.WDListener - Before find element
20:22:22.472 INFO  manager.WDListener - After find element
20:22:22.537 INFO  manager.WDListener - Before find element
20:22:22.546 INFO  manager.WDListener - After find element
20:22:22.607 INFO  manager.WDListener - Before find element
20:22:22.613 INFO  manager.WDListener - After find element
20:22:28.681 INFO  manager.WDListener - Before find element
20:22:28.699 INFO  manager.WDListener - After find element
20:22:29.743 INFO  manager.WDListener - Before find element
20:22:29.757 INFO  manager.WDListener - After find element
20:22:29.797 INFO  manager.WDListener - Before find element
20:22:29.804 INFO  manager.WDListener - After find element
20:22:29.868 INFO  manager.WDListener - Before find element
20:22:29.873 INFO  manager.WDListener - After find element
20:22:29.935 INFO  manager.WDListener - Before find element
20:22:29.939 INFO  manager.WDListener - After find element
20:22:30.001 INFO  manager.WDListener - Before find element
20:22:30.005 INFO  manager.WDListener - After find element
20:22:30.068 INFO  manager.WDListener - Before find element
20:22:30.073 INFO  manager.WDListener - After find element
20:22:30.134 INFO  manager.WDListener - Before find element
20:22:30.138 INFO  manager.WDListener - After find element
20:22:36.204 INFO  manager.WDListener - Before find element
20:22:36.218 INFO  manager.WDListener - After find element
20:22:37.256 INFO  manager.WDListener - Before find element
20:22:37.269 INFO  manager.WDListener - After find element
20:22:37.308 INFO  manager.WDListener - Before find element
20:22:37.317 INFO  manager.WDListener - After find element
20:22:37.383 INFO  manager.WDListener - Before find element
20:22:37.388 INFO  manager.WDListener - After find element
20:22:37.450 INFO  manager.WDListener - Before find element
20:22:37.455 INFO  manager.WDListener - After find element
20:22:37.520 INFO  manager.WDListener - Before find element
20:22:37.525 INFO  manager.WDListener - After find element
20:22:37.593 INFO  manager.WDListener - Before find element
20:22:37.597 INFO  manager.WDListener - After find element
20:22:37.660 INFO  manager.WDListener - Before find element
20:22:37.665 INFO  manager.WDListener - After find element
20:22:43.734 INFO  manager.WDListener - Before find element
20:22:43.749 INFO  manager.WDListener - After find element
20:22:43.785 INFO  manager.TestNGListener - Start test: RemoveContactTests.removeFirstContact()[pri:0, instance:tests.RemoveContactTests@76a2ddf3]
20:22:44.472 INFO  manager.HelperBase - Number of Contacts before remove---> 3
20:22:44.472 INFO  manager.WDListener - Before find element
20:22:44.482 INFO  manager.WDListener - After find element
20:22:44.515 INFO  manager.WDListener - Before find element
20:22:44.521 INFO  manager.WDListener - After find element
20:22:45.565 INFO  manager.HelperBase - Number of Contacts after remove---> 3
20:22:45.565 INFO  manager.TestNGListener - Start test: null
20:22:45.567 INFO  manager.TestNGListener - End test: Gradle test
