18:57:11.316 INFO  manager.ApplicationManager - All tests run in ChromeBroweser
18:57:11.511 INFO  manager.WDListener - url-->https://telranedu.web.app/home
18:57:12.250 INFO  manager.ApplicationManager - The link--->https://telranedu.web.app/home
18:57:12.261 INFO  manager.TestNGListener - Start test: Wed Mar 12 18:57:12 IST 2025
18:57:12.275 INFO  tests.TestBase - Name of method ---> loginSuccess
18:57:17.345 INFO  tests.TestBase - Before method finished logout
18:57:17.346 INFO  manager.TestNGListener - Start test: LoginTests.loginSuccess(java.lang.String,java.lang.String)[pri:0, instance:tests.LoginTests@4426bff1]
18:57:17.346 INFO  manager.WDListener - Before find element
18:57:17.365 INFO  manager.WDListener - After find element
18:57:17.403 INFO  manager.WDListener - Before find element
18:57:17.418 INFO  manager.WDListener - After find element
18:57:17.545 INFO  manager.WDListener - Before find element
18:57:17.556 INFO  manager.WDListener - After find element
18:57:17.629 INFO  tests.TestBase - Test data-->sonicboom@gmail.comPassword--->Snow123456!
18:57:17.629 INFO  manager.WDListener - Before find element
18:57:17.641 INFO  manager.WDListener - After find element
18:57:18.617 INFO  tests.TestBase - End
18:57:18.618 INFO  manager.TestNGListener - Start test: null
18:57:18.619 INFO  tests.TestBase - Name of method ---> loginSuccess
18:57:18.629 INFO  manager.WDListener - Before find element
18:57:18.642 INFO  manager.WDListener - After find element
18:57:18.679 INFO  tests.TestBase - Before method finished logout
18:57:18.680 INFO  manager.TestNGListener - Start test: LoginTests.loginSuccess(java.lang.String,java.lang.String)[pri:0, instance:tests.LoginTests@4426bff1]
18:57:18.680 INFO  manager.WDListener - Before find element
18:57:18.689 INFO  manager.WDListener - After find element
18:57:18.716 INFO  manager.WDListener - Before find element
18:57:18.723 INFO  manager.WDListener - After find element
18:57:18.823 INFO  manager.WDListener - Before find element
18:57:18.833 INFO  manager.WDListener - After find element
18:57:18.925 INFO  tests.TestBase - Test data-->sonicboom@gmail.comPassword--->Snow123456!
18:57:18.926 INFO  manager.WDListener - Before find element
18:57:18.935 INFO  manager.WDListener - After find element
18:57:19.247 INFO  tests.TestBase - End
18:57:19.248 INFO  manager.TestNGListener - Start test: null
18:57:19.248 INFO  tests.TestBase - Name of method ---> loginSuccess
18:57:19.259 INFO  manager.WDListener - Before find element
18:57:19.269 INFO  manager.WDListener - After find element
18:57:19.299 INFO  tests.TestBase - Before method finished logout
18:57:19.300 INFO  manager.TestNGListener - Start test: LoginTests.loginSuccess(java.lang.String,java.lang.String)[pri:0, instance:tests.LoginTests@4426bff1]
18:57:19.300 INFO  manager.WDListener - Before find element
18:57:19.309 INFO  manager.WDListener - After find element
18:57:19.334 INFO  manager.WDListener - Before find element
18:57:19.342 INFO  manager.WDListener - After find element
18:57:19.430 INFO  manager.WDListener - Before find element
18:57:19.439 INFO  manager.WDListener - After find element
18:57:19.529 INFO  tests.TestBase - Test data-->sonicboom@gmail.comPassword--->Snow123456!
18:57:19.529 INFO  manager.WDListener - Before find element
18:57:19.538 INFO  manager.WDListener - After find element
18:57:19.852 INFO  tests.TestBase - End
18:57:19.852 INFO  manager.TestNGListener - Start test: null
18:57:19.853 INFO  tests.TestBase - Name of method ---> loginSuccessModelDataProvider
18:57:19.861 INFO  manager.WDListener - Before find element
18:57:19.869 INFO  manager.WDListener - After find element
18:57:19.898 INFO  tests.TestBase - Before method finished logout
18:57:19.898 INFO  manager.TestNGListener - Start test: LoginTests.loginSuccessModelDataProvider(models.User)[pri:0, instance:tests.LoginTests@4426bff1]
18:57:19.899 INFO  tests.TestBase - Test data-->User{, email='sonicboom@gmail.com', password='Snow123456!'}
18:57:19.899 INFO  manager.WDListener - Before find element
18:57:19.908 INFO  manager.WDListener - After find element
18:57:19.933 INFO  manager.WDListener - Before find element
18:57:19.940 INFO  manager.WDListener - After find element
18:57:20.032 INFO  manager.WDListener - Before find element
18:57:20.039 INFO  manager.WDListener - After find element
18:57:20.128 INFO  manager.WDListener - Before find element
18:57:20.137 INFO  manager.WDListener - After find element
18:57:20.456 INFO  manager.TestNGListener - Start test: null
18:57:20.457 INFO  tests.TestBase - Name of method ---> loginSuccessModelDataProvider
18:57:20.465 INFO  manager.WDListener - Before find element
18:57:20.473 INFO  manager.WDListener - After find element
18:57:20.501 INFO  tests.TestBase - Before method finished logout
18:57:20.501 INFO  manager.TestNGListener - Start test: LoginTests.loginSuccessModelDataProvider(models.User)[pri:0, instance:tests.LoginTests@4426bff1]
18:57:20.501 INFO  tests.TestBase - Test data-->User{, email='sonicboom@gmail.com', password='Snow123456!'}
18:57:20.501 INFO  manager.WDListener - Before find element
18:57:20.509 INFO  manager.WDListener - After find element
18:57:20.534 INFO  manager.WDListener - Before find element
18:57:20.541 INFO  manager.WDListener - After find element
18:57:20.631 INFO  manager.WDListener - Before find element
18:57:20.639 INFO  manager.WDListener - After find element
18:57:20.724 INFO  manager.WDListener - Before find element
18:57:20.732 INFO  manager.WDListener - After find element
18:57:21.036 INFO  manager.TestNGListener - Start test: null
18:57:21.037 INFO  tests.TestBase - Name of method ---> loginSuccessModelDataProvider
18:57:21.045 INFO  manager.WDListener - Before find element
18:57:21.052 INFO  manager.WDListener - After find element
18:57:21.081 INFO  tests.TestBase - Before method finished logout
18:57:21.081 INFO  manager.TestNGListener - Start test: LoginTests.loginSuccessModelDataProvider(models.User)[pri:0, instance:tests.LoginTests@4426bff1]
18:57:21.081 INFO  tests.TestBase - Test data-->User{, email='sonicboom@gmail.com', password='Snow123456!'}
18:57:21.081 INFO  manager.WDListener - Before find element
18:57:21.089 INFO  manager.WDListener - After find element
18:57:21.115 INFO  manager.WDListener - Before find element
18:57:21.121 INFO  manager.WDListener - After find element
18:57:21.203 INFO  manager.WDListener - Before find element
18:57:21.211 INFO  manager.WDListener - After find element
18:57:21.294 INFO  manager.WDListener - Before find element
18:57:21.305 INFO  manager.WDListener - After find element
18:57:21.618 INFO  manager.TestNGListener - Start test: null
18:57:21.619 INFO  tests.TestBase - Name of method ---> loginSuccessModelDataproviderCSV
18:57:21.626 INFO  manager.WDListener - Before find element
18:57:21.634 INFO  manager.WDListener - After find element
18:57:21.664 INFO  tests.TestBase - Before method finished logout
18:57:21.664 INFO  manager.TestNGListener - Start test: LoginTests.loginSuccessModelDataproviderCSV(models.User)[pri:0, instance:tests.LoginTests@4426bff1]
18:57:24.670 INFO  tests.TestBase - Test data-->User{, email='sonicboom@gmail.com', password='Snow123456!'}
18:57:24.671 INFO  manager.WDListener - Before find element
18:57:24.675 INFO  manager.WDListener - Huston, we have a problem!!!
18:57:24.675 INFO  manager.WDListener - !!!!!!!!!!!!
18:57:24.676 INFO  manager.WDListener - Object target:ChromeDriver: chrome on mac (0a4d8f068924d63c357eebbd20ae821f)
18:57:24.676 INFO  manager.WDListener - Method name: findElement
18:57:24.677 INFO  manager.WDListener - InvocationTargetException: org.openqa.selenium.NoSuchElementException: Unable to find element with locator By.cssSelector: a[href='/login']
For documentation on this error, please visit: https://www.selenium.dev/documentation/webdriver/troubleshooting/errors#no-such-element-exception
Build info: version: '4.16.1', revision: '9b4c83354e'
System info: os.name: 'Mac OS X', os.arch: 'aarch64', os.version: '13.2', java.version: '17.0.12'
Driver info: driver.version: RemoteWebDriver
18:57:24.677 INFO  manager.WDListener - Screen with error is --->src/test/screenshots/screen_1153.png
18:57:24.685 INFO  manager.TestNGListener - Start test: loginSuccessModelDataproviderCSV
18:57:24.686 INFO  tests.TestBase - Name of method ---> loginSuccessModelDataproviderCSV
18:57:24.688 INFO  manager.WDListener - Huston, we have a problem!!!
18:57:24.688 INFO  manager.WDListener - !!!!!!!!!!!!
18:57:24.688 INFO  manager.WDListener - Object target:ChromeDriver: chrome on mac (0a4d8f068924d63c357eebbd20ae821f)
18:57:24.688 INFO  manager.WDListener - Method name: findElements
18:57:24.688 INFO  manager.WDListener - InvocationTargetException: org.openqa.selenium.NoSuchWindowException: no such window: target window already closed
from unknown error: web view not found
  (Session info: chrome=134.0.6998.45)
Build info: version: '4.16.1', revision: '9b4c83354e'
System info: os.name: 'Mac OS X', os.arch: 'aarch64', os.version: '13.2', java.version: '17.0.12'
Driver info: org.openqa.selenium.chrome.ChromeDriver
Command: [0a4d8f068924d63c357eebbd20ae821f, findElements {using=xpath, value=//button[text()='Sign Out']}]
Capabilities {acceptInsecureCerts: false, browserName: chrome, browserVersion: 134.0.6998.45, chrome: {chromedriverVersion: 134.0.6998.88 (7e3d5c978c6d..., userDataDir: /var/folders/pr/6xtyzzbd321...}, fedcm:accounts: true, goog:chromeOptions: {debuggerAddress: localhost:63689}, networkConnectionEnabled: false, pageLoadStrategy: normal, platformName: mac, proxy: Proxy(), se:cdp: ws://localhost:63689/devtoo..., se:cdpVersion: 134.0.6998.45, setWindowRect: true, strictFileInteractability: false, timeouts: {implicit: 0, pageLoad: 300000, script: 30000}, unhandledPromptBehavior: dismiss and notify, webauthn:extension:credBlob: true, webauthn:extension:largeBlob: true, webauthn:extension:minPinLength: true, webauthn:extension:prf: true, webauthn:virtualAuthenticators: true}
Session ID: 0a4d8f068924d63c357eebbd20ae821f
18:57:24.688 INFO  manager.WDListener - Screen with error is --->src/test/screenshots/screen_1802.png
18:57:24.695 INFO  manager.TestNGListener - Start test: LoginTests.loginSuccessModelDataproviderCSV(models.User)[pri:0, instance:tests.LoginTests@4426bff1]
18:57:24.695 INFO  manager.TestNGListener - Start test: loginSuccessModelDataproviderCSV
18:57:24.696 INFO  manager.TestNGListener - Start test: LoginTests.loginSuccessModelDataproviderCSV(models.User)[pri:0, instance:tests.LoginTests@4426bff1]
18:57:24.696 INFO  manager.TestNGListener - Start test: loginSuccessModelDataproviderCSV
18:57:24.697 INFO  manager.TestNGListener - Start test: LoginTests.loginUnregisteredUser()[pri:0, instance:tests.LoginTests@4426bff1]
18:57:24.697 INFO  manager.TestNGListener - Start test: loginUnregisteredUser
18:57:24.697 INFO  manager.TestNGListener - Start test: LoginTests.loginWrongEmail()[pri:0, instance:tests.LoginTests@4426bff1]
18:57:24.697 INFO  manager.TestNGListener - Start test: loginWrongEmail
18:57:24.697 INFO  manager.TestNGListener - Start test: LoginTests.loginWrongPassword()[pri:0, instance:tests.LoginTests@4426bff1]
18:57:24.698 INFO  manager.TestNGListener - Start test: loginWrongPassword
18:57:24.699 INFO  manager.TestNGListener - End test: Nopackage
