18:31:50.740 INFO  manager.ApplicationManager - All tests run inFirefoxBroweser
18:31:50.970 INFO  manager.WDListener - url-->https://telranedu.web.app/home
18:31:51.684 INFO  manager.ApplicationManager - The link--->https://telranedu.web.app/home
18:31:51.690 INFO  manager.TestNGListener - Start test: Wed Mar 12 18:31:51 IST 2025
18:31:51.702 INFO  tests.TestBase - Name of method ---> loginSuccess
18:31:56.730 INFO  tests.TestBase - Before method finished logout
18:31:56.731 INFO  manager.TestNGListener - Start test: LoginTests.loginSuccess(java.lang.String,java.lang.String)[pri:0, instance:tests.LoginTests@52c3cb31]
18:31:56.731 INFO  manager.WDListener - Before find element
18:31:56.744 INFO  manager.WDListener - After find element
18:31:56.985 INFO  manager.WDListener - Before find element
18:31:57.000 INFO  manager.WDListener - After find element
18:31:57.266 INFO  manager.WDListener - Before find element
18:31:57.274 INFO  manager.WDListener - After find element
18:31:57.509 INFO  tests.TestBase - Test data-->sonicboom@gmail.comPassword--->Snow123456!
18:31:57.509 INFO  manager.WDListener - Before find element
18:31:57.518 INFO  manager.WDListener - After find element
18:31:58.619 INFO  tests.TestBase - End
18:31:58.620 INFO  manager.TestNGListener - Start test: null
18:31:58.621 INFO  tests.TestBase - Name of method ---> loginSuccess
18:31:58.630 INFO  manager.WDListener - Before find element
18:31:58.638 INFO  manager.WDListener - After find element
18:31:58.848 INFO  tests.TestBase - Before method finished logout
18:31:58.849 INFO  manager.TestNGListener - Start test: LoginTests.loginSuccess(java.lang.String,java.lang.String)[pri:0, instance:tests.LoginTests@52c3cb31]
18:31:58.849 INFO  manager.WDListener - Before find element
18:31:58.856 INFO  manager.WDListener - After find element
18:31:59.064 INFO  manager.WDListener - Before find element
18:31:59.071 INFO  manager.WDListener - After find element
18:31:59.306 INFO  manager.WDListener - Before find element
18:31:59.313 INFO  manager.WDListener - After find element
18:31:59.554 INFO  tests.TestBase - Test data-->sonicboom@gmail.comPassword--->Snow123456!
18:31:59.554 INFO  manager.WDListener - Before find element
18:31:59.562 INFO  manager.WDListener - After find element
18:31:59.825 INFO  tests.TestBase - End
18:31:59.825 INFO  manager.TestNGListener - Start test: null
18:31:59.825 INFO  tests.TestBase - Name of method ---> loginSuccess
18:31:59.831 INFO  manager.WDListener - Before find element
18:31:59.837 INFO  manager.WDListener - After find element
18:32:00.045 INFO  tests.TestBase - Before method finished logout
18:32:00.045 INFO  manager.TestNGListener - Start test: LoginTests.loginSuccess(java.lang.String,java.lang.String)[pri:0, instance:tests.LoginTests@52c3cb31]
18:32:00.045 INFO  manager.WDListener - Before find element
18:32:00.053 INFO  manager.WDListener - After find element
18:32:00.261 INFO  manager.WDListener - Before find element
18:32:00.268 INFO  manager.WDListener - After find element
18:32:00.507 INFO  manager.WDListener - Before find element
18:32:00.513 INFO  manager.WDListener - After find element
18:32:00.738 INFO  tests.TestBase - Test data-->sonicboom@gmail.comPassword--->Snow123456!
18:32:00.738 INFO  manager.WDListener - Before find element
18:32:00.743 INFO  manager.WDListener - After find element
18:32:01.005 INFO  tests.TestBase - End
18:32:01.005 INFO  manager.TestNGListener - Start test: null
18:32:01.006 INFO  tests.TestBase - Name of method ---> loginSuccessModelDataProvider
18:32:01.015 INFO  manager.WDListener - Before find element
18:32:01.024 INFO  manager.WDListener - After find element
18:32:01.237 INFO  tests.TestBase - Before method finished logout
18:32:01.237 INFO  manager.TestNGListener - Start test: LoginTests.loginSuccessModelDataProvider(models.User)[pri:0, instance:tests.LoginTests@52c3cb31]
18:32:01.238 INFO  tests.TestBase - Test data-->User{, email='sonicboom@gmail.com', password='Snow123456!'}
18:32:01.238 INFO  manager.WDListener - Before find element
18:32:01.247 INFO  manager.WDListener - After find element
18:32:01.461 INFO  manager.WDListener - Before find element
18:32:01.467 INFO  manager.WDListener - After find element
18:32:01.704 INFO  manager.WDListener - Before find element
18:32:01.710 INFO  manager.WDListener - After find element
18:32:01.932 INFO  manager.WDListener - Before find element
18:32:01.937 INFO  manager.WDListener - After find element
18:32:02.342 INFO  manager.TestNGListener - Start test: null
18:32:02.342 INFO  tests.TestBase - Name of method ---> loginSuccessModelDataProvider
18:32:02.349 INFO  manager.WDListener - Before find element
18:32:02.356 INFO  manager.WDListener - After find element
18:32:02.568 INFO  tests.TestBase - Before method finished logout
18:32:02.568 INFO  manager.TestNGListener - Start test: LoginTests.loginSuccessModelDataProvider(models.User)[pri:0, instance:tests.LoginTests@52c3cb31]
18:32:02.569 INFO  tests.TestBase - Test data-->User{, email='sonicboom@gmail.com', password='Snow123456!'}
18:32:02.569 INFO  manager.WDListener - Before find element
18:32:02.579 INFO  manager.WDListener - After find element
18:32:02.790 INFO  manager.WDListener - Before find element
18:32:02.795 INFO  manager.WDListener - After find element
18:32:03.028 INFO  manager.WDListener - Before find element
18:32:03.034 INFO  manager.WDListener - After find element
18:32:03.284 INFO  manager.WDListener - Before find element
18:32:03.289 INFO  manager.WDListener - After find element
18:32:03.550 INFO  manager.TestNGListener - Start test: null
18:32:03.551 INFO  tests.TestBase - Name of method ---> loginSuccessModelDataProvider
18:32:03.557 INFO  manager.WDListener - Before find element
18:32:03.564 INFO  manager.WDListener - After find element
18:32:03.775 INFO  tests.TestBase - Before method finished logout
18:32:03.775 INFO  manager.TestNGListener - Start test: LoginTests.loginSuccessModelDataProvider(models.User)[pri:0, instance:tests.LoginTests@52c3cb31]
18:32:03.775 INFO  tests.TestBase - Test data-->User{, email='sonicboom@gmail.com', password='Snow123456!'}
18:32:03.775 INFO  manager.WDListener - Before find element
18:32:03.781 INFO  manager.WDListener - After find element
18:32:03.989 INFO  manager.WDListener - Before find element
18:32:03.996 INFO  manager.WDListener - After find element
18:32:04.238 INFO  manager.WDListener - Before find element
18:32:04.242 INFO  manager.WDListener - After find element
18:32:04.472 INFO  manager.WDListener - Before find element
18:32:04.476 INFO  manager.WDListener - After find element
18:32:04.740 INFO  manager.TestNGListener - Start test: null
18:32:04.742 INFO  tests.TestBase - Name of method ---> loginSuccessModelDataproviderCSV
18:32:04.747 INFO  manager.WDListener - Before find element
18:32:04.752 INFO  manager.WDListener - After find element
18:32:04.963 INFO  tests.TestBase - Before method finished logout
18:32:04.964 INFO  manager.TestNGListener - Start test: LoginTests.loginSuccessModelDataproviderCSV(models.User)[pri:0, instance:tests.LoginTests@52c3cb31]
18:32:07.969 INFO  tests.TestBase - Test data-->User{, email='sonicboom@gmail.com', password='Snow123456!'}
18:32:07.970 INFO  manager.WDListener - Before find element
18:32:07.982 INFO  manager.WDListener - After find element
18:32:08.197 INFO  manager.WDListener - Before find element
18:32:08.203 INFO  manager.WDListener - After find element
18:32:08.436 INFO  manager.WDListener - Before find element
18:32:08.441 INFO  manager.WDListener - After find element
18:32:08.664 INFO  manager.WDListener - Before find element
18:32:08.668 INFO  manager.WDListener - After find element
18:32:11.889 INFO  manager.TestNGListener - Start test: null
18:32:11.890 INFO  tests.TestBase - Name of method ---> loginSuccessModelDataproviderCSV
18:32:11.895 INFO  manager.WDListener - Before find element
18:32:11.900 INFO  manager.WDListener - After find element
18:32:12.115 INFO  tests.TestBase - Before method finished logout
18:32:12.115 INFO  manager.TestNGListener - Start test: LoginTests.loginSuccessModelDataproviderCSV(models.User)[pri:0, instance:tests.LoginTests@52c3cb31]
18:32:15.117 INFO  tests.TestBase - Test data-->User{, email='sonicboom@gmail.com', password='Snow123456!'}
18:32:15.118 INFO  manager.WDListener - Before find element
18:32:15.128 INFO  manager.WDListener - After find element
18:32:15.339 INFO  manager.WDListener - Before find element
18:32:15.344 INFO  manager.WDListener - After find element
18:32:15.583 INFO  manager.WDListener - Before find element
18:32:15.587 INFO  manager.WDListener - After find element
18:32:15.815 INFO  manager.WDListener - Before find element
18:32:15.819 INFO  manager.WDListener - After find element
18:32:19.043 INFO  manager.TestNGListener - Start test: null
18:32:19.043 INFO  tests.TestBase - Name of method ---> loginSuccessModelDataproviderCSV
18:32:19.048 INFO  manager.WDListener - Before find element
18:32:19.054 INFO  manager.WDListener - After find element
18:32:19.266 INFO  tests.TestBase - Before method finished logout
18:32:19.267 INFO  manager.TestNGListener - Start test: LoginTests.loginSuccessModelDataproviderCSV(models.User)[pri:0, instance:tests.LoginTests@52c3cb31]
18:32:22.272 INFO  tests.TestBase - Test data-->User{, email='sonicboom@gmail.com', password='Snow123456!'}
18:32:22.273 INFO  manager.WDListener - Before find element
18:32:22.283 INFO  manager.WDListener - After find element
18:32:22.502 INFO  manager.WDListener - Before find element
18:32:22.507 INFO  manager.WDListener - After find element
18:32:22.742 INFO  manager.WDListener - Before find element
18:32:22.746 INFO  manager.WDListener - After find element
18:32:22.975 INFO  manager.WDListener - Before find element
18:32:22.980 INFO  manager.WDListener - After find element
18:32:26.208 INFO  manager.TestNGListener - Start test: null
18:32:26.211 INFO  tests.TestBase - Name of method ---> loginUnregisteredUser
18:32:26.216 INFO  manager.WDListener - Before find element
18:32:26.220 INFO  manager.WDListener - After find element
18:32:26.434 INFO  tests.TestBase - Before method finished logout
18:32:26.435 INFO  manager.TestNGListener - Start test: LoginTests.loginUnregisteredUser()[pri:0, instance:tests.LoginTests@52c3cb31]
18:32:26.435 INFO  tests.TestBase - Test data--> email:sonicboom@gmail.com & password:Snow123456!
18:32:26.435 INFO  manager.WDListener - Before find element
18:32:26.440 INFO  manager.WDListener - After find element
18:32:26.653 INFO  manager.WDListener - Before find element
18:32:26.661 INFO  manager.WDListener - After find element
18:32:26.899 INFO  manager.WDListener - Before find element
18:32:26.903 INFO  manager.WDListener - After find element
18:32:27.131 INFO  manager.WDListener - Before find element
18:32:27.135 INFO  manager.WDListener - After find element
18:32:27.361 INFO  manager.WDListener - Huston, we have a problem!!!
18:32:27.361 INFO  manager.WDListener - !!!!!!!!!!!!
18:32:27.361 INFO  manager.WDListener - Object target:org.openqa.selenium.remote.RemoteWebDriver$RemoteTargetLocator@7c40ffef
18:32:27.361 INFO  manager.WDListener - Method name: alert
18:32:27.362 INFO  manager.WDListener - InvocationTargetException: org.openqa.selenium.NoAlertPresentException: Build info: version: '4.16.1', revision: '9b4c83354e'
System info: os.name: 'Mac OS X', os.arch: 'aarch64', os.version: '13.2', java.version: '17.0.12'
Driver info: org.openqa.selenium.firefox.FirefoxDriver
Command: [a6d46990-d414-4392-9986-321ee6a6bf36, getAlertText {}]
Capabilities {acceptInsecureCerts: true, browserName: firefox, browserVersion: 136.0, moz:accessibilityChecks: false, moz:buildID: 20250227124745, moz:geckodriverVersion: 0.36.0, moz:headless: false, moz:platformVersion: 22.3.0, moz:processID: 52656, moz:profile: /var/folders/pr/6xtyzzbd321..., moz:shutdownTimeout: 60000, moz:webdriverClick: true, moz:windowless: false, pageLoadStrategy: normal, platformName: mac, proxy: Proxy(), setWindowRect: true, strictFileInteractability: false, timeouts: {implicit: 0, pageLoad: 300000, script: 30000}, unhandledPromptBehavior: dismiss and notify, userAgent: Mozilla/5.0 (Macintosh; Int...}
Session ID: a6d46990-d414-4392-9986-321ee6a6bf36
18:32:27.362 INFO  manager.WDListener - Screen with error is --->src/test/screenshots/screen_1550.png
18:32:31.911 INFO  tests.TestBase - Assert check is alert Wrong email or password
18:32:31.911 INFO  manager.TestNGListener - Start test: null
18:32:31.912 INFO  tests.TestBase - Name of method ---> loginWrongEmail
18:32:36.919 INFO  tests.TestBase - Before method finished logout
18:32:36.920 INFO  manager.TestNGListener - Start test: LoginTests.loginWrongEmail()[pri:0, instance:tests.LoginTests@52c3cb31]
18:32:36.920 INFO  tests.TestBase - Test data--> email:sonicboom@gmail.com & password:Snow123456!
18:32:36.920 INFO  manager.WDListener - Before find element
18:32:36.927 INFO  manager.WDListener - After find element
18:32:37.142 INFO  manager.WDListener - Before find element
18:32:37.150 INFO  manager.WDListener - After find element
18:32:37.390 INFO  manager.WDListener - Before find element
18:32:37.397 INFO  manager.WDListener - After find element
18:32:37.628 INFO  manager.WDListener - Before find element
18:32:37.632 INFO  manager.WDListener - After find element
18:32:37.843 INFO  manager.WDListener - Huston, we have a problem!!!
18:32:37.843 INFO  manager.WDListener - !!!!!!!!!!!!
18:32:37.843 INFO  manager.WDListener - Object target:org.openqa.selenium.remote.RemoteWebDriver$RemoteTargetLocator@27dc627a
18:32:37.843 INFO  manager.WDListener - Method name: alert
18:32:37.843 INFO  manager.WDListener - InvocationTargetException: org.openqa.selenium.NoAlertPresentException: Build info: version: '4.16.1', revision: '9b4c83354e'
System info: os.name: 'Mac OS X', os.arch: 'aarch64', os.version: '13.2', java.version: '17.0.12'
Driver info: org.openqa.selenium.firefox.FirefoxDriver
Command: [a6d46990-d414-4392-9986-321ee6a6bf36, getAlertText {}]
Capabilities {acceptInsecureCerts: true, browserName: firefox, browserVersion: 136.0, moz:accessibilityChecks: false, moz:buildID: 20250227124745, moz:geckodriverVersion: 0.36.0, moz:headless: false, moz:platformVersion: 22.3.0, moz:processID: 52656, moz:profile: /var/folders/pr/6xtyzzbd321..., moz:shutdownTimeout: 60000, moz:webdriverClick: true, moz:windowless: false, pageLoadStrategy: normal, platformName: mac, proxy: Proxy(), setWindowRect: true, strictFileInteractability: false, timeouts: {implicit: 0, pageLoad: 300000, script: 30000}, unhandledPromptBehavior: dismiss and notify, userAgent: Mozilla/5.0 (Macintosh; Int...}
Session ID: a6d46990-d414-4392-9986-321ee6a6bf36
18:32:37.843 INFO  manager.WDListener - Screen with error is --->src/test/screenshots/screen_1020.png
18:32:42.377 INFO  tests.TestBase - Assert check is alert Wrong email or password
18:32:42.378 INFO  manager.TestNGListener - Start test: null
18:32:42.378 INFO  tests.TestBase - Name of method ---> loginWrongPassword
18:32:47.384 INFO  tests.TestBase - Before method finished logout
18:32:47.385 INFO  manager.TestNGListener - Start test: LoginTests.loginWrongPassword()[pri:0, instance:tests.LoginTests@52c3cb31]
18:32:47.385 INFO  tests.TestBase - Test data--> email:sonicboom@gmail.com & password:Snow123456
18:32:47.385 INFO  manager.WDListener - Before find element
18:32:47.393 INFO  manager.WDListener - After find element
18:32:47.606 INFO  manager.WDListener - Before find element
18:32:47.614 INFO  manager.WDListener - After find element
18:32:47.848 INFO  manager.WDListener - Before find element
18:32:47.852 INFO  manager.WDListener - After find element
18:32:48.081 INFO  manager.WDListener - Before find element
18:32:48.086 INFO  manager.WDListener - After find element
18:32:48.304 INFO  manager.WDListener - Huston, we have a problem!!!
18:32:48.304 INFO  manager.WDListener - !!!!!!!!!!!!
18:32:48.304 INFO  manager.WDListener - Object target:org.openqa.selenium.remote.RemoteWebDriver$RemoteTargetLocator@79afa369
18:32:48.304 INFO  manager.WDListener - Method name: alert
18:32:48.304 INFO  manager.WDListener - InvocationTargetException: org.openqa.selenium.NoAlertPresentException: Build info: version: '4.16.1', revision: '9b4c83354e'
System info: os.name: 'Mac OS X', os.arch: 'aarch64', os.version: '13.2', java.version: '17.0.12'
Driver info: org.openqa.selenium.firefox.FirefoxDriver
Command: [a6d46990-d414-4392-9986-321ee6a6bf36, getAlertText {}]
Capabilities {acceptInsecureCerts: true, browserName: firefox, browserVersion: 136.0, moz:accessibilityChecks: false, moz:buildID: 20250227124745, moz:geckodriverVersion: 0.36.0, moz:headless: false, moz:platformVersion: 22.3.0, moz:processID: 52656, moz:profile: /var/folders/pr/6xtyzzbd321..., moz:shutdownTimeout: 60000, moz:webdriverClick: true, moz:windowless: false, pageLoadStrategy: normal, platformName: mac, proxy: Proxy(), setWindowRect: true, strictFileInteractability: false, timeouts: {implicit: 0, pageLoad: 300000, script: 30000}, unhandledPromptBehavior: dismiss and notify, userAgent: Mozilla/5.0 (Macintosh; Int...}
Session ID: a6d46990-d414-4392-9986-321ee6a6bf36
18:32:48.304 INFO  manager.WDListener - Screen with error is --->src/test/screenshots/screen_1046.png
18:32:52.844 INFO  tests.TestBase - Assert check is alert Wrong email or password
18:32:52.844 INFO  manager.TestNGListener - Start test: null
18:32:52.846 INFO  tests.TestBase - Name of method ---> registrationEmptyEmail
18:32:57.861 INFO  manager.TestNGListener - Start test: RegistrationTest.registrationEmptyEmail()[pri:0, instance:tests.RegistrationTest@29a0cdb]
18:32:57.862 INFO  manager.WDListener - Before find element
18:32:57.868 INFO  manager.WDListener - After find element
18:32:58.083 INFO  manager.WDListener - Before find element
18:32:58.091 INFO  manager.WDListener - After find element
18:32:58.321 INFO  manager.WDListener - Before find element
18:32:58.325 INFO  manager.WDListener - After find element
18:32:58.553 INFO  manager.WDListener - Before find element
18:32:58.557 INFO  manager.WDListener - After find element
18:33:10.795 INFO  manager.TestNGListener - Start test: null
18:33:10.796 INFO  tests.TestBase - Name of method ---> registrationEmptyPassword
18:33:15.814 INFO  manager.TestNGListener - Start test: RegistrationTest.registrationEmptyPassword()[pri:0, instance:tests.RegistrationTest@29a0cdb]
18:33:15.815 INFO  manager.WDListener - Before find element
18:33:15.823 INFO  manager.WDListener - After find element
18:33:16.036 INFO  manager.WDListener - Before find element
18:33:16.042 INFO  manager.WDListener - After find element
18:33:16.276 INFO  manager.WDListener - Before find element
18:33:16.281 INFO  manager.WDListener - After find element
18:33:16.504 INFO  manager.WDListener - Before find element
18:33:16.507 INFO  manager.WDListener - After find element
18:33:20.726 INFO  manager.TestNGListener - Start test: null
18:33:20.727 INFO  tests.TestBase - Name of method ---> registrationExistUser
18:33:25.743 INFO  manager.TestNGListener - Start test: RegistrationTest.registrationExistUser()[pri:0, instance:tests.RegistrationTest@29a0cdb]
18:33:25.743 INFO  manager.WDListener - Before find element
18:33:25.750 INFO  manager.WDListener - After find element
18:33:25.963 INFO  manager.WDListener - Before find element
18:33:25.972 INFO  manager.WDListener - After find element
18:33:26.201 INFO  manager.WDListener - Before find element
18:33:26.205 INFO  manager.WDListener - After find element
18:33:26.433 INFO  manager.WDListener - Before find element
18:33:26.437 INFO  manager.WDListener - After find element
18:33:30.677 INFO  manager.TestNGListener - Start test: null
18:33:30.678 INFO  tests.TestBase - Name of method ---> registrationSuccess
18:33:35.693 INFO  manager.TestNGListener - Start test: RegistrationTest.registrationSuccess()[pri:0, instance:tests.RegistrationTest@29a0cdb]
18:33:35.694 INFO  manager.WDListener - Before find element
18:33:35.701 INFO  manager.WDListener - After find element
18:33:35.914 INFO  manager.WDListener - Before find element
18:33:35.922 INFO  manager.WDListener - After find element
18:33:36.156 INFO  manager.WDListener - Before find element
18:33:36.160 INFO  manager.WDListener - After find element
18:33:36.385 INFO  manager.WDListener - Before find element
18:33:36.391 INFO  manager.WDListener - After find element
18:33:36.694 INFO  manager.WDListener - Before find element
18:33:36.867 INFO  manager.WDListener - After find element
18:33:36.874 INFO  manager.TestNGListener - Start test: null
18:33:36.874 INFO  tests.TestBase - Name of method ---> registrationWrongEmail
18:33:36.879 INFO  manager.WDListener - Before find element
18:33:36.883 INFO  manager.WDListener - After find element
18:33:37.112 INFO  manager.TestNGListener - Start test: RegistrationTest.registrationWrongEmail()[pri:0, instance:tests.RegistrationTest@29a0cdb]
18:33:37.112 INFO  manager.WDListener - Before find element
18:33:37.117 INFO  manager.WDListener - After find element
18:33:37.329 INFO  manager.WDListener - Before find element
18:33:37.335 INFO  manager.WDListener - After find element
18:33:37.566 INFO  manager.WDListener - Before find element
18:33:37.570 INFO  manager.WDListener - After find element
18:33:37.796 INFO  manager.WDListener - Before find element
18:33:37.800 INFO  manager.WDListener - After find element
18:33:43.010 INFO  manager.TestNGListener - Start test: null
18:33:43.011 INFO  tests.TestBase - Name of method ---> registrationWrongPassword
18:33:48.025 INFO  manager.TestNGListener - Start test: RegistrationTest.registrationWrongPassword()[pri:0, instance:tests.RegistrationTest@29a0cdb]
18:33:48.026 INFO  manager.WDListener - Before find element
18:33:48.034 INFO  manager.WDListener - After find element
18:33:48.246 INFO  manager.WDListener - Before find element
18:33:48.254 INFO  manager.WDListener - After find element
18:33:48.482 INFO  manager.WDListener - Before find element
18:33:48.486 INFO  manager.WDListener - After find element
18:33:48.709 INFO  manager.WDListener - Before find element
18:33:48.713 INFO  manager.WDListener - After find element
18:33:52.910 INFO  manager.TestNGListener - Start test: null
18:33:52.911 INFO  manager.TestNGListener - End test: Nopackage
